2024-11-26 22:33:46.952 [info] [main] Log level: Info
2024-11-26 22:33:46.952 [info] [main] Validating found git in: "git"
2024-11-26 22:33:46.952 [info] [main] Using git "2.47.1" from "git"
2024-11-26 22:33:46.952 [info] [Model][doInitialScan] Initial repository scan started
2024-11-26 22:33:46.952 [info] > git rev-parse --show-toplevel [7ms]
2024-11-26 22:33:46.952 [info] fatal: not a git repository (or any of the parent directories): .git
2024-11-26 22:33:46.952 [info] > git rev-parse --show-toplevel [8ms]
2024-11-26 22:33:46.952 [info] fatal: not a git repository (or any of the parent directories): .git
2024-11-26 22:33:46.952 [info] > git rev-parse --show-toplevel [3ms]
2024-11-26 22:33:46.952 [info] fatal: not a git repository (or any of the parent directories): .git
2024-11-26 22:33:46.953 [info] > git rev-parse --show-toplevel [2ms]
2024-11-26 22:33:46.953 [info] fatal: not a git repository (or any of the parent directories): .git
2024-11-26 22:33:46.959 [info] > git rev-parse --show-toplevel [1ms]
2024-11-26 22:33:46.959 [info] fatal: not a git repository (or any of the parent directories): .git
2024-11-26 22:33:46.965 [info] > git rev-parse --show-toplevel [1ms]
2024-11-26 22:33:46.965 [info] fatal: not a git repository (or any of the parent directories): .git
2024-11-26 22:33:46.970 [info] > git rev-parse --show-toplevel [1ms]
2024-11-26 22:33:46.970 [info] fatal: not a git repository (or any of the parent directories): .git
2024-11-26 22:33:46.976 [info] > git rev-parse --show-toplevel [1ms]
2024-11-26 22:33:46.976 [info] fatal: not a git repository (or any of the parent directories): .git
2024-11-26 22:33:46.981 [info] > git rev-parse --show-toplevel [1ms]
2024-11-26 22:33:46.981 [info] fatal: not a git repository (or any of the parent directories): .git
2024-11-26 22:33:46.987 [info] > git rev-parse --show-toplevel [1ms]
2024-11-26 22:33:46.987 [info] fatal: not a git repository (or any of the parent directories): .git
2024-11-26 22:33:46.994 [info] > git rev-parse --show-toplevel [1ms]
2024-11-26 22:33:46.994 [info] fatal: not a git repository (or any of the parent directories): .git
2024-11-26 22:33:46.999 [info] > git rev-parse --show-toplevel [1ms]
2024-11-26 22:33:46.999 [info] fatal: not a git repository (or any of the parent directories): .git
2024-11-26 22:33:47.004 [info] > git rev-parse --show-toplevel [1ms]
2024-11-26 22:33:47.004 [info] fatal: not a git repository (or any of the parent directories): .git
2024-11-26 22:33:47.010 [info] > git rev-parse --show-toplevel [1ms]
2024-11-26 22:33:47.010 [info] fatal: not a git repository (or any of the parent directories): .git
2024-11-26 22:33:47.015 [info] > git rev-parse --show-toplevel [1ms]
2024-11-26 22:33:47.015 [info] fatal: not a git repository (or any of the parent directories): .git
2024-11-26 22:33:47.023 [info] > git rev-parse --show-toplevel [2ms]
2024-11-26 22:33:47.023 [info] fatal: not a git repository (or any of the parent directories): .git
2024-11-26 22:33:47.023 [info] [Model][doInitialScan] Initial repository scan completed - repositories (0), closed repositories (0), parent repositories (0), unsafe repositories (0)
2024-11-26 22:33:48.656 [info] > git rev-parse --show-toplevel [1ms]
2024-11-26 22:33:48.656 [info] fatal: not a git repository (or any of the parent directories): .git
2024-11-26 22:33:49.272 [info] > git rev-parse --show-toplevel [3ms]
2024-11-26 22:33:49.272 [info] fatal: not a git repository (or any of the parent directories): .git
2024-11-26 22:33:50.912 [info] > git rev-parse --show-toplevel [2ms]
2024-11-26 22:33:50.912 [info] fatal: not a git repository (or any of the parent directories): .git
