2024-11-27 01:34:00.431 [info] [main] Log level: Info
2024-11-27 01:34:00.431 [info] [main] Validating found git in: "git"
2024-11-27 01:34:00.431 [info] [main] Using git "2.47.1" from "git"
2024-11-27 01:34:00.431 [info] [Model][doInitialScan] Initial repository scan started
2024-11-27 01:34:00.431 [info] > git rev-parse --show-toplevel [1ms]
2024-11-27 01:34:00.431 [info] fatal: not a git repository (or any of the parent directories): .git
2024-11-27 01:34:00.431 [info] > git rev-parse --show-toplevel [4ms]
2024-11-27 01:34:00.431 [info] fatal: not a git repository (or any of the parent directories): .git
2024-11-27 01:34:00.442 [info] > git rev-parse --show-toplevel [0ms]
2024-11-27 01:34:00.442 [info] fatal: not a git repository (or any of the parent directories): .git
2024-11-27 01:34:00.448 [info] > git rev-parse --show-toplevel [1ms]
2024-11-27 01:34:00.448 [info] fatal: not a git repository (or any of the parent directories): .git
2024-11-27 01:34:00.452 [info] > git rev-parse --show-toplevel [1ms]
2024-11-27 01:34:00.452 [info] fatal: not a git repository (or any of the parent directories): .git
2024-11-27 01:34:00.456 [info] > git rev-parse --show-toplevel [0ms]
2024-11-27 01:34:00.457 [info] fatal: not a git repository (or any of the parent directories): .git
2024-11-27 01:34:00.461 [info] > git rev-parse --show-toplevel [1ms]
2024-11-27 01:34:00.461 [info] fatal: not a git repository (or any of the parent directories): .git
2024-11-27 01:34:00.467 [info] > git rev-parse --show-toplevel [2ms]
2024-11-27 01:34:00.467 [info] fatal: not a git repository (or any of the parent directories): .git
2024-11-27 01:34:00.471 [info] > git rev-parse --show-toplevel [1ms]
2024-11-27 01:34:00.471 [info] fatal: not a git repository (or any of the parent directories): .git
2024-11-27 01:34:00.476 [info] > git rev-parse --show-toplevel [1ms]
2024-11-27 01:34:00.476 [info] fatal: not a git repository (or any of the parent directories): .git
2024-11-27 01:34:00.480 [info] > git rev-parse --show-toplevel [1ms]
2024-11-27 01:34:00.480 [info] fatal: not a git repository (or any of the parent directories): .git
2024-11-27 01:34:00.486 [info] > git rev-parse --show-toplevel [1ms]
2024-11-27 01:34:00.486 [info] fatal: not a git repository (or any of the parent directories): .git
2024-11-27 01:34:00.490 [info] > git rev-parse --show-toplevel [0ms]
2024-11-27 01:34:00.490 [info] fatal: not a git repository (or any of the parent directories): .git
2024-11-27 01:34:00.496 [info] > git rev-parse --show-toplevel [1ms]
2024-11-27 01:34:00.496 [info] fatal: not a git repository (or any of the parent directories): .git
2024-11-27 01:34:00.502 [info] > git rev-parse --show-toplevel [1ms]
2024-11-27 01:34:00.502 [info] fatal: not a git repository (or any of the parent directories): .git
2024-11-27 01:34:00.506 [info] > git rev-parse --show-toplevel [1ms]
2024-11-27 01:34:00.506 [info] fatal: not a git repository (or any of the parent directories): .git
2024-11-27 01:34:00.510 [info] > git rev-parse --show-toplevel [1ms]
2024-11-27 01:34:00.510 [info] fatal: not a git repository (or any of the parent directories): .git
2024-11-27 01:34:00.513 [info] > git rev-parse --show-toplevel [0ms]
2024-11-27 01:34:00.513 [info] fatal: not a git repository (or any of the parent directories): .git
2024-11-27 01:34:00.518 [info] > git rev-parse --show-toplevel [1ms]
2024-11-27 01:34:00.518 [info] fatal: not a git repository (or any of the parent directories): .git
2024-11-27 01:34:00.518 [info] [Model][doInitialScan] Initial repository scan completed - repositories (0), closed repositories (0), parent repositories (0), unsafe repositories (0)
2024-11-27 01:34:02.376 [info] > git rev-parse --show-toplevel [1ms]
2024-11-27 01:34:02.376 [info] fatal: not a git repository (or any of the parent directories): .git
2024-11-27 01:34:03.768 [info] > git rev-parse --show-toplevel [2ms]
2024-11-27 01:34:03.768 [info] fatal: not a git repository (or any of the parent directories): .git
2024-11-27 01:34:07.237 [info] > git rev-parse --show-toplevel [1ms]
2024-11-27 01:34:07.237 [info] fatal: not a git repository (or any of the parent directories): .git
2024-11-27 01:51:19.984 [info] > git rev-parse --show-toplevel [2ms]
2024-11-27 01:51:19.984 [info] fatal: not a git repository (or any of the parent directories): .git
