2024-11-27 03:30:48.979 [info] Added views:outline in workbench.view.explorer
2024-11-27 03:30:48.979 [info] Added views:workbench.view.search in workbench.view.search
2024-11-27 03:30:48.979 [info] Added views:workbench.scm in workbench.view.scm
2024-11-27 03:30:48.979 [info] Added views:workbench.panel.markers.view in workbench.panel.markers
2024-11-27 03:30:48.979 [info] Added views:workbench.panel.output in workbench.panel.output
2024-11-27 03:30:48.979 [info] Added views:terminal in terminal
2024-11-27 03:30:48.979 [info] Added views:timeline in workbench.view.explorer
2024-11-27 03:30:48.979 [info] Added views:workbench.explorer.fileView in workbench.view.explorer
2024-11-27 03:30:49.222 [info] Added views:workbench.debug.welcome in workbench.view.debug
2024-11-27 03:30:49.611 [info] Added views:workbench.panel.repl.view in workbench.panel.repl
2024-11-27 03:30:49.864 [info] Added views:~remote.forwardedPorts in ~remote.forwardedPortsContainer
2024-11-27 03:45:29.426 [info] Added views:workbench.views.extensions.installed,workbench.views.extensions.popular,extensions.recommendedList in workbench.view.extensions
2024-11-27 03:45:29.428 [info] Removed views:workbench.views.extensions.popular from workbench.view.extensions
2024-11-27 03:45:29.592 [info] Added views:workbench.views.extensions.popular in workbench.view.extensions
2024-11-27 03:45:32.950 [info] Removed views:extensions.recommendedList,workbench.views.extensions.popular,workbench.views.extensions.installed from workbench.view.extensions
2024-11-27 03:45:32.957 [info] Added views:workbench.views.extensions.marketplace in workbench.view.extensions
2024-11-27 03:46:59.518 [info] Removed views:workbench.views.extensions.marketplace from workbench.view.extensions
2024-11-27 03:46:59.536 [info] Added views:workbench.views.extensions.installed,workbench.views.extensions.popular,extensions.recommendedList in workbench.view.extensions
2024-11-27 03:47:35.061 [info] Removed views:extensions.recommendedList,workbench.views.extensions.popular,workbench.views.extensions.installed from workbench.view.extensions
2024-11-27 03:47:35.074 [info] Added views:workbench.views.extensions.marketplace in workbench.view.extensions
2024-11-27 04:18:44.914 [info] Added views:workbench.scm.history in workbench.view.scm
2024-11-27 04:29:08.816 [info] Removed views:workbench.scm.history from workbench.view.scm
