2024-11-27T01:38:01.713Z 0: 

----------------------------------------------
2024-11-27T01:38:01.722Z 1: Discord starting: {"releaseChannel":"stable","version":"0.0.76"}, modulepath: /home/curator/.config/discord/0.0.76/modules
2024-11-27T01:38:01.730Z 2: ✅ webContents.created web1 ""
2024-11-27T01:38:01.735Z 3: ✅ window.created win1 "discord"
2024-11-27T01:38:02.008Z 4: ✅ webContents.did-finish-load web1
2024-11-27T01:38:06.625Z 5: ✅ webContents.created web2 ""
2024-11-27T01:38:06.637Z 6: ✅ window.created win2 "Discord"
2024-11-27T01:38:08.624Z 7: ✅ webContents.did-finish-load web2
2024-11-27T01:38:08.725Z 8: window.close win1
2024-11-27T01:38:09.117Z 9: webContents.destroyed web1
2024-11-27T01:38:09.121Z 10: window.closed win1
2024-11-27T02:14:12.838Z 0: 

----------------------------------------------
2024-11-27T02:14:12.853Z 1: Discord starting: {"releaseChannel":"stable","version":"0.0.76"}, modulepath: /home/curator/.config/discord/0.0.76/modules
2024-11-27T02:14:12.860Z 2: ✅ webContents.created web1 ""
2024-11-27T02:14:12.866Z 3: ✅ window.created win1 "discord"
2024-11-27T02:14:13.234Z 4: ✅ webContents.did-finish-load web1
2024-11-27T02:14:13.390Z 5: ✅ webContents.created web2 ""
2024-11-27T02:14:13.406Z 6: ✅ window.created win2 "Discord"
2024-11-27T02:14:16.327Z 7: ✅ webContents.did-finish-load web2
2024-11-27T02:14:16.429Z 8: window.close win1
2024-11-27T02:14:16.465Z 9: webContents.destroyed web1
2024-11-27T02:14:16.469Z 10: window.closed win1
2024-11-27T03:15:07.891Z 11: before-quit
2024-11-27T03:42:59.351Z 0: 

----------------------------------------------
2024-11-27T03:42:59.363Z 1: Discord starting: {"releaseChannel":"stable","version":"0.0.76"}, modulepath: /home/curator/.config/discord/0.0.76/modules
2024-11-27T03:42:59.370Z 2: ✅ webContents.created web1 ""
2024-11-27T03:42:59.373Z 3: ✅ window.created win1 "discord"
2024-11-27T03:42:59.724Z 4: ✅ webContents.did-finish-load web1
2024-11-27T03:42:59.934Z 5: ✅ webContents.created web2 ""
2024-11-27T03:42:59.947Z 6: ✅ window.created win2 "Discord"
2024-11-27T03:43:02.740Z 7: ✅ webContents.did-finish-load web2
2024-11-27T03:43:02.842Z 8: window.close win1
2024-11-27T03:43:02.852Z 9: webContents.destroyed web1
2024-11-27T03:43:02.856Z 10: window.closed win1
2024-11-27T04:15:10.919Z 11: window.close win2
