[2024-Nov-27 01:38:09.362 +00:00][102444:102444][info ] Logging initialized
[2024-Nov-27 01:38:09.362 +00:00][102444:102444][info ] Initializing krisp SDK...
[2024-Nov-27 01:38:09.363 +00:00][102444:102444][info ] DoKrispInitialize
[2024-Nov-27 01:38:09.742 +00:00][102444:102444][info ] LoadDynamicKrisp
[2024-Nov-27 01:38:09.742 +00:00][102444:102444][info ] Did not find KRISP_DYLIB_PATH, skipping dynamic loading
[2024-Nov-27 01:38:09.742 +00:00][102444:102444][info ] Initializing Krisp SDK in PID 102444, addr 0x77f1c53906f0
[2024-Nov-27 01:38:09.950 +00:00][102444:102444][info ] Initialized Krisp SDK successfully
[2024-Nov-27 01:38:09.950 +00:00][102444:102444][info ] Krisp SDK initialized
[2024-Nov-27 02:14:14.996 +00:00][ 3315: 3315][info ] Logging initialized
[2024-Nov-27 02:14:14.996 +00:00][ 3315: 3315][info ] Initializing krisp SDK...
[2024-Nov-27 02:14:14.996 +00:00][ 3315: 3315][info ] DoKrispInitialize
[2024-Nov-27 02:14:15.402 +00:00][ 3315: 3315][info ] LoadDynamicKrisp
[2024-Nov-27 02:14:15.402 +00:00][ 3315: 3315][info ] Did not find KRISP_DYLIB_PATH, skipping dynamic loading
[2024-Nov-27 02:14:15.402 +00:00][ 3315: 3315][info ] Initializing Krisp SDK in PID 3315, addr 0x71859cf906f0
[2024-Nov-27 02:14:15.618 +00:00][ 3315: 3315][info ] Initialized Krisp SDK successfully
[2024-Nov-27 02:14:15.618 +00:00][ 3315: 3315][info ] Krisp SDK initialized
[2024-Nov-27 03:43:01.329 +00:00][ 3645: 3645][info ] Logging initialized
[2024-Nov-27 03:43:01.329 +00:00][ 3645: 3645][info ] Initializing krisp SDK...
[2024-Nov-27 03:43:01.329 +00:00][ 3645: 3645][info ] DoKrispInitialize
[2024-Nov-27 03:43:01.728 +00:00][ 3645: 3645][info ] LoadDynamicKrisp
[2024-Nov-27 03:43:01.728 +00:00][ 3645: 3645][info ] Did not find KRISP_DYLIB_PATH, skipping dynamic loading
[2024-Nov-27 03:43:01.728 +00:00][ 3645: 3645][info ] Initializing Krisp SDK in PID 3645, addr 0x7efd41b906f0
[2024-Nov-27 03:43:01.943 +00:00][ 3645: 3645][info ] Initialized Krisp SDK successfully
[2024-Nov-27 03:43:01.943 +00:00][ 3645: 3645][info ] Krisp SDK initialized
