2024-11-27T01:38:01.676Z [Modules] Modules initializing
2024-11-27T01:38:01.676Z [Modules] Distribution: remote
2024-11-27T01:38:01.676Z [Modules] Host updates: enabled
2024-11-27T01:38:01.676Z [Modules] Module updates: enabled
2024-11-27T01:38:01.676Z [Modules] Module install path: /home/curator/.config/discord/0.0.76/modules
2024-11-27T01:38:01.676Z [Modules] Module installed file path: /home/curator/.config/discord/0.0.76/modules/installed.json
2024-11-27T01:38:01.676Z [Modules] Module download path: /home/curator/.config/discord/0.0.76/modules/pending
2024-11-27T01:38:01.887Z [Modules] Bootstrapping...
2024-11-27T01:38:01.887Z [Modules] Installing discord_desktop_core@0 from /opt/discord/resources/bootstrap/discord_desktop_core.zip
2024-11-27T01:38:01.890Z [Modules] Failed installing discord_desktop_core@0: Error: ENOENT: no such file or directory, open '/opt/discord/resources/bootstrap/discord_desktop_core.zip'
2024-11-27T01:38:01.890Z [Modules] Installing discord_erlpack@0 from /opt/discord/resources/bootstrap/discord_erlpack.zip
2024-11-27T01:38:01.891Z [Modules] Failed installing discord_erlpack@0: Error: ENOENT: no such file or directory, open '/opt/discord/resources/bootstrap/discord_erlpack.zip'
2024-11-27T01:38:01.891Z [Modules] Installing discord_spellcheck@0 from /opt/discord/resources/bootstrap/discord_spellcheck.zip
2024-11-27T01:38:01.892Z [Modules] Failed installing discord_spellcheck@0: Error: ENOENT: no such file or directory, open '/opt/discord/resources/bootstrap/discord_spellcheck.zip'
2024-11-27T01:38:01.892Z [Modules] Installing discord_utils@0 from /opt/discord/resources/bootstrap/discord_utils.zip
2024-11-27T01:38:01.894Z [Modules] Failed installing discord_utils@0: Error: ENOENT: no such file or directory, open '/opt/discord/resources/bootstrap/discord_utils.zip'
2024-11-27T01:38:01.894Z [Modules] Installing discord_voice@0 from /opt/discord/resources/bootstrap/discord_voice.zip
2024-11-27T01:38:01.895Z [Modules] Failed installing discord_voice@0: Error: ENOENT: no such file or directory, open '/opt/discord/resources/bootstrap/discord_voice.zip'
2024-11-27T01:38:01.895Z [Modules] Installing discord_zstd@0 from /opt/discord/resources/bootstrap/discord_zstd.zip
2024-11-27T01:38:01.896Z [Modules] Failed installing discord_zstd@0: Error: ENOENT: no such file or directory, open '/opt/discord/resources/bootstrap/discord_zstd.zip'
2024-11-27T01:38:01.896Z [Modules] Finished module installations. [success: 0] [failure: 6]
2024-11-27T01:38:01.896Z [Modules] Checking for host updates.
2024-11-27T01:38:02.119Z [Modules] Host is up to date.
2024-11-27T01:38:02.119Z [Modules] Checking for module updates at https://discord.com/api/modules/stable/versions.json
2024-11-27T01:38:02.139Z [Modules] Module update available: discord_desktop_core@1 [installed: 0]
2024-11-27T01:38:02.139Z [Modules] Module update available: discord_erlpack@1 [installed: 0]
2024-11-27T01:38:02.139Z [Modules] Module update available: discord_spellcheck@1 [installed: 0]
2024-11-27T01:38:02.139Z [Modules] Module update available: discord_utils@1 [installed: 0]
2024-11-27T01:38:02.139Z [Modules] Module update available: discord_voice@1 [installed: 0]
2024-11-27T01:38:02.139Z [Modules] Module update available: discord_zstd@1 [installed: 0]
2024-11-27T01:38:02.140Z [Modules] Fetching discord_desktop_core@1 from https://discord.com/api/modules/stable/discord_desktop_core/1
2024-11-27T01:38:02.140Z [Modules] Streaming discord_desktop_core@1 to /home/curator/.config/discord/0.0.76/modules/pending/discord_desktop_core-1.zip
2024-11-27T01:38:02.484Z [Modules] Streaming discord_desktop_core@1 to /home/curator/.config/discord/0.0.76/modules/pending/discord_desktop_core-1.zip: 1%
2024-11-27T01:38:02.489Z [Modules] Streaming discord_desktop_core@1 to /home/curator/.config/discord/0.0.76/modules/pending/discord_desktop_core-1.zip: 2%
2024-11-27T01:38:02.500Z [Modules] Streaming discord_desktop_core@1 to /home/curator/.config/discord/0.0.76/modules/pending/discord_desktop_core-1.zip: 3%
2024-11-27T01:38:02.504Z [Modules] Streaming discord_desktop_core@1 to /home/curator/.config/discord/0.0.76/modules/pending/discord_desktop_core-1.zip: 4%
2024-11-27T01:38:02.506Z [Modules] Streaming discord_desktop_core@1 to /home/curator/.config/discord/0.0.76/modules/pending/discord_desktop_core-1.zip: 5%
2024-11-27T01:38:02.513Z [Modules] Streaming discord_desktop_core@1 to /home/curator/.config/discord/0.0.76/modules/pending/discord_desktop_core-1.zip: 6%
2024-11-27T01:38:02.515Z [Modules] Streaming discord_desktop_core@1 to /home/curator/.config/discord/0.0.76/modules/pending/discord_desktop_core-1.zip: 7%
2024-11-27T01:38:02.518Z [Modules] Streaming discord_desktop_core@1 to /home/curator/.config/discord/0.0.76/modules/pending/discord_desktop_core-1.zip: 8%
2024-11-27T01:38:02.521Z [Modules] Streaming discord_desktop_core@1 to /home/curator/.config/discord/0.0.76/modules/pending/discord_desktop_core-1.zip: 9%
2024-11-27T01:38:02.523Z [Modules] Streaming discord_desktop_core@1 to /home/curator/.config/discord/0.0.76/modules/pending/discord_desktop_core-1.zip: 10%
2024-11-27T01:38:02.525Z [Modules] Streaming discord_desktop_core@1 to /home/curator/.config/discord/0.0.76/modules/pending/discord_desktop_core-1.zip: 11%
2024-11-27T01:38:02.532Z [Modules] Streaming discord_desktop_core@1 to /home/curator/.config/discord/0.0.76/modules/pending/discord_desktop_core-1.zip: 14%
2024-11-27T01:38:02.535Z [Modules] Streaming discord_desktop_core@1 to /home/curator/.config/discord/0.0.76/modules/pending/discord_desktop_core-1.zip: 17%
2024-11-27T01:38:02.538Z [Modules] Streaming discord_desktop_core@1 to /home/curator/.config/discord/0.0.76/modules/pending/discord_desktop_core-1.zip: 19%
2024-11-27T01:38:02.542Z [Modules] Streaming discord_desktop_core@1 to /home/curator/.config/discord/0.0.76/modules/pending/discord_desktop_core-1.zip: 22%
2024-11-27T01:38:02.546Z [Modules] Streaming discord_desktop_core@1 to /home/curator/.config/discord/0.0.76/modules/pending/discord_desktop_core-1.zip: 25%
2024-11-27T01:38:02.549Z [Modules] Streaming discord_desktop_core@1 to /home/curator/.config/discord/0.0.76/modules/pending/discord_desktop_core-1.zip: 28%
2024-11-27T01:38:02.549Z [Modules] Streaming discord_desktop_core@1 to /home/curator/.config/discord/0.0.76/modules/pending/discord_desktop_core-1.zip: 29%
2024-11-27T01:38:02.551Z [Modules] Streaming discord_desktop_core@1 to /home/curator/.config/discord/0.0.76/modules/pending/discord_desktop_core-1.zip: 32%
2024-11-27T01:38:02.552Z [Modules] Streaming discord_desktop_core@1 to /home/curator/.config/discord/0.0.76/modules/pending/discord_desktop_core-1.zip: 33%
2024-11-27T01:38:02.554Z [Modules] Streaming discord_desktop_core@1 to /home/curator/.config/discord/0.0.76/modules/pending/discord_desktop_core-1.zip: 36%
2024-11-27T01:38:02.554Z [Modules] Streaming discord_desktop_core@1 to /home/curator/.config/discord/0.0.76/modules/pending/discord_desktop_core-1.zip: 37%
2024-11-27T01:38:02.557Z [Modules] Streaming discord_desktop_core@1 to /home/curator/.config/discord/0.0.76/modules/pending/discord_desktop_core-1.zip: 40%
2024-11-27T01:38:02.557Z [Modules] Streaming discord_desktop_core@1 to /home/curator/.config/discord/0.0.76/modules/pending/discord_desktop_core-1.zip: 42%
2024-11-27T01:38:02.561Z [Modules] Streaming discord_desktop_core@1 to /home/curator/.config/discord/0.0.76/modules/pending/discord_desktop_core-1.zip: 45%
2024-11-27T01:38:02.561Z [Modules] Streaming discord_desktop_core@1 to /home/curator/.config/discord/0.0.76/modules/pending/discord_desktop_core-1.zip: 46%
2024-11-27T01:38:02.564Z [Modules] Streaming discord_desktop_core@1 to /home/curator/.config/discord/0.0.76/modules/pending/discord_desktop_core-1.zip: 49%
2024-11-27T01:38:02.564Z [Modules] Streaming discord_desktop_core@1 to /home/curator/.config/discord/0.0.76/modules/pending/discord_desktop_core-1.zip: 50%
2024-11-27T01:38:02.566Z [Modules] Streaming discord_desktop_core@1 to /home/curator/.config/discord/0.0.76/modules/pending/discord_desktop_core-1.zip: 53%
2024-11-27T01:38:02.566Z [Modules] Streaming discord_desktop_core@1 to /home/curator/.config/discord/0.0.76/modules/pending/discord_desktop_core-1.zip: 54%
2024-11-27T01:38:02.568Z [Modules] Streaming discord_desktop_core@1 to /home/curator/.config/discord/0.0.76/modules/pending/discord_desktop_core-1.zip: 57%
2024-11-27T01:38:02.568Z [Modules] Streaming discord_desktop_core@1 to /home/curator/.config/discord/0.0.76/modules/pending/discord_desktop_core-1.zip: 58%
2024-11-27T01:38:02.569Z [Modules] Streaming discord_desktop_core@1 to /home/curator/.config/discord/0.0.76/modules/pending/discord_desktop_core-1.zip: 61%
2024-11-27T01:38:02.569Z [Modules] Streaming discord_desktop_core@1 to /home/curator/.config/discord/0.0.76/modules/pending/discord_desktop_core-1.zip: 63%
2024-11-27T01:38:02.570Z [Modules] Streaming discord_desktop_core@1 to /home/curator/.config/discord/0.0.76/modules/pending/discord_desktop_core-1.zip: 66%
2024-11-27T01:38:02.571Z [Modules] Streaming discord_desktop_core@1 to /home/curator/.config/discord/0.0.76/modules/pending/discord_desktop_core-1.zip: 67%
2024-11-27T01:38:02.572Z [Modules] Streaming discord_desktop_core@1 to /home/curator/.config/discord/0.0.76/modules/pending/discord_desktop_core-1.zip: 70%
2024-11-27T01:38:02.572Z [Modules] Streaming discord_desktop_core@1 to /home/curator/.config/discord/0.0.76/modules/pending/discord_desktop_core-1.zip: 71%
2024-11-27T01:38:02.573Z [Modules] Streaming discord_desktop_core@1 to /home/curator/.config/discord/0.0.76/modules/pending/discord_desktop_core-1.zip: 74%
2024-11-27T01:38:02.575Z [Modules] Streaming discord_desktop_core@1 to /home/curator/.config/discord/0.0.76/modules/pending/discord_desktop_core-1.zip: 77%
2024-11-27T01:38:02.576Z [Modules] Streaming discord_desktop_core@1 to /home/curator/.config/discord/0.0.76/modules/pending/discord_desktop_core-1.zip: 80%
2024-11-27T01:38:02.577Z [Modules] Streaming discord_desktop_core@1 to /home/curator/.config/discord/0.0.76/modules/pending/discord_desktop_core-1.zip: 81%
2024-11-27T01:38:02.580Z [Modules] Streaming discord_desktop_core@1 to /home/curator/.config/discord/0.0.76/modules/pending/discord_desktop_core-1.zip: 85%
2024-11-27T01:38:02.581Z [Modules] Streaming discord_desktop_core@1 to /home/curator/.config/discord/0.0.76/modules/pending/discord_desktop_core-1.zip: 92%
2024-11-27T01:38:02.582Z [Modules] Streaming discord_desktop_core@1 to /home/curator/.config/discord/0.0.76/modules/pending/discord_desktop_core-1.zip: 93%
2024-11-27T01:38:02.582Z [Modules] Streaming discord_desktop_core@1 to /home/curator/.config/discord/0.0.76/modules/pending/discord_desktop_core-1.zip: 98%
2024-11-27T01:38:02.583Z [Modules] Streaming discord_desktop_core@1 to /home/curator/.config/discord/0.0.76/modules/pending/discord_desktop_core-1.zip: 100%
2024-11-27T01:38:02.585Z [Modules] Fetching discord_erlpack@1 from https://discord.com/api/modules/stable/discord_erlpack/1
2024-11-27T01:38:02.585Z [Modules] Streaming discord_erlpack@1 to /home/curator/.config/discord/0.0.76/modules/pending/discord_erlpack-1.zip
2024-11-27T01:38:02.995Z [Modules] Streaming discord_erlpack@1 to /home/curator/.config/discord/0.0.76/modules/pending/discord_erlpack-1.zip: 3%
2024-11-27T01:38:02.996Z [Modules] Streaming discord_erlpack@1 to /home/curator/.config/discord/0.0.76/modules/pending/discord_erlpack-1.zip: 9%
2024-11-27T01:38:02.997Z [Modules] Streaming discord_erlpack@1 to /home/curator/.config/discord/0.0.76/modules/pending/discord_erlpack-1.zip: 12%
2024-11-27T01:38:02.998Z [Modules] Streaming discord_erlpack@1 to /home/curator/.config/discord/0.0.76/modules/pending/discord_erlpack-1.zip: 18%
2024-11-27T01:38:02.998Z [Modules] Streaming discord_erlpack@1 to /home/curator/.config/discord/0.0.76/modules/pending/discord_erlpack-1.zip: 30%
2024-11-27T01:38:02.998Z [Modules] Streaming discord_erlpack@1 to /home/curator/.config/discord/0.0.76/modules/pending/discord_erlpack-1.zip: 34%
2024-11-27T01:38:02.999Z [Modules] Streaming discord_erlpack@1 to /home/curator/.config/discord/0.0.76/modules/pending/discord_erlpack-1.zip: 37%
2024-11-27T01:38:03.000Z [Modules] Streaming discord_erlpack@1 to /home/curator/.config/discord/0.0.76/modules/pending/discord_erlpack-1.zip: 40%
2024-11-27T01:38:03.001Z [Modules] Streaming discord_erlpack@1 to /home/curator/.config/discord/0.0.76/modules/pending/discord_erlpack-1.zip: 43%
2024-11-27T01:38:03.002Z [Modules] Streaming discord_erlpack@1 to /home/curator/.config/discord/0.0.76/modules/pending/discord_erlpack-1.zip: 49%
2024-11-27T01:38:03.002Z [Modules] Streaming discord_erlpack@1 to /home/curator/.config/discord/0.0.76/modules/pending/discord_erlpack-1.zip: 52%
2024-11-27T01:38:03.003Z [Modules] Streaming discord_erlpack@1 to /home/curator/.config/discord/0.0.76/modules/pending/discord_erlpack-1.zip: 54%
2024-11-27T01:38:03.004Z [Modules] Streaming discord_erlpack@1 to /home/curator/.config/discord/0.0.76/modules/pending/discord_erlpack-1.zip: 58%
2024-11-27T01:38:03.004Z [Modules] Streaming discord_erlpack@1 to /home/curator/.config/discord/0.0.76/modules/pending/discord_erlpack-1.zip: 62%
2024-11-27T01:38:03.005Z [Modules] Streaming discord_erlpack@1 to /home/curator/.config/discord/0.0.76/modules/pending/discord_erlpack-1.zip: 66%
2024-11-27T01:38:03.006Z [Modules] Streaming discord_erlpack@1 to /home/curator/.config/discord/0.0.76/modules/pending/discord_erlpack-1.zip: 70%
2024-11-27T01:38:03.006Z [Modules] Streaming discord_erlpack@1 to /home/curator/.config/discord/0.0.76/modules/pending/discord_erlpack-1.zip: 73%
2024-11-27T01:38:03.007Z [Modules] Streaming discord_erlpack@1 to /home/curator/.config/discord/0.0.76/modules/pending/discord_erlpack-1.zip: 74%
2024-11-27T01:38:03.007Z [Modules] Streaming discord_erlpack@1 to /home/curator/.config/discord/0.0.76/modules/pending/discord_erlpack-1.zip: 77%
2024-11-27T01:38:03.008Z [Modules] Streaming discord_erlpack@1 to /home/curator/.config/discord/0.0.76/modules/pending/discord_erlpack-1.zip: 82%
2024-11-27T01:38:03.009Z [Modules] Streaming discord_erlpack@1 to /home/curator/.config/discord/0.0.76/modules/pending/discord_erlpack-1.zip: 86%
2024-11-27T01:38:03.010Z [Modules] Streaming discord_erlpack@1 to /home/curator/.config/discord/0.0.76/modules/pending/discord_erlpack-1.zip: 90%
2024-11-27T01:38:03.011Z [Modules] Streaming discord_erlpack@1 to /home/curator/.config/discord/0.0.76/modules/pending/discord_erlpack-1.zip: 93%
2024-11-27T01:38:03.011Z [Modules] Streaming discord_erlpack@1 to /home/curator/.config/discord/0.0.76/modules/pending/discord_erlpack-1.zip: 95%
2024-11-27T01:38:03.012Z [Modules] Streaming discord_erlpack@1 to /home/curator/.config/discord/0.0.76/modules/pending/discord_erlpack-1.zip: 96%
2024-11-27T01:38:03.013Z [Modules] Streaming discord_erlpack@1 to /home/curator/.config/discord/0.0.76/modules/pending/discord_erlpack-1.zip: 100%
2024-11-27T01:38:03.014Z [Modules] Fetching discord_spellcheck@1 from https://discord.com/api/modules/stable/discord_spellcheck/1
2024-11-27T01:38:03.014Z [Modules] Streaming discord_spellcheck@1 to /home/curator/.config/discord/0.0.76/modules/pending/discord_spellcheck-1.zip
2024-11-27T01:38:03.314Z [Modules] Streaming discord_spellcheck@1 to /home/curator/.config/discord/0.0.76/modules/pending/discord_spellcheck-1.zip: 1%
2024-11-27T01:38:03.332Z [Modules] Streaming discord_spellcheck@1 to /home/curator/.config/discord/0.0.76/modules/pending/discord_spellcheck-1.zip: 2%
2024-11-27T01:38:03.344Z [Modules] Streaming discord_spellcheck@1 to /home/curator/.config/discord/0.0.76/modules/pending/discord_spellcheck-1.zip: 3%
2024-11-27T01:38:03.353Z [Modules] Streaming discord_spellcheck@1 to /home/curator/.config/discord/0.0.76/modules/pending/discord_spellcheck-1.zip: 4%
2024-11-27T01:38:03.360Z [Modules] Streaming discord_spellcheck@1 to /home/curator/.config/discord/0.0.76/modules/pending/discord_spellcheck-1.zip: 5%
2024-11-27T01:38:03.366Z [Modules] Streaming discord_spellcheck@1 to /home/curator/.config/discord/0.0.76/modules/pending/discord_spellcheck-1.zip: 6%
2024-11-27T01:38:03.372Z [Modules] Streaming discord_spellcheck@1 to /home/curator/.config/discord/0.0.76/modules/pending/discord_spellcheck-1.zip: 7%
2024-11-27T01:38:03.379Z [Modules] Streaming discord_spellcheck@1 to /home/curator/.config/discord/0.0.76/modules/pending/discord_spellcheck-1.zip: 8%
2024-11-27T01:38:03.382Z [Modules] Streaming discord_spellcheck@1 to /home/curator/.config/discord/0.0.76/modules/pending/discord_spellcheck-1.zip: 9%
2024-11-27T01:38:03.385Z [Modules] Streaming discord_spellcheck@1 to /home/curator/.config/discord/0.0.76/modules/pending/discord_spellcheck-1.zip: 10%
2024-11-27T01:38:03.390Z [Modules] Streaming discord_spellcheck@1 to /home/curator/.config/discord/0.0.76/modules/pending/discord_spellcheck-1.zip: 11%
2024-11-27T01:38:03.395Z [Modules] Streaming discord_spellcheck@1 to /home/curator/.config/discord/0.0.76/modules/pending/discord_spellcheck-1.zip: 12%
2024-11-27T01:38:03.396Z [Modules] Streaming discord_spellcheck@1 to /home/curator/.config/discord/0.0.76/modules/pending/discord_spellcheck-1.zip: 13%
2024-11-27T01:38:03.399Z [Modules] Streaming discord_spellcheck@1 to /home/curator/.config/discord/0.0.76/modules/pending/discord_spellcheck-1.zip: 14%
2024-11-27T01:38:03.401Z [Modules] Streaming discord_spellcheck@1 to /home/curator/.config/discord/0.0.76/modules/pending/discord_spellcheck-1.zip: 15%
2024-11-27T01:38:03.402Z [Modules] Streaming discord_spellcheck@1 to /home/curator/.config/discord/0.0.76/modules/pending/discord_spellcheck-1.zip: 16%
2024-11-27T01:38:03.408Z [Modules] Streaming discord_spellcheck@1 to /home/curator/.config/discord/0.0.76/modules/pending/discord_spellcheck-1.zip: 17%
2024-11-27T01:38:03.413Z [Modules] Streaming discord_spellcheck@1 to /home/curator/.config/discord/0.0.76/modules/pending/discord_spellcheck-1.zip: 18%
2024-11-27T01:38:03.415Z [Modules] Streaming discord_spellcheck@1 to /home/curator/.config/discord/0.0.76/modules/pending/discord_spellcheck-1.zip: 19%
2024-11-27T01:38:03.416Z [Modules] Streaming discord_spellcheck@1 to /home/curator/.config/discord/0.0.76/modules/pending/discord_spellcheck-1.zip: 20%
2024-11-27T01:38:03.417Z [Modules] Streaming discord_spellcheck@1 to /home/curator/.config/discord/0.0.76/modules/pending/discord_spellcheck-1.zip: 21%
2024-11-27T01:38:03.418Z [Modules] Streaming discord_spellcheck@1 to /home/curator/.config/discord/0.0.76/modules/pending/discord_spellcheck-1.zip: 22%
2024-11-27T01:38:03.418Z [Modules] Streaming discord_spellcheck@1 to /home/curator/.config/discord/0.0.76/modules/pending/discord_spellcheck-1.zip: 23%
2024-11-27T01:38:03.420Z [Modules] Streaming discord_spellcheck@1 to /home/curator/.config/discord/0.0.76/modules/pending/discord_spellcheck-1.zip: 24%
2024-11-27T01:38:03.421Z [Modules] Streaming discord_spellcheck@1 to /home/curator/.config/discord/0.0.76/modules/pending/discord_spellcheck-1.zip: 25%
2024-11-27T01:38:03.424Z [Modules] Streaming discord_spellcheck@1 to /home/curator/.config/discord/0.0.76/modules/pending/discord_spellcheck-1.zip: 26%
2024-11-27T01:38:03.425Z [Modules] Streaming discord_spellcheck@1 to /home/curator/.config/discord/0.0.76/modules/pending/discord_spellcheck-1.zip: 27%
2024-11-27T01:38:03.429Z [Modules] Streaming discord_spellcheck@1 to /home/curator/.config/discord/0.0.76/modules/pending/discord_spellcheck-1.zip: 28%
2024-11-27T01:38:03.433Z [Modules] Streaming discord_spellcheck@1 to /home/curator/.config/discord/0.0.76/modules/pending/discord_spellcheck-1.zip: 29%
2024-11-27T01:38:03.435Z [Modules] Streaming discord_spellcheck@1 to /home/curator/.config/discord/0.0.76/modules/pending/discord_spellcheck-1.zip: 30%
2024-11-27T01:38:03.436Z [Modules] Streaming discord_spellcheck@1 to /home/curator/.config/discord/0.0.76/modules/pending/discord_spellcheck-1.zip: 31%
2024-11-27T01:38:03.437Z [Modules] Streaming discord_spellcheck@1 to /home/curator/.config/discord/0.0.76/modules/pending/discord_spellcheck-1.zip: 32%
2024-11-27T01:38:03.453Z [Modules] Streaming discord_spellcheck@1 to /home/curator/.config/discord/0.0.76/modules/pending/discord_spellcheck-1.zip: 33%
2024-11-27T01:38:03.453Z [Modules] Streaming discord_spellcheck@1 to /home/curator/.config/discord/0.0.76/modules/pending/discord_spellcheck-1.zip: 35%
2024-11-27T01:38:03.454Z [Modules] Streaming discord_spellcheck@1 to /home/curator/.config/discord/0.0.76/modules/pending/discord_spellcheck-1.zip: 36%
2024-11-27T01:38:03.455Z [Modules] Streaming discord_spellcheck@1 to /home/curator/.config/discord/0.0.76/modules/pending/discord_spellcheck-1.zip: 37%
2024-11-27T01:38:03.456Z [Modules] Streaming discord_spellcheck@1 to /home/curator/.config/discord/0.0.76/modules/pending/discord_spellcheck-1.zip: 40%
2024-11-27T01:38:03.456Z [Modules] Streaming discord_spellcheck@1 to /home/curator/.config/discord/0.0.76/modules/pending/discord_spellcheck-1.zip: 41%
2024-11-27T01:38:03.457Z [Modules] Streaming discord_spellcheck@1 to /home/curator/.config/discord/0.0.76/modules/pending/discord_spellcheck-1.zip: 45%
2024-11-27T01:38:03.458Z [Modules] Streaming discord_spellcheck@1 to /home/curator/.config/discord/0.0.76/modules/pending/discord_spellcheck-1.zip: 49%
2024-11-27T01:38:03.459Z [Modules] Streaming discord_spellcheck@1 to /home/curator/.config/discord/0.0.76/modules/pending/discord_spellcheck-1.zip: 50%
2024-11-27T01:38:03.459Z [Modules] Streaming discord_spellcheck@1 to /home/curator/.config/discord/0.0.76/modules/pending/discord_spellcheck-1.zip: 51%
2024-11-27T01:38:03.460Z [Modules] Streaming discord_spellcheck@1 to /home/curator/.config/discord/0.0.76/modules/pending/discord_spellcheck-1.zip: 52%
2024-11-27T01:38:03.462Z [Modules] Streaming discord_spellcheck@1 to /home/curator/.config/discord/0.0.76/modules/pending/discord_spellcheck-1.zip: 53%
2024-11-27T01:38:03.462Z [Modules] Streaming discord_spellcheck@1 to /home/curator/.config/discord/0.0.76/modules/pending/discord_spellcheck-1.zip: 54%
2024-11-27T01:38:03.463Z [Modules] Streaming discord_spellcheck@1 to /home/curator/.config/discord/0.0.76/modules/pending/discord_spellcheck-1.zip: 55%
2024-11-27T01:38:03.464Z [Modules] Streaming discord_spellcheck@1 to /home/curator/.config/discord/0.0.76/modules/pending/discord_spellcheck-1.zip: 56%
2024-11-27T01:38:03.465Z [Modules] Streaming discord_spellcheck@1 to /home/curator/.config/discord/0.0.76/modules/pending/discord_spellcheck-1.zip: 57%
2024-11-27T01:38:03.466Z [Modules] Streaming discord_spellcheck@1 to /home/curator/.config/discord/0.0.76/modules/pending/discord_spellcheck-1.zip: 58%
2024-11-27T01:38:03.467Z [Modules] Streaming discord_spellcheck@1 to /home/curator/.config/discord/0.0.76/modules/pending/discord_spellcheck-1.zip: 59%
2024-11-27T01:38:03.468Z [Modules] Streaming discord_spellcheck@1 to /home/curator/.config/discord/0.0.76/modules/pending/discord_spellcheck-1.zip: 60%
2024-11-27T01:38:03.469Z [Modules] Streaming discord_spellcheck@1 to /home/curator/.config/discord/0.0.76/modules/pending/discord_spellcheck-1.zip: 61%
2024-11-27T01:38:03.470Z [Modules] Streaming discord_spellcheck@1 to /home/curator/.config/discord/0.0.76/modules/pending/discord_spellcheck-1.zip: 62%
2024-11-27T01:38:03.471Z [Modules] Streaming discord_spellcheck@1 to /home/curator/.config/discord/0.0.76/modules/pending/discord_spellcheck-1.zip: 63%
2024-11-27T01:38:03.472Z [Modules] Streaming discord_spellcheck@1 to /home/curator/.config/discord/0.0.76/modules/pending/discord_spellcheck-1.zip: 64%
2024-11-27T01:38:03.473Z [Modules] Streaming discord_spellcheck@1 to /home/curator/.config/discord/0.0.76/modules/pending/discord_spellcheck-1.zip: 65%
2024-11-27T01:38:03.474Z [Modules] Streaming discord_spellcheck@1 to /home/curator/.config/discord/0.0.76/modules/pending/discord_spellcheck-1.zip: 66%
2024-11-27T01:38:03.475Z [Modules] Streaming discord_spellcheck@1 to /home/curator/.config/discord/0.0.76/modules/pending/discord_spellcheck-1.zip: 67%
2024-11-27T01:38:03.495Z [Modules] Streaming discord_spellcheck@1 to /home/curator/.config/discord/0.0.76/modules/pending/discord_spellcheck-1.zip: 68%
2024-11-27T01:38:03.497Z [Modules] Streaming discord_spellcheck@1 to /home/curator/.config/discord/0.0.76/modules/pending/discord_spellcheck-1.zip: 71%
2024-11-27T01:38:03.498Z [Modules] Streaming discord_spellcheck@1 to /home/curator/.config/discord/0.0.76/modules/pending/discord_spellcheck-1.zip: 72%
2024-11-27T01:38:03.499Z [Modules] Streaming discord_spellcheck@1 to /home/curator/.config/discord/0.0.76/modules/pending/discord_spellcheck-1.zip: 76%
2024-11-27T01:38:03.500Z [Modules] Streaming discord_spellcheck@1 to /home/curator/.config/discord/0.0.76/modules/pending/discord_spellcheck-1.zip: 80%
2024-11-27T01:38:03.500Z [Modules] Streaming discord_spellcheck@1 to /home/curator/.config/discord/0.0.76/modules/pending/discord_spellcheck-1.zip: 82%
2024-11-27T01:38:03.501Z [Modules] Streaming discord_spellcheck@1 to /home/curator/.config/discord/0.0.76/modules/pending/discord_spellcheck-1.zip: 88%
2024-11-27T01:38:03.502Z [Modules] Streaming discord_spellcheck@1 to /home/curator/.config/discord/0.0.76/modules/pending/discord_spellcheck-1.zip: 92%
2024-11-27T01:38:03.503Z [Modules] Streaming discord_spellcheck@1 to /home/curator/.config/discord/0.0.76/modules/pending/discord_spellcheck-1.zip: 95%
2024-11-27T01:38:03.503Z [Modules] Streaming discord_spellcheck@1 to /home/curator/.config/discord/0.0.76/modules/pending/discord_spellcheck-1.zip: 96%
2024-11-27T01:38:03.504Z [Modules] Streaming discord_spellcheck@1 to /home/curator/.config/discord/0.0.76/modules/pending/discord_spellcheck-1.zip: 97%
2024-11-27T01:38:03.505Z [Modules] Streaming discord_spellcheck@1 to /home/curator/.config/discord/0.0.76/modules/pending/discord_spellcheck-1.zip: 98%
2024-11-27T01:38:03.506Z [Modules] Streaming discord_spellcheck@1 to /home/curator/.config/discord/0.0.76/modules/pending/discord_spellcheck-1.zip: 99%
2024-11-27T01:38:03.506Z [Modules] Streaming discord_spellcheck@1 to /home/curator/.config/discord/0.0.76/modules/pending/discord_spellcheck-1.zip: 100%
2024-11-27T01:38:03.507Z [Modules] Fetching discord_utils@1 from https://discord.com/api/modules/stable/discord_utils/1
2024-11-27T01:38:03.507Z [Modules] Streaming discord_utils@1 to /home/curator/.config/discord/0.0.76/modules/pending/discord_utils-1.zip
2024-11-27T01:38:03.699Z [Modules] Streaming discord_utils@1 to /home/curator/.config/discord/0.0.76/modules/pending/discord_utils-1.zip: 1%
2024-11-27T01:38:03.699Z [Modules] Streaming discord_utils@1 to /home/curator/.config/discord/0.0.76/modules/pending/discord_utils-1.zip: 2%
2024-11-27T01:38:03.700Z [Modules] Streaming discord_utils@1 to /home/curator/.config/discord/0.0.76/modules/pending/discord_utils-1.zip: 4%
2024-11-27T01:38:03.701Z [Modules] Streaming discord_utils@1 to /home/curator/.config/discord/0.0.76/modules/pending/discord_utils-1.zip: 5%
2024-11-27T01:38:03.701Z [Modules] Streaming discord_utils@1 to /home/curator/.config/discord/0.0.76/modules/pending/discord_utils-1.zip: 8%
2024-11-27T01:38:03.703Z [Modules] Streaming discord_utils@1 to /home/curator/.config/discord/0.0.76/modules/pending/discord_utils-1.zip: 12%
2024-11-27T01:38:03.705Z [Modules] Streaming discord_utils@1 to /home/curator/.config/discord/0.0.76/modules/pending/discord_utils-1.zip: 16%
2024-11-27T01:38:03.706Z [Modules] Streaming discord_utils@1 to /home/curator/.config/discord/0.0.76/modules/pending/discord_utils-1.zip: 19%
2024-11-27T01:38:03.706Z [Modules] Streaming discord_utils@1 to /home/curator/.config/discord/0.0.76/modules/pending/discord_utils-1.zip: 21%
2024-11-27T01:38:03.707Z [Modules] Streaming discord_utils@1 to /home/curator/.config/discord/0.0.76/modules/pending/discord_utils-1.zip: 22%
2024-11-27T01:38:03.708Z [Modules] Streaming discord_utils@1 to /home/curator/.config/discord/0.0.76/modules/pending/discord_utils-1.zip: 25%
2024-11-27T01:38:03.709Z [Modules] Streaming discord_utils@1 to /home/curator/.config/discord/0.0.76/modules/pending/discord_utils-1.zip: 27%
2024-11-27T01:38:03.710Z [Modules] Streaming discord_utils@1 to /home/curator/.config/discord/0.0.76/modules/pending/discord_utils-1.zip: 30%
2024-11-27T01:38:03.711Z [Modules] Streaming discord_utils@1 to /home/curator/.config/discord/0.0.76/modules/pending/discord_utils-1.zip: 33%
2024-11-27T01:38:03.712Z [Modules] Streaming discord_utils@1 to /home/curator/.config/discord/0.0.76/modules/pending/discord_utils-1.zip: 35%
2024-11-27T01:38:03.730Z [Modules] Streaming discord_utils@1 to /home/curator/.config/discord/0.0.76/modules/pending/discord_utils-1.zip: 36%
2024-11-27T01:38:03.730Z [Modules] Streaming discord_utils@1 to /home/curator/.config/discord/0.0.76/modules/pending/discord_utils-1.zip: 38%
2024-11-27T01:38:03.730Z [Modules] Streaming discord_utils@1 to /home/curator/.config/discord/0.0.76/modules/pending/discord_utils-1.zip: 39%
2024-11-27T01:38:03.731Z [Modules] Streaming discord_utils@1 to /home/curator/.config/discord/0.0.76/modules/pending/discord_utils-1.zip: 41%
2024-11-27T01:38:03.731Z [Modules] Streaming discord_utils@1 to /home/curator/.config/discord/0.0.76/modules/pending/discord_utils-1.zip: 42%
2024-11-27T01:38:03.732Z [Modules] Streaming discord_utils@1 to /home/curator/.config/discord/0.0.76/modules/pending/discord_utils-1.zip: 44%
2024-11-27T01:38:03.733Z [Modules] Streaming discord_utils@1 to /home/curator/.config/discord/0.0.76/modules/pending/discord_utils-1.zip: 47%
2024-11-27T01:38:03.733Z [Modules] Streaming discord_utils@1 to /home/curator/.config/discord/0.0.76/modules/pending/discord_utils-1.zip: 48%
2024-11-27T01:38:03.734Z [Modules] Streaming discord_utils@1 to /home/curator/.config/discord/0.0.76/modules/pending/discord_utils-1.zip: 49%
2024-11-27T01:38:03.734Z [Modules] Streaming discord_utils@1 to /home/curator/.config/discord/0.0.76/modules/pending/discord_utils-1.zip: 50%
2024-11-27T01:38:03.735Z [Modules] Streaming discord_utils@1 to /home/curator/.config/discord/0.0.76/modules/pending/discord_utils-1.zip: 52%
2024-11-27T01:38:03.736Z [Modules] Streaming discord_utils@1 to /home/curator/.config/discord/0.0.76/modules/pending/discord_utils-1.zip: 58%
2024-11-27T01:38:03.736Z [Modules] Streaming discord_utils@1 to /home/curator/.config/discord/0.0.76/modules/pending/discord_utils-1.zip: 61%
2024-11-27T01:38:03.737Z [Modules] Streaming discord_utils@1 to /home/curator/.config/discord/0.0.76/modules/pending/discord_utils-1.zip: 64%
2024-11-27T01:38:03.738Z [Modules] Streaming discord_utils@1 to /home/curator/.config/discord/0.0.76/modules/pending/discord_utils-1.zip: 66%
2024-11-27T01:38:03.738Z [Modules] Streaming discord_utils@1 to /home/curator/.config/discord/0.0.76/modules/pending/discord_utils-1.zip: 72%
2024-11-27T01:38:03.739Z [Modules] Streaming discord_utils@1 to /home/curator/.config/discord/0.0.76/modules/pending/discord_utils-1.zip: 85%
2024-11-27T01:38:03.740Z [Modules] Streaming discord_utils@1 to /home/curator/.config/discord/0.0.76/modules/pending/discord_utils-1.zip: 98%
2024-11-27T01:38:03.741Z [Modules] Streaming discord_utils@1 to /home/curator/.config/discord/0.0.76/modules/pending/discord_utils-1.zip: 100%
2024-11-27T01:38:03.742Z [Modules] Fetching discord_voice@1 from https://discord.com/api/modules/stable/discord_voice/1
2024-11-27T01:38:03.743Z [Modules] Streaming discord_voice@1 to /home/curator/.config/discord/0.0.76/modules/pending/discord_voice-1.zip
2024-11-27T01:38:03.976Z [Modules] Streaming discord_voice@1 to /home/curator/.config/discord/0.0.76/modules/pending/discord_voice-1.zip: 1%
2024-11-27T01:38:03.994Z [Modules] Streaming discord_voice@1 to /home/curator/.config/discord/0.0.76/modules/pending/discord_voice-1.zip: 2%
2024-11-27T01:38:03.998Z [Modules] Streaming discord_voice@1 to /home/curator/.config/discord/0.0.76/modules/pending/discord_voice-1.zip: 5%
2024-11-27T01:38:03.999Z [Modules] Streaming discord_voice@1 to /home/curator/.config/discord/0.0.76/modules/pending/discord_voice-1.zip: 6%
2024-11-27T01:38:04.003Z [Modules] Streaming discord_voice@1 to /home/curator/.config/discord/0.0.76/modules/pending/discord_voice-1.zip: 7%
2024-11-27T01:38:04.004Z [Modules] Streaming discord_voice@1 to /home/curator/.config/discord/0.0.76/modules/pending/discord_voice-1.zip: 8%
2024-11-27T01:38:04.023Z [Modules] Streaming discord_voice@1 to /home/curator/.config/discord/0.0.76/modules/pending/discord_voice-1.zip: 9%
2024-11-27T01:38:04.024Z [Modules] Streaming discord_voice@1 to /home/curator/.config/discord/0.0.76/modules/pending/discord_voice-1.zip: 10%
2024-11-27T01:38:04.026Z [Modules] Streaming discord_voice@1 to /home/curator/.config/discord/0.0.76/modules/pending/discord_voice-1.zip: 11%
2024-11-27T01:38:04.028Z [Modules] Streaming discord_voice@1 to /home/curator/.config/discord/0.0.76/modules/pending/discord_voice-1.zip: 12%
2024-11-27T01:38:04.031Z [Modules] Streaming discord_voice@1 to /home/curator/.config/discord/0.0.76/modules/pending/discord_voice-1.zip: 13%
2024-11-27T01:38:04.033Z [Modules] Streaming discord_voice@1 to /home/curator/.config/discord/0.0.76/modules/pending/discord_voice-1.zip: 14%
2024-11-27T01:38:04.053Z [Modules] Streaming discord_voice@1 to /home/curator/.config/discord/0.0.76/modules/pending/discord_voice-1.zip: 15%
2024-11-27T01:38:04.054Z [Modules] Streaming discord_voice@1 to /home/curator/.config/discord/0.0.76/modules/pending/discord_voice-1.zip: 16%
2024-11-27T01:38:04.056Z [Modules] Streaming discord_voice@1 to /home/curator/.config/discord/0.0.76/modules/pending/discord_voice-1.zip: 17%
2024-11-27T01:38:04.060Z [Modules] Streaming discord_voice@1 to /home/curator/.config/discord/0.0.76/modules/pending/discord_voice-1.zip: 18%
2024-11-27T01:38:04.062Z [Modules] Streaming discord_voice@1 to /home/curator/.config/discord/0.0.76/modules/pending/discord_voice-1.zip: 19%
2024-11-27T01:38:04.064Z [Modules] Streaming discord_voice@1 to /home/curator/.config/discord/0.0.76/modules/pending/discord_voice-1.zip: 20%
2024-11-27T01:38:04.067Z [Modules] Streaming discord_voice@1 to /home/curator/.config/discord/0.0.76/modules/pending/discord_voice-1.zip: 21%
2024-11-27T01:38:04.069Z [Modules] Streaming discord_voice@1 to /home/curator/.config/discord/0.0.76/modules/pending/discord_voice-1.zip: 22%
2024-11-27T01:38:04.071Z [Modules] Streaming discord_voice@1 to /home/curator/.config/discord/0.0.76/modules/pending/discord_voice-1.zip: 23%
2024-11-27T01:38:04.101Z [Modules] Streaming discord_voice@1 to /home/curator/.config/discord/0.0.76/modules/pending/discord_voice-1.zip: 24%
2024-11-27T01:38:04.118Z [Modules] Streaming discord_voice@1 to /home/curator/.config/discord/0.0.76/modules/pending/discord_voice-1.zip: 25%
2024-11-27T01:38:04.119Z [Modules] Streaming discord_voice@1 to /home/curator/.config/discord/0.0.76/modules/pending/discord_voice-1.zip: 26%
2024-11-27T01:38:04.120Z [Modules] Streaming discord_voice@1 to /home/curator/.config/discord/0.0.76/modules/pending/discord_voice-1.zip: 27%
2024-11-27T01:38:04.121Z [Modules] Streaming discord_voice@1 to /home/curator/.config/discord/0.0.76/modules/pending/discord_voice-1.zip: 28%
2024-11-27T01:38:04.121Z [Modules] Streaming discord_voice@1 to /home/curator/.config/discord/0.0.76/modules/pending/discord_voice-1.zip: 30%
2024-11-27T01:38:04.122Z [Modules] Streaming discord_voice@1 to /home/curator/.config/discord/0.0.76/modules/pending/discord_voice-1.zip: 31%
2024-11-27T01:38:04.123Z [Modules] Streaming discord_voice@1 to /home/curator/.config/discord/0.0.76/modules/pending/discord_voice-1.zip: 33%
2024-11-27T01:38:04.123Z [Modules] Streaming discord_voice@1 to /home/curator/.config/discord/0.0.76/modules/pending/discord_voice-1.zip: 34%
2024-11-27T01:38:04.126Z [Modules] Streaming discord_voice@1 to /home/curator/.config/discord/0.0.76/modules/pending/discord_voice-1.zip: 37%
2024-11-27T01:38:04.126Z [Modules] Streaming discord_voice@1 to /home/curator/.config/discord/0.0.76/modules/pending/discord_voice-1.zip: 39%
2024-11-27T01:38:04.139Z [Modules] Streaming discord_voice@1 to /home/curator/.config/discord/0.0.76/modules/pending/discord_voice-1.zip: 40%
2024-11-27T01:38:04.141Z [Modules] Streaming discord_voice@1 to /home/curator/.config/discord/0.0.76/modules/pending/discord_voice-1.zip: 41%
2024-11-27T01:38:04.143Z [Modules] Streaming discord_voice@1 to /home/curator/.config/discord/0.0.76/modules/pending/discord_voice-1.zip: 42%
2024-11-27T01:38:04.146Z [Modules] Streaming discord_voice@1 to /home/curator/.config/discord/0.0.76/modules/pending/discord_voice-1.zip: 43%
2024-11-27T01:38:04.157Z [Modules] Streaming discord_voice@1 to /home/curator/.config/discord/0.0.76/modules/pending/discord_voice-1.zip: 44%
2024-11-27T01:38:04.159Z [Modules] Streaming discord_voice@1 to /home/curator/.config/discord/0.0.76/modules/pending/discord_voice-1.zip: 45%
2024-11-27T01:38:04.164Z [Modules] Streaming discord_voice@1 to /home/curator/.config/discord/0.0.76/modules/pending/discord_voice-1.zip: 46%
2024-11-27T01:38:04.166Z [Modules] Streaming discord_voice@1 to /home/curator/.config/discord/0.0.76/modules/pending/discord_voice-1.zip: 47%
2024-11-27T01:38:04.166Z [Modules] Streaming discord_voice@1 to /home/curator/.config/discord/0.0.76/modules/pending/discord_voice-1.zip: 48%
2024-11-27T01:38:04.169Z [Modules] Streaming discord_voice@1 to /home/curator/.config/discord/0.0.76/modules/pending/discord_voice-1.zip: 49%
2024-11-27T01:38:04.189Z [Modules] Streaming discord_voice@1 to /home/curator/.config/discord/0.0.76/modules/pending/discord_voice-1.zip: 50%
2024-11-27T01:38:04.190Z [Modules] Streaming discord_voice@1 to /home/curator/.config/discord/0.0.76/modules/pending/discord_voice-1.zip: 51%
2024-11-27T01:38:04.192Z [Modules] Streaming discord_voice@1 to /home/curator/.config/discord/0.0.76/modules/pending/discord_voice-1.zip: 52%
2024-11-27T01:38:04.194Z [Modules] Streaming discord_voice@1 to /home/curator/.config/discord/0.0.76/modules/pending/discord_voice-1.zip: 53%
2024-11-27T01:38:04.197Z [Modules] Streaming discord_voice@1 to /home/curator/.config/discord/0.0.76/modules/pending/discord_voice-1.zip: 54%
2024-11-27T01:38:04.198Z [Modules] Streaming discord_voice@1 to /home/curator/.config/discord/0.0.76/modules/pending/discord_voice-1.zip: 55%
2024-11-27T01:38:04.201Z [Modules] Streaming discord_voice@1 to /home/curator/.config/discord/0.0.76/modules/pending/discord_voice-1.zip: 56%
2024-11-27T01:38:04.203Z [Modules] Streaming discord_voice@1 to /home/curator/.config/discord/0.0.76/modules/pending/discord_voice-1.zip: 57%
2024-11-27T01:38:04.230Z [Modules] Streaming discord_voice@1 to /home/curator/.config/discord/0.0.76/modules/pending/discord_voice-1.zip: 58%
2024-11-27T01:38:04.232Z [Modules] Streaming discord_voice@1 to /home/curator/.config/discord/0.0.76/modules/pending/discord_voice-1.zip: 59%
2024-11-27T01:38:04.233Z [Modules] Streaming discord_voice@1 to /home/curator/.config/discord/0.0.76/modules/pending/discord_voice-1.zip: 60%
2024-11-27T01:38:04.237Z [Modules] Streaming discord_voice@1 to /home/curator/.config/discord/0.0.76/modules/pending/discord_voice-1.zip: 61%
2024-11-27T01:38:04.238Z [Modules] Streaming discord_voice@1 to /home/curator/.config/discord/0.0.76/modules/pending/discord_voice-1.zip: 62%
2024-11-27T01:38:04.239Z [Modules] Streaming discord_voice@1 to /home/curator/.config/discord/0.0.76/modules/pending/discord_voice-1.zip: 63%
2024-11-27T01:38:04.239Z [Modules] Streaming discord_voice@1 to /home/curator/.config/discord/0.0.76/modules/pending/discord_voice-1.zip: 65%
2024-11-27T01:38:04.240Z [Modules] Streaming discord_voice@1 to /home/curator/.config/discord/0.0.76/modules/pending/discord_voice-1.zip: 66%
2024-11-27T01:38:04.252Z [Modules] Streaming discord_voice@1 to /home/curator/.config/discord/0.0.76/modules/pending/discord_voice-1.zip: 67%
2024-11-27T01:38:04.254Z [Modules] Streaming discord_voice@1 to /home/curator/.config/discord/0.0.76/modules/pending/discord_voice-1.zip: 68%
2024-11-27T01:38:04.256Z [Modules] Streaming discord_voice@1 to /home/curator/.config/discord/0.0.76/modules/pending/discord_voice-1.zip: 69%
2024-11-27T01:38:04.291Z [Modules] Streaming discord_voice@1 to /home/curator/.config/discord/0.0.76/modules/pending/discord_voice-1.zip: 70%
2024-11-27T01:38:04.293Z [Modules] Streaming discord_voice@1 to /home/curator/.config/discord/0.0.76/modules/pending/discord_voice-1.zip: 71%
2024-11-27T01:38:04.298Z [Modules] Streaming discord_voice@1 to /home/curator/.config/discord/0.0.76/modules/pending/discord_voice-1.zip: 72%
2024-11-27T01:38:04.299Z [Modules] Streaming discord_voice@1 to /home/curator/.config/discord/0.0.76/modules/pending/discord_voice-1.zip: 73%
2024-11-27T01:38:04.301Z [Modules] Streaming discord_voice@1 to /home/curator/.config/discord/0.0.76/modules/pending/discord_voice-1.zip: 74%
2024-11-27T01:38:04.302Z [Modules] Streaming discord_voice@1 to /home/curator/.config/discord/0.0.76/modules/pending/discord_voice-1.zip: 75%
2024-11-27T01:38:04.324Z [Modules] Streaming discord_voice@1 to /home/curator/.config/discord/0.0.76/modules/pending/discord_voice-1.zip: 76%
2024-11-27T01:38:04.325Z [Modules] Streaming discord_voice@1 to /home/curator/.config/discord/0.0.76/modules/pending/discord_voice-1.zip: 77%
2024-11-27T01:38:04.339Z [Modules] Streaming discord_voice@1 to /home/curator/.config/discord/0.0.76/modules/pending/discord_voice-1.zip: 78%
2024-11-27T01:38:04.339Z [Modules] Streaming discord_voice@1 to /home/curator/.config/discord/0.0.76/modules/pending/discord_voice-1.zip: 79%
2024-11-27T01:38:04.340Z [Modules] Streaming discord_voice@1 to /home/curator/.config/discord/0.0.76/modules/pending/discord_voice-1.zip: 80%
2024-11-27T01:38:04.340Z [Modules] Streaming discord_voice@1 to /home/curator/.config/discord/0.0.76/modules/pending/discord_voice-1.zip: 81%
2024-11-27T01:38:04.350Z [Modules] Streaming discord_voice@1 to /home/curator/.config/discord/0.0.76/modules/pending/discord_voice-1.zip: 82%
2024-11-27T01:38:04.351Z [Modules] Streaming discord_voice@1 to /home/curator/.config/discord/0.0.76/modules/pending/discord_voice-1.zip: 83%
2024-11-27T01:38:04.353Z [Modules] Streaming discord_voice@1 to /home/curator/.config/discord/0.0.76/modules/pending/discord_voice-1.zip: 84%
2024-11-27T01:38:04.355Z [Modules] Streaming discord_voice@1 to /home/curator/.config/discord/0.0.76/modules/pending/discord_voice-1.zip: 85%
2024-11-27T01:38:04.356Z [Modules] Streaming discord_voice@1 to /home/curator/.config/discord/0.0.76/modules/pending/discord_voice-1.zip: 86%
2024-11-27T01:38:04.379Z [Modules] Streaming discord_voice@1 to /home/curator/.config/discord/0.0.76/modules/pending/discord_voice-1.zip: 87%
2024-11-27T01:38:04.380Z [Modules] Streaming discord_voice@1 to /home/curator/.config/discord/0.0.76/modules/pending/discord_voice-1.zip: 88%
2024-11-27T01:38:04.381Z [Modules] Streaming discord_voice@1 to /home/curator/.config/discord/0.0.76/modules/pending/discord_voice-1.zip: 89%
2024-11-27T01:38:04.382Z [Modules] Streaming discord_voice@1 to /home/curator/.config/discord/0.0.76/modules/pending/discord_voice-1.zip: 90%
2024-11-27T01:38:04.382Z [Modules] Streaming discord_voice@1 to /home/curator/.config/discord/0.0.76/modules/pending/discord_voice-1.zip: 91%
2024-11-27T01:38:04.383Z [Modules] Streaming discord_voice@1 to /home/curator/.config/discord/0.0.76/modules/pending/discord_voice-1.zip: 92%
2024-11-27T01:38:04.398Z [Modules] Streaming discord_voice@1 to /home/curator/.config/discord/0.0.76/modules/pending/discord_voice-1.zip: 93%
2024-11-27T01:38:04.400Z [Modules] Streaming discord_voice@1 to /home/curator/.config/discord/0.0.76/modules/pending/discord_voice-1.zip: 94%
2024-11-27T01:38:04.401Z [Modules] Streaming discord_voice@1 to /home/curator/.config/discord/0.0.76/modules/pending/discord_voice-1.zip: 95%
2024-11-27T01:38:04.402Z [Modules] Streaming discord_voice@1 to /home/curator/.config/discord/0.0.76/modules/pending/discord_voice-1.zip: 96%
2024-11-27T01:38:04.403Z [Modules] Streaming discord_voice@1 to /home/curator/.config/discord/0.0.76/modules/pending/discord_voice-1.zip: 97%
2024-11-27T01:38:04.403Z [Modules] Streaming discord_voice@1 to /home/curator/.config/discord/0.0.76/modules/pending/discord_voice-1.zip: 98%
2024-11-27T01:38:04.404Z [Modules] Streaming discord_voice@1 to /home/curator/.config/discord/0.0.76/modules/pending/discord_voice-1.zip: 99%
2024-11-27T01:38:04.404Z [Modules] Streaming discord_voice@1 to /home/curator/.config/discord/0.0.76/modules/pending/discord_voice-1.zip: 100%
2024-11-27T01:38:04.405Z [Modules] Fetching discord_zstd@1 from https://discord.com/api/modules/stable/discord_zstd/1
2024-11-27T01:38:04.405Z [Modules] Streaming discord_zstd@1 to /home/curator/.config/discord/0.0.76/modules/pending/discord_zstd-1.zip
2024-11-27T01:38:04.599Z [Modules] Streaming discord_zstd@1 to /home/curator/.config/discord/0.0.76/modules/pending/discord_zstd-1.zip: 38%
2024-11-27T01:38:04.601Z [Modules] Streaming discord_zstd@1 to /home/curator/.config/discord/0.0.76/modules/pending/discord_zstd-1.zip: 89%
2024-11-27T01:38:04.602Z [Modules] Streaming discord_zstd@1 to /home/curator/.config/discord/0.0.76/modules/pending/discord_zstd-1.zip: 100%
2024-11-27T01:38:04.603Z [Modules] Finished module downloads. [success: 6] [failure: 0]
2024-11-27T01:38:04.603Z [Modules] Installing updates...
2024-11-27T01:38:04.603Z [Modules] Installing discord_desktop_core@1 from /home/curator/.config/discord/0.0.76/modules/pending/discord_desktop_core-1.zip
2024-11-27T01:38:04.697Z [Modules] Installing discord_erlpack@1 from /home/curator/.config/discord/0.0.76/modules/pending/discord_erlpack-1.zip
2024-11-27T01:38:04.757Z [Modules] Installing discord_spellcheck@1 from /home/curator/.config/discord/0.0.76/modules/pending/discord_spellcheck-1.zip
2024-11-27T01:38:05.560Z [Modules] Installing discord_utils@1 from /home/curator/.config/discord/0.0.76/modules/pending/discord_utils-1.zip
2024-11-27T01:38:05.725Z [Modules] Installing discord_voice@1 from /home/curator/.config/discord/0.0.76/modules/pending/discord_voice-1.zip
2024-11-27T01:38:06.387Z [Modules] Installing discord_zstd@1 from /home/curator/.config/discord/0.0.76/modules/pending/discord_zstd-1.zip
2024-11-27T01:38:06.401Z [Modules] Finished module installations. [success: 6] [failure: 0]
2024-11-27T01:38:06.401Z [Modules] Checking for host updates.
2024-11-27T01:38:06.561Z [Modules] Host is up to date.
2024-11-27T01:38:06.561Z [Modules] Checking for module updates at https://discord.com/api/modules/stable/versions.json
2024-11-27T01:38:06.564Z [Modules] No module updates available.
2024-11-27T01:38:07.700Z [Modules] Starting to install discord_krisp...
2024-11-27T01:38:07.700Z [Modules] Fetching discord_krisp@1 from https://discord.com/api/modules/stable/discord_krisp/1
2024-11-27T01:38:07.700Z [Modules] Streaming discord_krisp@1 to /home/curator/.config/discord/0.0.76/modules/pending/discord_krisp-1.zip
2024-11-27T01:38:07.713Z [Modules] Starting to install discord_game_utils...
2024-11-27T01:38:07.961Z [Modules] Streaming discord_krisp@1 to /home/curator/.config/discord/0.0.76/modules/pending/discord_krisp-1.zip: 1%
2024-11-27T01:38:07.963Z [Modules] Streaming discord_krisp@1 to /home/curator/.config/discord/0.0.76/modules/pending/discord_krisp-1.zip: 2%
2024-11-27T01:38:07.965Z [Modules] Streaming discord_krisp@1 to /home/curator/.config/discord/0.0.76/modules/pending/discord_krisp-1.zip: 3%
2024-11-27T01:38:07.967Z [Modules] Streaming discord_krisp@1 to /home/curator/.config/discord/0.0.76/modules/pending/discord_krisp-1.zip: 4%
2024-11-27T01:38:07.970Z [Modules] Streaming discord_krisp@1 to /home/curator/.config/discord/0.0.76/modules/pending/discord_krisp-1.zip: 5%
2024-11-27T01:38:07.990Z [Modules] Streaming discord_krisp@1 to /home/curator/.config/discord/0.0.76/modules/pending/discord_krisp-1.zip: 6%
2024-11-27T01:38:07.991Z [Modules] Streaming discord_krisp@1 to /home/curator/.config/discord/0.0.76/modules/pending/discord_krisp-1.zip: 7%
2024-11-27T01:38:07.993Z [Modules] Streaming discord_krisp@1 to /home/curator/.config/discord/0.0.76/modules/pending/discord_krisp-1.zip: 8%
2024-11-27T01:38:07.994Z [Modules] Streaming discord_krisp@1 to /home/curator/.config/discord/0.0.76/modules/pending/discord_krisp-1.zip: 9%
2024-11-27T01:38:07.999Z [Modules] Streaming discord_krisp@1 to /home/curator/.config/discord/0.0.76/modules/pending/discord_krisp-1.zip: 10%
2024-11-27T01:38:08.002Z [Modules] Streaming discord_krisp@1 to /home/curator/.config/discord/0.0.76/modules/pending/discord_krisp-1.zip: 11%
2024-11-27T01:38:08.003Z [Modules] Streaming discord_krisp@1 to /home/curator/.config/discord/0.0.76/modules/pending/discord_krisp-1.zip: 12%
2024-11-27T01:38:08.004Z [Modules] Streaming discord_krisp@1 to /home/curator/.config/discord/0.0.76/modules/pending/discord_krisp-1.zip: 13%
2024-11-27T01:38:08.004Z [Modules] Streaming discord_krisp@1 to /home/curator/.config/discord/0.0.76/modules/pending/discord_krisp-1.zip: 14%
2024-11-27T01:38:08.005Z [Modules] Streaming discord_krisp@1 to /home/curator/.config/discord/0.0.76/modules/pending/discord_krisp-1.zip: 15%
2024-11-27T01:38:08.005Z [Modules] Streaming discord_krisp@1 to /home/curator/.config/discord/0.0.76/modules/pending/discord_krisp-1.zip: 16%
2024-11-27T01:38:08.006Z [Modules] Streaming discord_krisp@1 to /home/curator/.config/discord/0.0.76/modules/pending/discord_krisp-1.zip: 17%
2024-11-27T01:38:08.006Z [Modules] Streaming discord_krisp@1 to /home/curator/.config/discord/0.0.76/modules/pending/discord_krisp-1.zip: 18%
2024-11-27T01:38:08.007Z [Modules] Streaming discord_krisp@1 to /home/curator/.config/discord/0.0.76/modules/pending/discord_krisp-1.zip: 19%
2024-11-27T01:38:08.007Z [Modules] Streaming discord_krisp@1 to /home/curator/.config/discord/0.0.76/modules/pending/discord_krisp-1.zip: 20%
2024-11-27T01:38:08.009Z [Modules] Streaming discord_krisp@1 to /home/curator/.config/discord/0.0.76/modules/pending/discord_krisp-1.zip: 21%
2024-11-27T01:38:08.030Z [Modules] Streaming discord_krisp@1 to /home/curator/.config/discord/0.0.76/modules/pending/discord_krisp-1.zip: 22%
2024-11-27T01:38:08.031Z [Modules] Streaming discord_krisp@1 to /home/curator/.config/discord/0.0.76/modules/pending/discord_krisp-1.zip: 24%
2024-11-27T01:38:08.032Z [Modules] Streaming discord_krisp@1 to /home/curator/.config/discord/0.0.76/modules/pending/discord_krisp-1.zip: 25%
2024-11-27T01:38:08.033Z [Modules] Streaming discord_krisp@1 to /home/curator/.config/discord/0.0.76/modules/pending/discord_krisp-1.zip: 26%
2024-11-27T01:38:08.034Z [Modules] Streaming discord_krisp@1 to /home/curator/.config/discord/0.0.76/modules/pending/discord_krisp-1.zip: 27%
2024-11-27T01:38:08.034Z [Modules] Streaming discord_krisp@1 to /home/curator/.config/discord/0.0.76/modules/pending/discord_krisp-1.zip: 28%
2024-11-27T01:38:08.035Z [Modules] Streaming discord_krisp@1 to /home/curator/.config/discord/0.0.76/modules/pending/discord_krisp-1.zip: 29%
2024-11-27T01:38:08.035Z [Modules] Streaming discord_krisp@1 to /home/curator/.config/discord/0.0.76/modules/pending/discord_krisp-1.zip: 30%
2024-11-27T01:38:08.039Z [Modules] Streaming discord_krisp@1 to /home/curator/.config/discord/0.0.76/modules/pending/discord_krisp-1.zip: 31%
2024-11-27T01:38:08.041Z [Modules] Streaming discord_krisp@1 to /home/curator/.config/discord/0.0.76/modules/pending/discord_krisp-1.zip: 32%
2024-11-27T01:38:08.046Z [Modules] Streaming discord_krisp@1 to /home/curator/.config/discord/0.0.76/modules/pending/discord_krisp-1.zip: 33%
2024-11-27T01:38:08.108Z [Modules] Streaming discord_krisp@1 to /home/curator/.config/discord/0.0.76/modules/pending/discord_krisp-1.zip: 34%
2024-11-27T01:38:08.109Z [Modules] Streaming discord_krisp@1 to /home/curator/.config/discord/0.0.76/modules/pending/discord_krisp-1.zip: 35%
2024-11-27T01:38:08.250Z [Modules] Streaming discord_krisp@1 to /home/curator/.config/discord/0.0.76/modules/pending/discord_krisp-1.zip: 36%
2024-11-27T01:38:08.268Z [Modules] Streaming discord_krisp@1 to /home/curator/.config/discord/0.0.76/modules/pending/discord_krisp-1.zip: 37%
2024-11-27T01:38:08.282Z [Modules] Streaming discord_krisp@1 to /home/curator/.config/discord/0.0.76/modules/pending/discord_krisp-1.zip: 38%
2024-11-27T01:38:08.294Z [Modules] Streaming discord_krisp@1 to /home/curator/.config/discord/0.0.76/modules/pending/discord_krisp-1.zip: 39%
2024-11-27T01:38:08.295Z [Modules] Streaming discord_krisp@1 to /home/curator/.config/discord/0.0.76/modules/pending/discord_krisp-1.zip: 40%
2024-11-27T01:38:08.295Z [Modules] Streaming discord_krisp@1 to /home/curator/.config/discord/0.0.76/modules/pending/discord_krisp-1.zip: 41%
2024-11-27T01:38:08.296Z [Modules] Streaming discord_krisp@1 to /home/curator/.config/discord/0.0.76/modules/pending/discord_krisp-1.zip: 42%
2024-11-27T01:38:08.297Z [Modules] Streaming discord_krisp@1 to /home/curator/.config/discord/0.0.76/modules/pending/discord_krisp-1.zip: 43%
2024-11-27T01:38:08.299Z [Modules] Streaming discord_krisp@1 to /home/curator/.config/discord/0.0.76/modules/pending/discord_krisp-1.zip: 44%
2024-11-27T01:38:08.301Z [Modules] Streaming discord_krisp@1 to /home/curator/.config/discord/0.0.76/modules/pending/discord_krisp-1.zip: 45%
2024-11-27T01:38:08.303Z [Modules] Streaming discord_krisp@1 to /home/curator/.config/discord/0.0.76/modules/pending/discord_krisp-1.zip: 46%
2024-11-27T01:38:08.305Z [Modules] Streaming discord_krisp@1 to /home/curator/.config/discord/0.0.76/modules/pending/discord_krisp-1.zip: 47%
2024-11-27T01:38:08.307Z [Modules] Streaming discord_krisp@1 to /home/curator/.config/discord/0.0.76/modules/pending/discord_krisp-1.zip: 48%
2024-11-27T01:38:08.308Z [Modules] Streaming discord_krisp@1 to /home/curator/.config/discord/0.0.76/modules/pending/discord_krisp-1.zip: 49%
2024-11-27T01:38:08.312Z [Modules] Streaming discord_krisp@1 to /home/curator/.config/discord/0.0.76/modules/pending/discord_krisp-1.zip: 50%
2024-11-27T01:38:08.313Z [Modules] Streaming discord_krisp@1 to /home/curator/.config/discord/0.0.76/modules/pending/discord_krisp-1.zip: 51%
2024-11-27T01:38:08.316Z [Modules] Streaming discord_krisp@1 to /home/curator/.config/discord/0.0.76/modules/pending/discord_krisp-1.zip: 52%
2024-11-27T01:38:08.317Z [Modules] Streaming discord_krisp@1 to /home/curator/.config/discord/0.0.76/modules/pending/discord_krisp-1.zip: 53%
2024-11-27T01:38:08.321Z [Modules] Streaming discord_krisp@1 to /home/curator/.config/discord/0.0.76/modules/pending/discord_krisp-1.zip: 54%
2024-11-27T01:38:08.325Z [Modules] Streaming discord_krisp@1 to /home/curator/.config/discord/0.0.76/modules/pending/discord_krisp-1.zip: 55%
2024-11-27T01:38:08.327Z [Modules] Streaming discord_krisp@1 to /home/curator/.config/discord/0.0.76/modules/pending/discord_krisp-1.zip: 56%
2024-11-27T01:38:08.331Z [Modules] Streaming discord_krisp@1 to /home/curator/.config/discord/0.0.76/modules/pending/discord_krisp-1.zip: 57%
2024-11-27T01:38:08.333Z [Modules] Streaming discord_krisp@1 to /home/curator/.config/discord/0.0.76/modules/pending/discord_krisp-1.zip: 58%
2024-11-27T01:38:08.335Z [Modules] Streaming discord_krisp@1 to /home/curator/.config/discord/0.0.76/modules/pending/discord_krisp-1.zip: 59%
2024-11-27T01:38:08.338Z [Modules] Streaming discord_krisp@1 to /home/curator/.config/discord/0.0.76/modules/pending/discord_krisp-1.zip: 60%
2024-11-27T01:38:08.340Z [Modules] Streaming discord_krisp@1 to /home/curator/.config/discord/0.0.76/modules/pending/discord_krisp-1.zip: 61%
2024-11-27T01:38:08.343Z [Modules] Streaming discord_krisp@1 to /home/curator/.config/discord/0.0.76/modules/pending/discord_krisp-1.zip: 62%
2024-11-27T01:38:08.345Z [Modules] Streaming discord_krisp@1 to /home/curator/.config/discord/0.0.76/modules/pending/discord_krisp-1.zip: 63%
2024-11-27T01:38:08.348Z [Modules] Streaming discord_krisp@1 to /home/curator/.config/discord/0.0.76/modules/pending/discord_krisp-1.zip: 64%
2024-11-27T01:38:08.351Z [Modules] Streaming discord_krisp@1 to /home/curator/.config/discord/0.0.76/modules/pending/discord_krisp-1.zip: 65%
2024-11-27T01:38:08.353Z [Modules] Streaming discord_krisp@1 to /home/curator/.config/discord/0.0.76/modules/pending/discord_krisp-1.zip: 66%
2024-11-27T01:38:08.355Z [Modules] Streaming discord_krisp@1 to /home/curator/.config/discord/0.0.76/modules/pending/discord_krisp-1.zip: 67%
2024-11-27T01:38:08.358Z [Modules] Streaming discord_krisp@1 to /home/curator/.config/discord/0.0.76/modules/pending/discord_krisp-1.zip: 68%
2024-11-27T01:38:08.360Z [Modules] Streaming discord_krisp@1 to /home/curator/.config/discord/0.0.76/modules/pending/discord_krisp-1.zip: 69%
2024-11-27T01:38:08.363Z [Modules] Streaming discord_krisp@1 to /home/curator/.config/discord/0.0.76/modules/pending/discord_krisp-1.zip: 70%
2024-11-27T01:38:08.365Z [Modules] Streaming discord_krisp@1 to /home/curator/.config/discord/0.0.76/modules/pending/discord_krisp-1.zip: 71%
2024-11-27T01:38:08.367Z [Modules] Streaming discord_krisp@1 to /home/curator/.config/discord/0.0.76/modules/pending/discord_krisp-1.zip: 72%
2024-11-27T01:38:08.370Z [Modules] Streaming discord_krisp@1 to /home/curator/.config/discord/0.0.76/modules/pending/discord_krisp-1.zip: 73%
2024-11-27T01:38:08.372Z [Modules] Streaming discord_krisp@1 to /home/curator/.config/discord/0.0.76/modules/pending/discord_krisp-1.zip: 74%
2024-11-27T01:38:08.374Z [Modules] Streaming discord_krisp@1 to /home/curator/.config/discord/0.0.76/modules/pending/discord_krisp-1.zip: 75%
2024-11-27T01:38:08.377Z [Modules] Streaming discord_krisp@1 to /home/curator/.config/discord/0.0.76/modules/pending/discord_krisp-1.zip: 76%
2024-11-27T01:38:08.379Z [Modules] Streaming discord_krisp@1 to /home/curator/.config/discord/0.0.76/modules/pending/discord_krisp-1.zip: 77%
2024-11-27T01:38:08.382Z [Modules] Streaming discord_krisp@1 to /home/curator/.config/discord/0.0.76/modules/pending/discord_krisp-1.zip: 78%
2024-11-27T01:38:08.384Z [Modules] Streaming discord_krisp@1 to /home/curator/.config/discord/0.0.76/modules/pending/discord_krisp-1.zip: 79%
2024-11-27T01:38:08.387Z [Modules] Streaming discord_krisp@1 to /home/curator/.config/discord/0.0.76/modules/pending/discord_krisp-1.zip: 80%
2024-11-27T01:38:08.389Z [Modules] Streaming discord_krisp@1 to /home/curator/.config/discord/0.0.76/modules/pending/discord_krisp-1.zip: 81%
2024-11-27T01:38:08.391Z [Modules] Streaming discord_krisp@1 to /home/curator/.config/discord/0.0.76/modules/pending/discord_krisp-1.zip: 82%
2024-11-27T01:38:08.394Z [Modules] Streaming discord_krisp@1 to /home/curator/.config/discord/0.0.76/modules/pending/discord_krisp-1.zip: 83%
2024-11-27T01:38:08.396Z [Modules] Streaming discord_krisp@1 to /home/curator/.config/discord/0.0.76/modules/pending/discord_krisp-1.zip: 84%
2024-11-27T01:38:08.399Z [Modules] Streaming discord_krisp@1 to /home/curator/.config/discord/0.0.76/modules/pending/discord_krisp-1.zip: 85%
2024-11-27T01:38:08.401Z [Modules] Streaming discord_krisp@1 to /home/curator/.config/discord/0.0.76/modules/pending/discord_krisp-1.zip: 86%
2024-11-27T01:38:08.404Z [Modules] Streaming discord_krisp@1 to /home/curator/.config/discord/0.0.76/modules/pending/discord_krisp-1.zip: 87%
2024-11-27T01:38:08.407Z [Modules] Streaming discord_krisp@1 to /home/curator/.config/discord/0.0.76/modules/pending/discord_krisp-1.zip: 88%
2024-11-27T01:38:08.409Z [Modules] Streaming discord_krisp@1 to /home/curator/.config/discord/0.0.76/modules/pending/discord_krisp-1.zip: 89%
2024-11-27T01:38:08.411Z [Modules] Streaming discord_krisp@1 to /home/curator/.config/discord/0.0.76/modules/pending/discord_krisp-1.zip: 90%
2024-11-27T01:38:08.413Z [Modules] Streaming discord_krisp@1 to /home/curator/.config/discord/0.0.76/modules/pending/discord_krisp-1.zip: 91%
2024-11-27T01:38:08.416Z [Modules] Streaming discord_krisp@1 to /home/curator/.config/discord/0.0.76/modules/pending/discord_krisp-1.zip: 92%
2024-11-27T01:38:08.418Z [Modules] Streaming discord_krisp@1 to /home/curator/.config/discord/0.0.76/modules/pending/discord_krisp-1.zip: 93%
2024-11-27T01:38:08.421Z [Modules] Streaming discord_krisp@1 to /home/curator/.config/discord/0.0.76/modules/pending/discord_krisp-1.zip: 94%
2024-11-27T01:38:08.424Z [Modules] Streaming discord_krisp@1 to /home/curator/.config/discord/0.0.76/modules/pending/discord_krisp-1.zip: 95%
2024-11-27T01:38:08.426Z [Modules] Streaming discord_krisp@1 to /home/curator/.config/discord/0.0.76/modules/pending/discord_krisp-1.zip: 96%
2024-11-27T01:38:08.448Z [Modules] Streaming discord_krisp@1 to /home/curator/.config/discord/0.0.76/modules/pending/discord_krisp-1.zip: 97%
2024-11-27T01:38:08.448Z [Modules] Streaming discord_krisp@1 to /home/curator/.config/discord/0.0.76/modules/pending/discord_krisp-1.zip: 98%
2024-11-27T01:38:08.448Z [Modules] Streaming discord_krisp@1 to /home/curator/.config/discord/0.0.76/modules/pending/discord_krisp-1.zip: 99%
2024-11-27T01:38:08.449Z [Modules] Streaming discord_krisp@1 to /home/curator/.config/discord/0.0.76/modules/pending/discord_krisp-1.zip: 100%
2024-11-27T01:38:08.450Z [Modules] Fetching discord_game_utils@1 from https://discord.com/api/modules/stable/discord_game_utils/1
2024-11-27T01:38:08.450Z [Modules] Streaming discord_game_utils@1 to /home/curator/.config/discord/0.0.76/modules/pending/discord_game_utils-1.zip
2024-11-27T01:38:08.450Z [Modules] Installing discord_krisp@1 from /home/curator/.config/discord/0.0.76/modules/pending/discord_krisp-1.zip
2024-11-27T01:38:08.467Z [Modules] Checking for host updates.
2024-11-27T01:38:08.555Z [Modules] Starting to install discord_rpc...
2024-11-27T01:38:08.627Z [Modules] Host is up to date.
2024-11-27T01:38:08.627Z [Modules] Checking for module updates at https://discord.com/api/modules/stable/versions.json
2024-11-27T01:38:08.635Z [Modules] No module updates available.
2024-11-27T01:38:08.660Z [Modules] Streaming discord_game_utils@1 to /home/curator/.config/discord/0.0.76/modules/pending/discord_game_utils-1.zip: 1%
2024-11-27T01:38:08.661Z [Modules] Streaming discord_game_utils@1 to /home/curator/.config/discord/0.0.76/modules/pending/discord_game_utils-1.zip: 5%
2024-11-27T01:38:08.661Z [Modules] Streaming discord_game_utils@1 to /home/curator/.config/discord/0.0.76/modules/pending/discord_game_utils-1.zip: 8%
2024-11-27T01:38:08.662Z [Modules] Streaming discord_game_utils@1 to /home/curator/.config/discord/0.0.76/modules/pending/discord_game_utils-1.zip: 10%
2024-11-27T01:38:08.662Z [Modules] Streaming discord_game_utils@1 to /home/curator/.config/discord/0.0.76/modules/pending/discord_game_utils-1.zip: 12%
2024-11-27T01:38:08.663Z [Modules] Streaming discord_game_utils@1 to /home/curator/.config/discord/0.0.76/modules/pending/discord_game_utils-1.zip: 13%
2024-11-27T01:38:08.664Z [Modules] Streaming discord_game_utils@1 to /home/curator/.config/discord/0.0.76/modules/pending/discord_game_utils-1.zip: 14%
2024-11-27T01:38:08.664Z [Modules] Streaming discord_game_utils@1 to /home/curator/.config/discord/0.0.76/modules/pending/discord_game_utils-1.zip: 16%
2024-11-27T01:38:08.665Z [Modules] Streaming discord_game_utils@1 to /home/curator/.config/discord/0.0.76/modules/pending/discord_game_utils-1.zip: 17%
2024-11-27T01:38:08.665Z [Modules] Streaming discord_game_utils@1 to /home/curator/.config/discord/0.0.76/modules/pending/discord_game_utils-1.zip: 19%
2024-11-27T01:38:08.665Z [Modules] Streaming discord_game_utils@1 to /home/curator/.config/discord/0.0.76/modules/pending/discord_game_utils-1.zip: 20%
2024-11-27T01:38:08.666Z [Modules] Streaming discord_game_utils@1 to /home/curator/.config/discord/0.0.76/modules/pending/discord_game_utils-1.zip: 21%
2024-11-27T01:38:08.666Z [Modules] Streaming discord_game_utils@1 to /home/curator/.config/discord/0.0.76/modules/pending/discord_game_utils-1.zip: 22%
2024-11-27T01:38:08.666Z [Modules] Streaming discord_game_utils@1 to /home/curator/.config/discord/0.0.76/modules/pending/discord_game_utils-1.zip: 23%
2024-11-27T01:38:08.667Z [Modules] Streaming discord_game_utils@1 to /home/curator/.config/discord/0.0.76/modules/pending/discord_game_utils-1.zip: 24%
2024-11-27T01:38:08.667Z [Modules] Streaming discord_game_utils@1 to /home/curator/.config/discord/0.0.76/modules/pending/discord_game_utils-1.zip: 25%
2024-11-27T01:38:08.667Z [Modules] Streaming discord_game_utils@1 to /home/curator/.config/discord/0.0.76/modules/pending/discord_game_utils-1.zip: 26%
2024-11-27T01:38:08.667Z [Modules] Streaming discord_game_utils@1 to /home/curator/.config/discord/0.0.76/modules/pending/discord_game_utils-1.zip: 27%
2024-11-27T01:38:08.668Z [Modules] Streaming discord_game_utils@1 to /home/curator/.config/discord/0.0.76/modules/pending/discord_game_utils-1.zip: 28%
2024-11-27T01:38:08.668Z [Modules] Streaming discord_game_utils@1 to /home/curator/.config/discord/0.0.76/modules/pending/discord_game_utils-1.zip: 29%
2024-11-27T01:38:08.668Z [Modules] Streaming discord_game_utils@1 to /home/curator/.config/discord/0.0.76/modules/pending/discord_game_utils-1.zip: 30%
2024-11-27T01:38:08.668Z [Modules] Streaming discord_game_utils@1 to /home/curator/.config/discord/0.0.76/modules/pending/discord_game_utils-1.zip: 31%
2024-11-27T01:38:08.669Z [Modules] Streaming discord_game_utils@1 to /home/curator/.config/discord/0.0.76/modules/pending/discord_game_utils-1.zip: 32%
2024-11-27T01:38:08.669Z [Modules] Streaming discord_game_utils@1 to /home/curator/.config/discord/0.0.76/modules/pending/discord_game_utils-1.zip: 33%
2024-11-27T01:38:08.669Z [Modules] Streaming discord_game_utils@1 to /home/curator/.config/discord/0.0.76/modules/pending/discord_game_utils-1.zip: 34%
2024-11-27T01:38:08.669Z [Modules] Streaming discord_game_utils@1 to /home/curator/.config/discord/0.0.76/modules/pending/discord_game_utils-1.zip: 35%
2024-11-27T01:38:08.670Z [Modules] Streaming discord_game_utils@1 to /home/curator/.config/discord/0.0.76/modules/pending/discord_game_utils-1.zip: 36%
2024-11-27T01:38:08.670Z [Modules] Streaming discord_game_utils@1 to /home/curator/.config/discord/0.0.76/modules/pending/discord_game_utils-1.zip: 37%
2024-11-27T01:38:08.670Z [Modules] Streaming discord_game_utils@1 to /home/curator/.config/discord/0.0.76/modules/pending/discord_game_utils-1.zip: 38%
2024-11-27T01:38:08.670Z [Modules] Streaming discord_game_utils@1 to /home/curator/.config/discord/0.0.76/modules/pending/discord_game_utils-1.zip: 39%
2024-11-27T01:38:08.671Z [Modules] Streaming discord_game_utils@1 to /home/curator/.config/discord/0.0.76/modules/pending/discord_game_utils-1.zip: 40%
2024-11-27T01:38:08.671Z [Modules] Streaming discord_game_utils@1 to /home/curator/.config/discord/0.0.76/modules/pending/discord_game_utils-1.zip: 41%
2024-11-27T01:38:08.671Z [Modules] Streaming discord_game_utils@1 to /home/curator/.config/discord/0.0.76/modules/pending/discord_game_utils-1.zip: 42%
2024-11-27T01:38:08.672Z [Modules] Streaming discord_game_utils@1 to /home/curator/.config/discord/0.0.76/modules/pending/discord_game_utils-1.zip: 43%
2024-11-27T01:38:08.672Z [Modules] Streaming discord_game_utils@1 to /home/curator/.config/discord/0.0.76/modules/pending/discord_game_utils-1.zip: 44%
2024-11-27T01:38:08.672Z [Modules] Streaming discord_game_utils@1 to /home/curator/.config/discord/0.0.76/modules/pending/discord_game_utils-1.zip: 45%
2024-11-27T01:38:08.672Z [Modules] Streaming discord_game_utils@1 to /home/curator/.config/discord/0.0.76/modules/pending/discord_game_utils-1.zip: 46%
2024-11-27T01:38:08.673Z [Modules] Streaming discord_game_utils@1 to /home/curator/.config/discord/0.0.76/modules/pending/discord_game_utils-1.zip: 47%
2024-11-27T01:38:08.673Z [Modules] Streaming discord_game_utils@1 to /home/curator/.config/discord/0.0.76/modules/pending/discord_game_utils-1.zip: 48%
2024-11-27T01:38:08.673Z [Modules] Streaming discord_game_utils@1 to /home/curator/.config/discord/0.0.76/modules/pending/discord_game_utils-1.zip: 49%
2024-11-27T01:38:08.673Z [Modules] Streaming discord_game_utils@1 to /home/curator/.config/discord/0.0.76/modules/pending/discord_game_utils-1.zip: 50%
2024-11-27T01:38:08.674Z [Modules] Streaming discord_game_utils@1 to /home/curator/.config/discord/0.0.76/modules/pending/discord_game_utils-1.zip: 51%
2024-11-27T01:38:08.674Z [Modules] Streaming discord_game_utils@1 to /home/curator/.config/discord/0.0.76/modules/pending/discord_game_utils-1.zip: 52%
2024-11-27T01:38:08.674Z [Modules] Streaming discord_game_utils@1 to /home/curator/.config/discord/0.0.76/modules/pending/discord_game_utils-1.zip: 53%
2024-11-27T01:38:08.674Z [Modules] Streaming discord_game_utils@1 to /home/curator/.config/discord/0.0.76/modules/pending/discord_game_utils-1.zip: 54%
2024-11-27T01:38:08.675Z [Modules] Streaming discord_game_utils@1 to /home/curator/.config/discord/0.0.76/modules/pending/discord_game_utils-1.zip: 55%
2024-11-27T01:38:08.675Z [Modules] Streaming discord_game_utils@1 to /home/curator/.config/discord/0.0.76/modules/pending/discord_game_utils-1.zip: 56%
2024-11-27T01:38:08.675Z [Modules] Streaming discord_game_utils@1 to /home/curator/.config/discord/0.0.76/modules/pending/discord_game_utils-1.zip: 57%
2024-11-27T01:38:08.675Z [Modules] Streaming discord_game_utils@1 to /home/curator/.config/discord/0.0.76/modules/pending/discord_game_utils-1.zip: 58%
2024-11-27T01:38:08.676Z [Modules] Streaming discord_game_utils@1 to /home/curator/.config/discord/0.0.76/modules/pending/discord_game_utils-1.zip: 59%
2024-11-27T01:38:08.676Z [Modules] Streaming discord_game_utils@1 to /home/curator/.config/discord/0.0.76/modules/pending/discord_game_utils-1.zip: 60%
2024-11-27T01:38:08.676Z [Modules] Streaming discord_game_utils@1 to /home/curator/.config/discord/0.0.76/modules/pending/discord_game_utils-1.zip: 61%
2024-11-27T01:38:08.676Z [Modules] Streaming discord_game_utils@1 to /home/curator/.config/discord/0.0.76/modules/pending/discord_game_utils-1.zip: 62%
2024-11-27T01:38:08.677Z [Modules] Streaming discord_game_utils@1 to /home/curator/.config/discord/0.0.76/modules/pending/discord_game_utils-1.zip: 64%
2024-11-27T01:38:08.677Z [Modules] Streaming discord_game_utils@1 to /home/curator/.config/discord/0.0.76/modules/pending/discord_game_utils-1.zip: 65%
2024-11-27T01:38:08.678Z [Modules] Streaming discord_game_utils@1 to /home/curator/.config/discord/0.0.76/modules/pending/discord_game_utils-1.zip: 66%
2024-11-27T01:38:08.678Z [Modules] Streaming discord_game_utils@1 to /home/curator/.config/discord/0.0.76/modules/pending/discord_game_utils-1.zip: 67%
2024-11-27T01:38:08.678Z [Modules] Streaming discord_game_utils@1 to /home/curator/.config/discord/0.0.76/modules/pending/discord_game_utils-1.zip: 68%
2024-11-27T01:38:08.678Z [Modules] Streaming discord_game_utils@1 to /home/curator/.config/discord/0.0.76/modules/pending/discord_game_utils-1.zip: 69%
2024-11-27T01:38:08.679Z [Modules] Streaming discord_game_utils@1 to /home/curator/.config/discord/0.0.76/modules/pending/discord_game_utils-1.zip: 70%
2024-11-27T01:38:08.679Z [Modules] Streaming discord_game_utils@1 to /home/curator/.config/discord/0.0.76/modules/pending/discord_game_utils-1.zip: 71%
2024-11-27T01:38:08.679Z [Modules] Streaming discord_game_utils@1 to /home/curator/.config/discord/0.0.76/modules/pending/discord_game_utils-1.zip: 72%
2024-11-27T01:38:08.680Z [Modules] Streaming discord_game_utils@1 to /home/curator/.config/discord/0.0.76/modules/pending/discord_game_utils-1.zip: 73%
2024-11-27T01:38:08.680Z [Modules] Streaming discord_game_utils@1 to /home/curator/.config/discord/0.0.76/modules/pending/discord_game_utils-1.zip: 74%
2024-11-27T01:38:08.680Z [Modules] Streaming discord_game_utils@1 to /home/curator/.config/discord/0.0.76/modules/pending/discord_game_utils-1.zip: 75%
2024-11-27T01:38:08.680Z [Modules] Streaming discord_game_utils@1 to /home/curator/.config/discord/0.0.76/modules/pending/discord_game_utils-1.zip: 76%
2024-11-27T01:38:08.680Z [Modules] Streaming discord_game_utils@1 to /home/curator/.config/discord/0.0.76/modules/pending/discord_game_utils-1.zip: 77%
2024-11-27T01:38:08.681Z [Modules] Streaming discord_game_utils@1 to /home/curator/.config/discord/0.0.76/modules/pending/discord_game_utils-1.zip: 78%
2024-11-27T01:38:08.681Z [Modules] Streaming discord_game_utils@1 to /home/curator/.config/discord/0.0.76/modules/pending/discord_game_utils-1.zip: 79%
2024-11-27T01:38:08.682Z [Modules] Streaming discord_game_utils@1 to /home/curator/.config/discord/0.0.76/modules/pending/discord_game_utils-1.zip: 80%
2024-11-27T01:38:08.682Z [Modules] Streaming discord_game_utils@1 to /home/curator/.config/discord/0.0.76/modules/pending/discord_game_utils-1.zip: 83%
2024-11-27T01:38:08.683Z [Modules] Streaming discord_game_utils@1 to /home/curator/.config/discord/0.0.76/modules/pending/discord_game_utils-1.zip: 84%
2024-11-27T01:38:08.683Z [Modules] Streaming discord_game_utils@1 to /home/curator/.config/discord/0.0.76/modules/pending/discord_game_utils-1.zip: 86%
2024-11-27T01:38:08.683Z [Modules] Streaming discord_game_utils@1 to /home/curator/.config/discord/0.0.76/modules/pending/discord_game_utils-1.zip: 87%
2024-11-27T01:38:08.684Z [Modules] Streaming discord_game_utils@1 to /home/curator/.config/discord/0.0.76/modules/pending/discord_game_utils-1.zip: 88%
2024-11-27T01:38:08.684Z [Modules] Streaming discord_game_utils@1 to /home/curator/.config/discord/0.0.76/modules/pending/discord_game_utils-1.zip: 89%
2024-11-27T01:38:08.685Z [Modules] Streaming discord_game_utils@1 to /home/curator/.config/discord/0.0.76/modules/pending/discord_game_utils-1.zip: 91%
2024-11-27T01:38:08.685Z [Modules] Streaming discord_game_utils@1 to /home/curator/.config/discord/0.0.76/modules/pending/discord_game_utils-1.zip: 93%
2024-11-27T01:38:08.685Z [Modules] Streaming discord_game_utils@1 to /home/curator/.config/discord/0.0.76/modules/pending/discord_game_utils-1.zip: 94%
2024-11-27T01:38:08.686Z [Modules] Streaming discord_game_utils@1 to /home/curator/.config/discord/0.0.76/modules/pending/discord_game_utils-1.zip: 96%
2024-11-27T01:38:08.686Z [Modules] Streaming discord_game_utils@1 to /home/curator/.config/discord/0.0.76/modules/pending/discord_game_utils-1.zip: 98%
2024-11-27T01:38:08.686Z [Modules] Streaming discord_game_utils@1 to /home/curator/.config/discord/0.0.76/modules/pending/discord_game_utils-1.zip: 99%
2024-11-27T01:38:08.687Z [Modules] Streaming discord_game_utils@1 to /home/curator/.config/discord/0.0.76/modules/pending/discord_game_utils-1.zip: 100%
2024-11-27T01:38:08.687Z [Modules] Fetching discord_rpc@1 from https://discord.com/api/modules/stable/discord_rpc/1
2024-11-27T01:38:08.688Z [Modules] Streaming discord_rpc@1 to /home/curator/.config/discord/0.0.76/modules/pending/discord_rpc-1.zip
2024-11-27T01:38:09.204Z [Modules] Streaming discord_rpc@1 to /home/curator/.config/discord/0.0.76/modules/pending/discord_rpc-1.zip: 100%
2024-11-27T01:38:09.205Z [Modules] Finished module downloads. [success: 3] [failure: 0]
2024-11-27T01:38:09.354Z [Modules] Installing discord_game_utils@1 from /home/curator/.config/discord/0.0.76/modules/pending/discord_game_utils-1.zip
2024-11-27T01:38:09.428Z [Modules] Installing discord_rpc@1 from /home/curator/.config/discord/0.0.76/modules/pending/discord_rpc-1.zip
2024-11-27T01:38:09.438Z [Modules] Finished module installations. [success: 3] [failure: 0]
2024-11-27T02:14:12.779Z [Modules] Modules initializing
2024-11-27T02:14:12.779Z [Modules] Distribution: remote
2024-11-27T02:14:12.780Z [Modules] Host updates: enabled
2024-11-27T02:14:12.780Z [Modules] Module updates: enabled
2024-11-27T02:14:12.780Z [Modules] Module install path: /home/curator/.config/discord/0.0.76/modules
2024-11-27T02:14:12.780Z [Modules] Module installed file path: /home/curator/.config/discord/0.0.76/modules/installed.json
2024-11-27T02:14:12.780Z [Modules] Module download path: /home/curator/.config/discord/0.0.76/modules/pending
2024-11-27T02:14:13.081Z [Modules] No updates to install
2024-11-27T02:14:13.082Z [Modules] Checking for host updates.
2024-11-27T02:14:13.308Z [Modules] Host is up to date.
2024-11-27T02:14:13.308Z [Modules] Checking for module updates at https://discord.com/api/modules/stable/versions.json
2024-11-27T02:14:13.323Z [Modules] No module updates available.
2024-11-27T02:14:16.188Z [Modules] Checking for host updates.
2024-11-27T02:14:16.357Z [Modules] Host is up to date.
2024-11-27T02:14:16.357Z [Modules] Checking for module updates at https://discord.com/api/modules/stable/versions.json
2024-11-27T02:14:16.361Z [Modules] No module updates available.
2024-11-27T03:14:16.234Z [Modules] Checking for host updates.
2024-11-27T03:14:16.428Z [Modules] Host is up to date.
2024-11-27T03:14:16.428Z [Modules] Checking for module updates at https://discord.com/api/modules/stable/versions.json
2024-11-27T03:14:16.452Z [Modules] No module updates available.
2024-11-27T03:42:59.297Z [Modules] Modules initializing
2024-11-27T03:42:59.298Z [Modules] Distribution: remote
2024-11-27T03:42:59.298Z [Modules] Host updates: enabled
2024-11-27T03:42:59.298Z [Modules] Module updates: enabled
2024-11-27T03:42:59.298Z [Modules] Module install path: /home/curator/.config/discord/0.0.76/modules
2024-11-27T03:42:59.298Z [Modules] Module installed file path: /home/curator/.config/discord/0.0.76/modules/installed.json
2024-11-27T03:42:59.298Z [Modules] Module download path: /home/curator/.config/discord/0.0.76/modules/pending
2024-11-27T03:42:59.603Z [Modules] No updates to install
2024-11-27T03:42:59.604Z [Modules] Checking for host updates.
2024-11-27T03:42:59.852Z [Modules] Host is up to date.
2024-11-27T03:42:59.852Z [Modules] Checking for module updates at https://discord.com/api/modules/stable/versions.json
2024-11-27T03:42:59.869Z [Modules] No module updates available.
2024-11-27T03:43:02.570Z [Modules] Checking for host updates.
2024-11-27T03:43:02.745Z [Modules] Host is up to date.
2024-11-27T03:43:02.745Z [Modules] Checking for module updates at https://discord.com/api/modules/stable/versions.json
2024-11-27T03:43:02.750Z [Modules] No module updates available.
2024-11-27T04:43:03.452Z [Modules] Checking for host updates.
2024-11-27T04:43:03.681Z [Modules] Host is up to date.
2024-11-27T04:43:03.681Z [Modules] Checking for module updates at https://discord.com/api/modules/stable/versions.json
2024-11-27T04:43:03.698Z [Modules] No module updates available.
