2024-11-27 03:45:51.026 [info] Getting Manifest... equinusocio.vsc-material-theme-icons
2024-11-27 03:45:51.591 [info] Installing extension: equinusocio.vsc-material-theme-icons {"isMachineScoped":false,"installPreReleaseVersion":false,"pinned":false,"profileLocation":{"$mid":1,"external":"vscode-userdata:/home/curator/.vscode-oss/extensions/extensions.json","path":"/home/curator/.vscode-oss/extensions/extensions.json","scheme":"vscode-userdata"},"installOnlyNewlyAddedFromExtensionPack":true,"isApplicationScoped":false,"productVersion":{"version":"1.95.1","date":"2024-11-01T17:20:55.708Z"}}
2024-11-27 03:45:52.502 [error] Could not load vsce-sign module Cannot find package '@vscode/vsce-sign' imported from /usr/lib/code/out/vs/code/electron-utility/sharedProcess/sharedProcessMain.js
2024-11-27 03:45:52.503 [info] Extension signature verification is not done: equinusocio.vsc-material-theme-icons
2024-11-27 03:45:54.097 [info] Extracted extension to file:///home/curator/.vscode-oss/extensions/equinusocio.vsc-material-theme-icons-3.6.1-universal: equinusocio.vsc-material-theme-icons
2024-11-27 03:45:54.121 [info] Renamed to /home/curator/.vscode-oss/extensions/equinusocio.vsc-material-theme-icons-3.6.1-universal
2024-11-27 03:45:54.137 [info] Extension installed successfully: equinusocio.vsc-material-theme-icons vscode-userdata:/home/curator/.vscode-oss/extensions/extensions.json
2024-11-27 03:45:54.208 [error] [uncaught exception in sharedProcess]: Error: ENOENT: no such file or directory, stat '/home/curator/.vscode-oss/extensions/extensions.json.vsctmp': EntryNotFound (FileSystemError): Error: ENOENT: no such file or directory, stat '/home/curator/.vscode-oss/extensions/extensions.json.vsctmp'
    at hm.create (file:///usr/lib/code/out/vs/code/electron-utility/sharedProcess/sharedProcessMain.js:35:39254)
    at Es (file:///usr/lib/code/out/vs/code/electron-utility/sharedProcess/sharedProcessMain.js:35:39361)
    at Fr.ib (file:///usr/lib/code/out/vs/code/electron-utility/sharedProcess/sharedProcessMain.js:71:22677)
    at Fr.stat (file:///usr/lib/code/out/vs/code/electron-utility/sharedProcess/sharedProcessMain.js:71:16010)
    at async Zl.stat (file:///usr/lib/code/out/vs/code/electron-utility/sharedProcess/sharedProcessMain.js:70:84491)
    at async Jl.yb (file:///usr/lib/code/out/vs/code/electron-utility/sharedProcess/sharedProcessMain.js:70:66605)
2024-11-27 03:47:04.545 [info] Uninstalling extension from the profile: equinusocio.vsc-material-theme-icons@3.6.1 vscode-userdata:/home/curator/.vscode-oss/extensions/extensions.json
2024-11-27 03:47:04.576 [info] Marked extension as uninstalled equinusocio.vsc-material-theme-icons-3.6.1-universal
2024-11-27 03:47:04.630 [error] [uncaught exception in sharedProcess]: Error: ENOENT: no such file or directory, stat '/home/curator/.vscode-oss/extensions/extensions.json.vsctmp': EntryNotFound (FileSystemError): Error: ENOENT: no such file or directory, stat '/home/curator/.vscode-oss/extensions/extensions.json.vsctmp'
    at hm.create (file:///usr/lib/code/out/vs/code/electron-utility/sharedProcess/sharedProcessMain.js:35:39254)
    at Es (file:///usr/lib/code/out/vs/code/electron-utility/sharedProcess/sharedProcessMain.js:35:39361)
    at Fr.ib (file:///usr/lib/code/out/vs/code/electron-utility/sharedProcess/sharedProcessMain.js:71:22677)
    at Fr.stat (file:///usr/lib/code/out/vs/code/electron-utility/sharedProcess/sharedProcessMain.js:71:16010)
    at async Zl.stat (file:///usr/lib/code/out/vs/code/electron-utility/sharedProcess/sharedProcessMain.js:70:84491)
    at async Jl.yb (file:///usr/lib/code/out/vs/code/electron-utility/sharedProcess/sharedProcessMain.js:70:66605)
2024-11-27 03:47:05.129 [info] Successfully uninstalled extension from the profile equinusocio.vsc-material-theme-icons@3.6.1 vscode-userdata:/home/curator/.vscode-oss/extensions/extensions.json
2024-11-27 03:48:14.046 [info] Getting Manifest... catppuccin.catppuccin-vsc
2024-11-27 03:48:14.570 [info] Installing extension: catppuccin.catppuccin-vsc {"isMachineScoped":false,"installPreReleaseVersion":false,"pinned":false,"profileLocation":{"$mid":1,"external":"vscode-userdata:/home/curator/.vscode-oss/extensions/extensions.json","path":"/home/curator/.vscode-oss/extensions/extensions.json","scheme":"vscode-userdata"},"installOnlyNewlyAddedFromExtensionPack":true,"isApplicationScoped":false,"productVersion":{"version":"1.95.1","date":"2024-11-01T17:20:55.708Z"}}
2024-11-27 03:48:14.958 [error] Could not load vsce-sign module Cannot find package '@vscode/vsce-sign' imported from /usr/lib/code/out/vs/code/electron-utility/sharedProcess/sharedProcessMain.js
2024-11-27 03:48:14.959 [info] Extension signature verification is not done: catppuccin.catppuccin-vsc
2024-11-27 03:48:14.974 [info] Extracted extension to file:///home/curator/.vscode-oss/extensions/catppuccin.catppuccin-vsc-3.15.2-universal: catppuccin.catppuccin-vsc
2024-11-27 03:48:14.979 [info] Renamed to /home/curator/.vscode-oss/extensions/catppuccin.catppuccin-vsc-3.15.2-universal
2024-11-27 03:48:14.997 [info] Extension installed successfully: catppuccin.catppuccin-vsc vscode-userdata:/home/curator/.vscode-oss/extensions/extensions.json
2024-11-27 03:48:15.061 [error] [uncaught exception in sharedProcess]: Error: ENOENT: no such file or directory, stat '/home/curator/.vscode-oss/extensions/extensions.json.vsctmp': EntryNotFound (FileSystemError): Error: ENOENT: no such file or directory, stat '/home/curator/.vscode-oss/extensions/extensions.json.vsctmp'
    at hm.create (file:///usr/lib/code/out/vs/code/electron-utility/sharedProcess/sharedProcessMain.js:35:39254)
    at Es (file:///usr/lib/code/out/vs/code/electron-utility/sharedProcess/sharedProcessMain.js:35:39361)
    at Fr.ib (file:///usr/lib/code/out/vs/code/electron-utility/sharedProcess/sharedProcessMain.js:71:22677)
    at Fr.stat (file:///usr/lib/code/out/vs/code/electron-utility/sharedProcess/sharedProcessMain.js:71:16010)
    at async Zl.stat (file:///usr/lib/code/out/vs/code/electron-utility/sharedProcess/sharedProcessMain.js:70:84491)
    at async Jl.yb (file:///usr/lib/code/out/vs/code/electron-utility/sharedProcess/sharedProcessMain.js:70:66605)
