2024-11-27 03:30:49.875 [info] [main] Log level: Info
2024-11-27 03:30:49.875 [info] [main] Validating found git in: "git"
2024-11-27 03:30:49.895 [info] [main] Using git "2.47.1" from "git"
2024-11-27 03:30:49.896 [info] [Model][doInitialScan] Initial repository scan started
2024-11-27 03:30:49.921 [info] > git rev-parse --show-toplevel [11ms]
2024-11-27 03:30:49.921 [info] fatal: not a git repository (or any of the parent directories): .git
2024-11-27 03:30:49.957 [info] > git rev-parse --show-toplevel [4ms]
2024-11-27 03:30:49.957 [info] fatal: not a git repository (or any of the parent directories): .git
2024-11-27 03:30:49.968 [info] > git rev-parse --show-toplevel [5ms]
2024-11-27 03:30:49.968 [info] fatal: not a git repository (or any of the parent directories): .git
2024-11-27 03:30:49.975 [info] > git rev-parse --show-toplevel [2ms]
2024-11-27 03:30:49.975 [info] fatal: not a git repository (or any of the parent directories): .git
2024-11-27 03:30:49.981 [info] > git rev-parse --show-toplevel [1ms]
2024-11-27 03:30:49.981 [info] fatal: not a git repository (or any of the parent directories): .git
2024-11-27 03:30:49.991 [info] > git rev-parse --show-toplevel [1ms]
2024-11-27 03:30:49.991 [info] fatal: not a git repository (or any of the parent directories): .git
2024-11-27 03:30:49.995 [info] > git rev-parse --show-toplevel [1ms]
2024-11-27 03:30:49.995 [info] fatal: not a git repository (or any of the parent directories): .git
2024-11-27 03:30:50.000 [info] > git rev-parse --show-toplevel [1ms]
2024-11-27 03:30:50.000 [info] fatal: not a git repository (or any of the parent directories): .git
2024-11-27 03:30:50.005 [info] > git rev-parse --show-toplevel [1ms]
2024-11-27 03:30:50.005 [info] fatal: not a git repository (or any of the parent directories): .git
2024-11-27 03:30:50.012 [info] > git rev-parse --show-toplevel [2ms]
2024-11-27 03:30:50.012 [info] fatal: not a git repository (or any of the parent directories): .git
2024-11-27 03:30:50.019 [info] > git rev-parse --show-toplevel [1ms]
2024-11-27 03:30:50.019 [info] fatal: not a git repository (or any of the parent directories): .git
2024-11-27 03:30:50.024 [info] > git rev-parse --show-toplevel [0ms]
2024-11-27 03:30:50.024 [info] fatal: not a git repository (or any of the parent directories): .git
2024-11-27 03:30:50.029 [info] > git rev-parse --show-toplevel [2ms]
2024-11-27 03:30:50.029 [info] fatal: not a git repository (or any of the parent directories): .git
2024-11-27 03:30:50.034 [info] > git rev-parse --show-toplevel [1ms]
2024-11-27 03:30:50.034 [info] fatal: not a git repository (or any of the parent directories): .git
2024-11-27 03:30:50.039 [info] > git rev-parse --show-toplevel [0ms]
2024-11-27 03:30:50.039 [info] fatal: not a git repository (or any of the parent directories): .git
2024-11-27 03:30:50.045 [info] > git rev-parse --show-toplevel [0ms]
2024-11-27 03:30:50.045 [info] fatal: not a git repository (or any of the parent directories): .git
2024-11-27 03:30:50.052 [info] > git rev-parse --show-toplevel [1ms]
2024-11-27 03:30:50.052 [info] fatal: not a git repository (or any of the parent directories): .git
2024-11-27 03:30:50.056 [info] > git rev-parse --show-toplevel [1ms]
2024-11-27 03:30:50.056 [info] fatal: not a git repository (or any of the parent directories): .git
2024-11-27 03:30:50.062 [info] > git rev-parse --show-toplevel [1ms]
2024-11-27 03:30:50.062 [info] fatal: not a git repository (or any of the parent directories): .git
2024-11-27 03:30:50.067 [info] > git rev-parse --show-toplevel [1ms]
2024-11-27 03:30:50.067 [info] fatal: not a git repository (or any of the parent directories): .git
2024-11-27 03:30:50.072 [info] > git rev-parse --show-toplevel [1ms]
2024-11-27 03:30:50.072 [info] fatal: not a git repository (or any of the parent directories): .git
2024-11-27 03:30:50.077 [info] > git rev-parse --show-toplevel [1ms]
2024-11-27 03:30:50.077 [info] fatal: not a git repository (or any of the parent directories): .git
2024-11-27 03:30:50.083 [info] > git rev-parse --show-toplevel [1ms]
2024-11-27 03:30:50.084 [info] fatal: not a git repository (or any of the parent directories): .git
2024-11-27 03:30:50.088 [info] > git rev-parse --show-toplevel [0ms]
2024-11-27 03:30:50.088 [info] fatal: not a git repository (or any of the parent directories): .git
2024-11-27 03:30:50.094 [info] > git rev-parse --show-toplevel [2ms]
2024-11-27 03:30:50.094 [info] fatal: not a git repository (or any of the parent directories): .git
2024-11-27 03:30:50.095 [info] [Model][doInitialScan] Initial repository scan completed - repositories (0), closed repositories (0), parent repositories (0), unsafe repositories (0)
2024-11-27 03:30:50.100 [info] > git rev-parse --show-toplevel [1ms]
2024-11-27 03:30:50.100 [info] fatal: not a git repository (or any of the parent directories): .git
2024-11-27 03:30:51.685 [info] > git rev-parse --show-toplevel [2ms]
2024-11-27 03:30:51.685 [info] fatal: not a git repository (or any of the parent directories): .git
2024-11-27 03:45:58.609 [info] > git rev-parse --show-toplevel [18ms]
2024-11-27 03:45:58.609 [info] fatal: not a git repository (or any of the parent directories): .git
2024-11-27 03:46:00.054 [info] > git rev-parse --show-toplevel [2ms]
2024-11-27 03:46:00.054 [info] fatal: not a git repository (or any of the parent directories): .git
2024-11-27 03:46:03.891 [info] > git rev-parse --show-toplevel [1ms]
2024-11-27 03:46:03.891 [info] fatal: not a git repository (or any of the parent directories): .git
2024-11-27 03:47:18.062 [info] > git rev-parse --show-toplevel [1ms]
2024-11-27 03:47:18.062 [info] fatal: not a git repository (or any of the parent directories): .git
2024-11-27 03:48:15.029 [info] > git rev-parse --show-toplevel [2ms]
2024-11-27 03:48:15.029 [info] fatal: not a git repository (or any of the parent directories): .git
2024-11-27 03:48:32.851 [info] > git rev-parse --show-toplevel [1ms]
2024-11-27 03:48:32.851 [info] fatal: not a git repository (or any of the parent directories): .git
2024-11-27 03:48:35.595 [info] > git rev-parse --show-toplevel [3ms]
2024-11-27 03:48:35.595 [info] fatal: not a git repository (or any of the parent directories): .git
2024-11-27 04:18:44.895 [info] > git rev-parse --show-toplevel [2ms]
2024-11-27 04:18:44.904 [info] > git rev-parse --git-dir --git-common-dir [1ms]
2024-11-27 04:18:44.914 [info] [Model][openRepository] Opened repository: /home/curator/.config
2024-11-27 04:18:44.931 [info] [Git][getRemotes] No remotes found in the git config file
2024-11-27 04:18:44.937 [info] > git config --get commit.template [13ms]
2024-11-27 04:18:44.937 [info] > git for-each-ref --format=%(refname)%00%(upstream:short)%00%(objectname)%00%(upstream:track)%00%(upstream:remotename)%00%(upstream:remoteref) refs/heads/main refs/remotes/main [7ms]
2024-11-27 04:18:44.937 [warning] [Git][getBranch] No such branch: main
2024-11-27 04:18:44.954 [info] > git for-each-ref --sort -committerdate --format %(refname) %(objectname) %(*objectname) [2ms]
2024-11-27 04:18:44.957 [info] > git status -z -uall [13ms]
2024-11-27 04:18:45.010 [info] > git for-each-ref --format=%(refname)%00%(upstream:short)%00%(objectname)%00%(upstream:track)%00%(upstream:remotename)%00%(upstream:remoteref) refs/heads/main refs/remotes/main [11ms]
2024-11-27 04:18:45.010 [warning] [Git][getBranch] No such branch: main
2024-11-27 04:18:45.011 [error] [GitHistoryProvider][resolveHEADMergeBase] Failed to resolve merge base for main: Error: No such branch: main.
2024-11-27 04:18:45.239 [info] > git config --get commit.template [229ms]
2024-11-27 04:18:45.248 [info] [Git][getRemotes] No remotes found in the git config file
2024-11-27 04:18:45.249 [info] > git for-each-ref --format=%(refname)%00%(upstream:short)%00%(objectname)%00%(upstream:track)%00%(upstream:remotename)%00%(upstream:remoteref) refs/heads/main refs/remotes/main [2ms]
2024-11-27 04:18:45.249 [warning] [Git][getBranch] No such branch: main
2024-11-27 04:18:45.261 [info] > git for-each-ref --sort -committerdate --format %(refname) %(objectname) %(*objectname) [1ms]
2024-11-27 04:18:45.264 [info] > git status -z -uall [10ms]
2024-11-27 04:18:45.332 [info] > git show --textconv :hypr/hyprland.conf [7ms]
2024-11-27 04:18:45.334 [info] > git ls-files --stage -- /home/curator/.config/hypr/hyprland.conf [3ms]
2024-11-27 04:18:45.595 [info] > git check-ignore -v -z --stdin [1ms]
2024-11-27 04:20:03.624 [info] [Git][getRemotes] No remotes found in the git config file
2024-11-27 04:20:03.624 [info] > git config --get commit.template [8ms]
2024-11-27 04:20:03.625 [info] > git for-each-ref --format=%(refname)%00%(upstream:short)%00%(objectname)%00%(upstream:track)%00%(upstream:remotename)%00%(upstream:remoteref) refs/heads/main refs/remotes/main [2ms]
2024-11-27 04:20:03.644 [info] > git status -z -uall [11ms]
2024-11-27 04:20:03.645 [info] > git for-each-ref --sort -committerdate --format %(refname) %(objectname) %(*objectname) [4ms]
2024-11-27 04:20:03.681 [info] > git ls-files --stage -- /home/curator/.config/hypr/hyprland.conf [2ms]
2024-11-27 04:20:03.697 [info] > git show --textconv :hypr/hyprland.conf [1ms]
2024-11-27 04:20:10.213 [info] > git config --get commit.template [6ms]
2024-11-27 04:20:10.214 [info] [Git][getRemotes] No remotes found in the git config file
2024-11-27 04:20:10.214 [info] > git for-each-ref --format=%(refname)%00%(upstream:short)%00%(objectname)%00%(upstream:track)%00%(upstream:remotename)%00%(upstream:remoteref) refs/heads/main refs/remotes/main [1ms]
2024-11-27 04:20:10.226 [info] > git for-each-ref --sort -committerdate --format %(refname) %(objectname) %(*objectname) [2ms]
2024-11-27 04:20:10.234 [info] > git status -z -uall [15ms]
2024-11-27 04:20:36.203 [info] > git config --get commit.template [2ms]
2024-11-27 04:20:36.213 [info] > git ls-files --stage -- /home/curator/.config/hypr/hyprland.conf [5ms]
2024-11-27 04:20:36.214 [info] > git for-each-ref --format=%(refname)%00%(upstream:short)%00%(objectname)%00%(upstream:track)%00%(upstream:remotename)%00%(upstream:remoteref) refs/heads/main refs/remotes/main [2ms]
2024-11-27 04:20:36.235 [info] > git show --textconv :hypr/hyprland.conf [1ms]
2024-11-27 04:20:36.236 [info] > git status -z -uall [17ms]
2024-11-27 04:20:36.236 [info] > git for-each-ref --sort -committerdate --format %(refname) %(objectname) %(*objectname) [9ms]
2024-11-27 04:21:05.480 [info] > git config --get commit.template [6ms]
2024-11-27 04:21:05.481 [info] > git for-each-ref --format=%(refname)%00%(upstream:short)%00%(objectname)%00%(upstream:track)%00%(upstream:remotename)%00%(upstream:remoteref) refs/heads/main refs/remotes/main [1ms]
2024-11-27 04:21:05.493 [info] > git for-each-ref --sort -committerdate --format %(refname) %(objectname) %(*objectname) [1ms]
2024-11-27 04:21:05.498 [info] > git status -z -uall [12ms]
2024-11-27 04:21:24.250 [info] > git config --get commit.template [6ms]
2024-11-27 04:21:24.250 [info] > git for-each-ref --format=%(refname)%00%(upstream:short)%00%(objectname)%00%(upstream:track)%00%(upstream:remotename)%00%(upstream:remoteref) refs/heads/main refs/remotes/main [1ms]
2024-11-27 04:21:24.266 [info] > git for-each-ref --sort -committerdate --format %(refname) %(objectname) %(*objectname) [2ms]
2024-11-27 04:21:24.267 [info] > git status -z -uall [10ms]
2024-11-27 04:21:38.806 [info] > git config --get commit.template [7ms]
2024-11-27 04:21:38.806 [info] > git for-each-ref --format=%(refname)%00%(upstream:short)%00%(objectname)%00%(upstream:track)%00%(upstream:remotename)%00%(upstream:remoteref) refs/heads/main refs/remotes/main [1ms]
2024-11-27 04:21:38.819 [info] > git for-each-ref --sort -committerdate --format %(refname) %(objectname) %(*objectname) [1ms]
2024-11-27 04:21:38.821 [info] > git status -z -uall [10ms]
2024-11-27 04:22:28.570 [info] > git config --get commit.template [8ms]
2024-11-27 04:22:28.576 [info] > git ls-files --stage -- /home/curator/.config/hypr/hyprland.conf [7ms]
2024-11-27 04:22:28.577 [info] > git for-each-ref --format=%(refname)%00%(upstream:short)%00%(objectname)%00%(upstream:track)%00%(upstream:remotename)%00%(upstream:remoteref) refs/heads/main refs/remotes/main [1ms]
2024-11-27 04:22:28.597 [info] > git status -z -uall [15ms]
2024-11-27 04:22:28.597 [info] > git show --textconv :hypr/hyprland.conf [1ms]
2024-11-27 04:22:28.598 [info] > git for-each-ref --sort -committerdate --format %(refname) %(objectname) %(*objectname) [7ms]
2024-11-27 04:22:45.803 [info] > git config --get commit.template [6ms]
2024-11-27 04:22:45.804 [info] > git for-each-ref --format=%(refname)%00%(upstream:short)%00%(objectname)%00%(upstream:track)%00%(upstream:remotename)%00%(upstream:remoteref) refs/heads/main refs/remotes/main [1ms]
2024-11-27 04:22:45.816 [info] > git for-each-ref --sort -committerdate --format %(refname) %(objectname) %(*objectname) [1ms]
2024-11-27 04:22:45.819 [info] > git status -z -uall [10ms]
2024-11-27 04:22:56.706 [info] > git config --get commit.template [1ms]
2024-11-27 04:22:56.719 [info] > git ls-files --stage -- /home/curator/.config/hypr/hyprland.conf [7ms]
2024-11-27 04:22:56.720 [info] > git for-each-ref --format=%(refname)%00%(upstream:short)%00%(objectname)%00%(upstream:track)%00%(upstream:remotename)%00%(upstream:remoteref) refs/heads/main refs/remotes/main [1ms]
2024-11-27 04:22:56.739 [info] > git for-each-ref --sort -committerdate --format %(refname) %(objectname) %(*objectname) [7ms]
2024-11-27 04:22:56.741 [info] > git status -z -uall [15ms]
2024-11-27 04:22:56.741 [info] > git show --textconv :hypr/hyprland.conf [3ms]
2024-11-27 04:23:15.588 [info] > git config --get commit.template [6ms]
2024-11-27 04:23:15.589 [info] > git for-each-ref --format=%(refname)%00%(upstream:short)%00%(objectname)%00%(upstream:track)%00%(upstream:remotename)%00%(upstream:remoteref) refs/heads/main refs/remotes/main [2ms]
2024-11-27 04:23:15.601 [info] > git for-each-ref --sort -committerdate --format %(refname) %(objectname) %(*objectname) [1ms]
2024-11-27 04:23:15.603 [info] > git status -z -uall [9ms]
2024-11-27 04:23:37.770 [info] > git config --get commit.template [5ms]
2024-11-27 04:23:37.772 [info] > git for-each-ref --format=%(refname)%00%(upstream:short)%00%(objectname)%00%(upstream:track)%00%(upstream:remotename)%00%(upstream:remoteref) refs/heads/main refs/remotes/main [1ms]
2024-11-27 04:23:37.784 [info] > git for-each-ref --sort -committerdate --format %(refname) %(objectname) %(*objectname) [1ms]
2024-11-27 04:23:37.787 [info] > git status -z -uall [11ms]
2024-11-27 04:23:55.687 [info] > git config --get commit.template [6ms]
2024-11-27 04:23:55.687 [info] > git for-each-ref --format=%(refname)%00%(upstream:short)%00%(objectname)%00%(upstream:track)%00%(upstream:remotename)%00%(upstream:remoteref) refs/heads/main refs/remotes/main [1ms]
2024-11-27 04:23:55.701 [info] > git status -z -uall [9ms]
2024-11-27 04:23:55.708 [info] > git for-each-ref --sort -committerdate --format %(refname) %(objectname) %(*objectname) [9ms]
2024-11-27 04:24:22.797 [info] > git config --get commit.template [8ms]
2024-11-27 04:24:22.798 [info] > git for-each-ref --format=%(refname)%00%(upstream:short)%00%(objectname)%00%(upstream:track)%00%(upstream:remotename)%00%(upstream:remoteref) refs/heads/main refs/remotes/main [2ms]
2024-11-27 04:24:22.811 [info] > git for-each-ref --sort -committerdate --format %(refname) %(objectname) %(*objectname) [1ms]
2024-11-27 04:24:22.813 [info] > git status -z -uall [10ms]
2024-11-27 04:24:56.566 [info] > git config --get commit.template [6ms]
2024-11-27 04:24:56.566 [info] > git for-each-ref --format=%(refname)%00%(upstream:short)%00%(objectname)%00%(upstream:track)%00%(upstream:remotename)%00%(upstream:remoteref) refs/heads/main refs/remotes/main [1ms]
2024-11-27 04:24:56.577 [info] > git for-each-ref --sort -committerdate --format %(refname) %(objectname) %(*objectname) [1ms]
2024-11-27 04:24:56.581 [info] > git status -z -uall [10ms]
2024-11-27 04:25:02.288 [info] > git config --get commit.template [1ms]
2024-11-27 04:25:02.295 [info] > git for-each-ref --format=%(refname)%00%(upstream:short)%00%(objectname)%00%(upstream:track)%00%(upstream:remotename)%00%(upstream:remoteref) refs/heads/main refs/remotes/main [1ms]
2024-11-27 04:25:02.307 [info] > git for-each-ref --sort -committerdate --format %(refname) %(objectname) %(*objectname) [1ms]
2024-11-27 04:25:02.312 [info] > git status -z -uall [12ms]
2024-11-27 04:25:59.612 [info] > git config --get commit.template [6ms]
2024-11-27 04:25:59.612 [info] > git for-each-ref --format=%(refname)%00%(upstream:short)%00%(objectname)%00%(upstream:track)%00%(upstream:remotename)%00%(upstream:remoteref) refs/heads/main refs/remotes/main [1ms]
2024-11-27 04:25:59.626 [info] > git for-each-ref --sort -committerdate --format %(refname) %(objectname) %(*objectname) [1ms]
2024-11-27 04:25:59.628 [info] > git status -z -uall [10ms]
2024-11-27 04:26:30.314 [info] > git config --get commit.template [6ms]
2024-11-27 04:26:30.315 [info] > git for-each-ref --format=%(refname)%00%(upstream:short)%00%(objectname)%00%(upstream:track)%00%(upstream:remotename)%00%(upstream:remoteref) refs/heads/main refs/remotes/main [1ms]
2024-11-27 04:26:30.327 [info] > git for-each-ref --sort -committerdate --format %(refname) %(objectname) %(*objectname) [1ms]
2024-11-27 04:26:30.330 [info] > git status -z -uall [10ms]
2024-11-27 04:26:49.610 [info] > git config --get commit.template [6ms]
2024-11-27 04:26:49.611 [info] > git for-each-ref --format=%(refname)%00%(upstream:short)%00%(objectname)%00%(upstream:track)%00%(upstream:remotename)%00%(upstream:remoteref) refs/heads/main refs/remotes/main [2ms]
2024-11-27 04:26:49.623 [info] > git for-each-ref --sort -committerdate --format %(refname) %(objectname) %(*objectname) [1ms]
2024-11-27 04:26:49.626 [info] > git status -z -uall [10ms]
2024-11-27 04:26:57.426 [info] > git config --get commit.template [6ms]
2024-11-27 04:26:57.426 [info] > git for-each-ref --format=%(refname)%00%(upstream:short)%00%(objectname)%00%(upstream:track)%00%(upstream:remotename)%00%(upstream:remoteref) refs/heads/main refs/remotes/main [1ms]
2024-11-27 04:26:57.439 [info] > git for-each-ref --sort -committerdate --format %(refname) %(objectname) %(*objectname) [1ms]
2024-11-27 04:26:57.442 [info] > git status -z -uall [10ms]
2024-11-27 04:27:29.639 [info] > git config --get commit.template [7ms]
2024-11-27 04:27:29.639 [info] > git for-each-ref --format=%(refname)%00%(upstream:short)%00%(objectname)%00%(upstream:track)%00%(upstream:remotename)%00%(upstream:remoteref) refs/heads/main refs/remotes/main [1ms]
2024-11-27 04:27:29.652 [info] > git for-each-ref --sort -committerdate --format %(refname) %(objectname) %(*objectname) [2ms]
2024-11-27 04:27:29.655 [info] > git status -z -uall [10ms]
2024-11-27 04:28:02.615 [info] > git config --get commit.template [6ms]
2024-11-27 04:28:02.616 [info] > git for-each-ref --format=%(refname)%00%(upstream:short)%00%(objectname)%00%(upstream:track)%00%(upstream:remotename)%00%(upstream:remoteref) refs/heads/main refs/remotes/main [1ms]
2024-11-27 04:28:02.628 [info] > git for-each-ref --sort -committerdate --format %(refname) %(objectname) %(*objectname) [1ms]
2024-11-27 04:28:02.630 [info] > git status -z -uall [9ms]
2024-11-27 04:28:14.631 [info] > git config --get commit.template [0ms]
2024-11-27 04:28:14.639 [info] > git for-each-ref --format=%(refname)%00%(upstream:short)%00%(objectname)%00%(upstream:track)%00%(upstream:remotename)%00%(upstream:remoteref) refs/heads/main refs/remotes/main [2ms]
2024-11-27 04:28:14.653 [info] > git for-each-ref --sort -committerdate --format %(refname) %(objectname) %(*objectname) [2ms]
2024-11-27 04:28:14.657 [info] > git status -z -uall [12ms]
2024-11-27 04:28:15.606 [info] > git show --textconv :README.md [8ms]
2024-11-27 04:28:15.607 [info] > git ls-files --stage -- /home/curator/.config/README.md [2ms]
2024-11-27 04:28:15.614 [info] > git cat-file -s 2a556cd5fa3c33cb3f62803e529348833b67958d [1ms]
2024-11-27 04:28:19.701 [info] > git config --get commit.template [7ms]
2024-11-27 04:28:19.702 [info] > git for-each-ref --format=%(refname)%00%(upstream:short)%00%(objectname)%00%(upstream:track)%00%(upstream:remotename)%00%(upstream:remoteref) refs/heads/main refs/remotes/main [2ms]
2024-11-27 04:28:19.713 [info] > git for-each-ref --sort -committerdate --format %(refname) %(objectname) %(*objectname) [1ms]
2024-11-27 04:28:19.717 [info] > git status -z -uall [10ms]
2024-11-27 04:28:24.750 [info] > git config --get commit.template [1ms]
2024-11-27 04:28:24.759 [info] > git for-each-ref --format=%(refname)%00%(upstream:short)%00%(objectname)%00%(upstream:track)%00%(upstream:remotename)%00%(upstream:remoteref) refs/heads/main refs/remotes/main [1ms]
2024-11-27 04:28:24.771 [info] > git for-each-ref --sort -committerdate --format %(refname) %(objectname) %(*objectname) [1ms]
2024-11-27 04:28:24.774 [info] > git status -z -uall [10ms]
2024-11-27 04:28:29.809 [info] > git config --get commit.template [7ms]
2024-11-27 04:28:29.809 [info] > git for-each-ref --format=%(refname)%00%(upstream:short)%00%(objectname)%00%(upstream:track)%00%(upstream:remotename)%00%(upstream:remoteref) refs/heads/main refs/remotes/main [1ms]
2024-11-27 04:28:29.821 [info] > git for-each-ref --sort -committerdate --format %(refname) %(objectname) %(*objectname) [1ms]
2024-11-27 04:28:29.824 [info] > git status -z -uall [9ms]
2024-11-27 04:28:34.860 [info] > git config --get commit.template [6ms]
2024-11-27 04:28:34.860 [info] > git for-each-ref --format=%(refname)%00%(upstream:short)%00%(objectname)%00%(upstream:track)%00%(upstream:remotename)%00%(upstream:remoteref) refs/heads/main refs/remotes/main [1ms]
2024-11-27 04:28:34.874 [info] > git for-each-ref --sort -committerdate --format %(refname) %(objectname) %(*objectname) [2ms]
2024-11-27 04:28:34.875 [info] > git status -z -uall [10ms]
2024-11-27 04:28:39.903 [info] > git config --get commit.template [2ms]
2024-11-27 04:28:39.911 [info] > git for-each-ref --format=%(refname)%00%(upstream:short)%00%(objectname)%00%(upstream:track)%00%(upstream:remotename)%00%(upstream:remoteref) refs/heads/main refs/remotes/main [1ms]
2024-11-27 04:28:39.925 [info] > git for-each-ref --sort -committerdate --format %(refname) %(objectname) %(*objectname) [1ms]
2024-11-27 04:28:39.928 [info] > git status -z -uall [11ms]
2024-11-27 04:28:44.963 [info] > git config --get commit.template [6ms]
2024-11-27 04:28:44.964 [info] > git for-each-ref --format=%(refname)%00%(upstream:short)%00%(objectname)%00%(upstream:track)%00%(upstream:remotename)%00%(upstream:remoteref) refs/heads/main refs/remotes/main [1ms]
2024-11-27 04:28:44.979 [info] > git for-each-ref --sort -committerdate --format %(refname) %(objectname) %(*objectname) [1ms]
2024-11-27 04:28:44.981 [info] > git status -z -uall [10ms]
2024-11-27 04:29:04.057 [info] > git config --get commit.template [6ms]
2024-11-27 04:29:04.058 [info] > git for-each-ref --format=%(refname)%00%(upstream:short)%00%(objectname)%00%(upstream:track)%00%(upstream:remotename)%00%(upstream:remoteref) refs/heads/main refs/remotes/main [1ms]
2024-11-27 04:29:04.069 [info] > git for-each-ref --sort -committerdate --format %(refname) %(objectname) %(*objectname) [1ms]
2024-11-27 04:29:04.073 [info] > git status -z -uall [10ms]
2024-11-27 04:29:07.002 [info] > git show --textconv :hypr/hyprland.conf [6ms]
2024-11-27 04:29:07.003 [info] > git ls-files --stage -- /home/curator/.config/hypr/hyprland.conf [1ms]
