2024-11-27 04:30:00.028 [info] [main] Log level: Info
2024-11-27 04:30:00.028 [info] [main] Validating found git in: "git"
2024-11-27 04:30:00.028 [info] [main] Using git "2.47.1" from "git"
2024-11-27 04:30:00.028 [info] [Model][doInitialScan] Initial repository scan started
2024-11-27 04:30:00.028 [info] > git rev-parse --show-toplevel [1ms]
2024-11-27 04:30:00.028 [info] > git rev-parse --git-dir --git-common-dir [1ms]
2024-11-27 04:30:00.028 [info] [Model][openRepository] Opened repository: /home/curator/.config
2024-11-27 04:30:00.028 [info] > git rev-parse --show-toplevel [9ms]
2024-11-27 04:30:00.028 [info] > git config --get commit.template [15ms]
2024-11-27 04:30:00.028 [info] > git for-each-ref --format=%(refname)%00%(upstream:short)%00%(objectname)%00%(upstream:track)%00%(upstream:remotename)%00%(upstream:remoteref) refs/heads/main refs/remotes/main [3ms]
2024-11-27 04:30:00.028 [info] > git for-each-ref --sort -committerdate --format %(refname) %(objectname) %(*objectname) [4ms]
2024-11-27 04:30:00.039 [info] > git rev-parse --show-toplevel [1ms]
2024-11-27 04:30:00.046 [info] > git rev-parse --show-toplevel [1ms]
2024-11-27 04:30:00.056 [info] > git rev-parse --show-toplevel [4ms]
2024-11-27 04:30:00.063 [info] > git rev-parse --show-toplevel [1ms]
2024-11-27 04:30:00.070 [info] > git rev-parse --show-toplevel [1ms]
2024-11-27 04:30:00.077 [info] > git rev-parse --show-toplevel [1ms]
2024-11-27 04:30:00.084 [info] > git rev-parse --show-toplevel [1ms]
2024-11-27 04:30:00.091 [info] > git rev-parse --show-toplevel [2ms]
2024-11-27 04:30:00.097 [info] > git rev-parse --show-toplevel [1ms]
2024-11-27 04:30:00.103 [info] > git rev-parse --show-toplevel [1ms]
2024-11-27 04:30:00.109 [info] > git rev-parse --show-toplevel [1ms]
2024-11-27 04:30:00.119 [info] > git rev-parse --show-toplevel [5ms]
2024-11-27 04:30:00.126 [info] > git rev-parse --show-toplevel [2ms]
2024-11-27 04:30:00.133 [info] > git rev-parse --show-toplevel [1ms]
2024-11-27 04:30:00.139 [info] > git rev-parse --show-toplevel [0ms]
2024-11-27 04:30:00.146 [info] > git rev-parse --show-toplevel [1ms]
2024-11-27 04:30:00.154 [info] > git rev-parse --show-toplevel [1ms]
2024-11-27 04:30:00.160 [info] > git rev-parse --show-toplevel [1ms]
2024-11-27 04:30:00.170 [info] > git rev-parse --show-toplevel [3ms]
2024-11-27 04:30:00.178 [info] > git rev-parse --show-toplevel [2ms]
2024-11-27 04:30:00.184 [info] > git rev-parse --show-toplevel [0ms]
2024-11-27 04:30:00.184 [info] [Model][doInitialScan] Initial repository scan completed - repositories (1), closed repositories (0), parent repositories (0), unsafe repositories (0)
2024-11-27 04:30:00.226 [info] > git status -z -uall [240ms]
2024-11-27 04:30:00.279 [info] > git for-each-ref --format=%(refname)%00%(upstream:short)%00%(objectname)%00%(upstream:track)%00%(upstream:remotename)%00%(upstream:remoteref) refs/heads/main refs/remotes/main [7ms]
2024-11-27 04:30:00.291 [info] > git config --local branch.main.vscode-merge-base [6ms]
2024-11-27 04:30:00.291 [warning] [Git][config] git config failed: Failed to execute git
2024-11-27 04:30:00.299 [info] > git config --get commit.template [21ms]
2024-11-27 04:30:00.318 [info] > git show --textconv :hypr/hyprland.conf [12ms]
2024-11-27 04:30:00.319 [info] > git reflog main --grep-reflog=branch: Created from *. [20ms]
2024-11-27 04:30:00.325 [info] > git for-each-ref --format=%(refname)%00%(upstream:short)%00%(objectname)%00%(upstream:track)%00%(upstream:remotename)%00%(upstream:remoteref) refs/heads/main refs/remotes/main [7ms]
2024-11-27 04:30:00.335 [info] > git ls-files --stage -- /home/curator/.config/hypr/hyprland.conf [23ms]
2024-11-27 04:30:00.572 [info] > git cat-file -s 26e85ef5107ffdcdd4633abf9f6e0f204196e2d9 [231ms]
2024-11-27 04:30:00.573 [info] > git for-each-ref --sort -committerdate --format %(refname) %(objectname) %(*objectname) [238ms]
2024-11-27 04:30:00.574 [info] > git symbolic-ref --short refs/remotes/origin/HEAD [250ms]
2024-11-27 04:30:00.574 [info] fatal: ref refs/remotes/origin/HEAD is not a symbolic ref
2024-11-27 04:30:00.574 [warning] [Repository][getDefaultBranch] Failed to get default branch details: Failed to execute git.
2024-11-27 04:30:00.588 [info] > git status -z -uall [258ms]
2024-11-27 04:30:00.588 [info] > git check-ignore -v -z --stdin [5ms]
2024-11-27 04:30:03.015 [info] > git config --get commit.template [7ms]
2024-11-27 04:30:03.016 [info] > git for-each-ref --format=%(refname)%00%(upstream:short)%00%(objectname)%00%(upstream:track)%00%(upstream:remotename)%00%(upstream:remoteref) refs/heads/main refs/remotes/main [2ms]
2024-11-27 04:30:03.029 [info] > git for-each-ref --sort -committerdate --format %(refname) %(objectname) %(*objectname) [1ms]
2024-11-27 04:30:03.230 [info] > git status -z -uall [208ms]
2024-11-27 04:30:06.263 [info] > git check-ignore -v -z --stdin [1ms]
2024-11-27 04:30:07.950 [info] > git check-ignore -v -z --stdin [3ms]
2024-11-27 04:30:08.276 [info] > git config --get commit.template [8ms]
2024-11-27 04:30:08.277 [info] > git for-each-ref --format=%(refname)%00%(upstream:short)%00%(objectname)%00%(upstream:track)%00%(upstream:remotename)%00%(upstream:remoteref) refs/heads/main refs/remotes/main [2ms]
2024-11-27 04:30:08.291 [info] > git for-each-ref --sort -committerdate --format %(refname) %(objectname) %(*objectname) [1ms]
2024-11-27 04:30:08.484 [info] > git status -z -uall [200ms]
2024-11-27 04:30:09.046 [info] > git check-ignore -v -z --stdin [2ms]
2024-11-27 04:30:11.733 [info] > git check-ignore -v -z --stdin [2ms]
2024-11-27 04:30:13.519 [info] > git config --get commit.template [1ms]
2024-11-27 04:30:13.527 [info] > git for-each-ref --format=%(refname)%00%(upstream:short)%00%(objectname)%00%(upstream:track)%00%(upstream:remotename)%00%(upstream:remoteref) refs/heads/main refs/remotes/main [1ms]
2024-11-27 04:30:13.540 [info] > git for-each-ref --sort -committerdate --format %(refname) %(objectname) %(*objectname) [1ms]
2024-11-27 04:30:13.734 [info] > git status -z -uall [201ms]
2024-11-27 04:30:15.634 [info] > git check-ignore -v -z --stdin [2ms]
2024-11-27 04:30:18.779 [info] > git config --get commit.template [7ms]
2024-11-27 04:30:18.779 [info] > git for-each-ref --format=%(refname)%00%(upstream:short)%00%(objectname)%00%(upstream:track)%00%(upstream:remotename)%00%(upstream:remoteref) refs/heads/main refs/remotes/main [1ms]
2024-11-27 04:30:18.792 [info] > git for-each-ref --sort -committerdate --format %(refname) %(objectname) %(*objectname) [1ms]
2024-11-27 04:30:18.984 [info] > git status -z -uall [199ms]
2024-11-27 04:30:21.477 [info] > git check-ignore -v -z --stdin [3ms]
2024-11-27 04:30:24.028 [info] > git config --get commit.template [8ms]
2024-11-27 04:30:24.028 [info] > git for-each-ref --format=%(refname)%00%(upstream:short)%00%(objectname)%00%(upstream:track)%00%(upstream:remotename)%00%(upstream:remoteref) refs/heads/main refs/remotes/main [0ms]
2024-11-27 04:30:24.042 [info] > git for-each-ref --sort -committerdate --format %(refname) %(objectname) %(*objectname) [1ms]
2024-11-27 04:30:24.246 [info] > git status -z -uall [212ms]
2024-11-27 04:30:26.398 [info] > git check-ignore -v -z --stdin [2ms]
2024-11-27 04:30:29.290 [info] > git config --get commit.template [9ms]
2024-11-27 04:30:29.290 [info] > git for-each-ref --format=%(refname)%00%(upstream:short)%00%(objectname)%00%(upstream:track)%00%(upstream:remotename)%00%(upstream:remoteref) refs/heads/main refs/remotes/main [1ms]
2024-11-27 04:30:29.302 [info] > git for-each-ref --sort -committerdate --format %(refname) %(objectname) %(*objectname) [1ms]
2024-11-27 04:30:29.501 [info] > git status -z -uall [205ms]
2024-11-27 04:30:34.545 [info] > git config --get commit.template [6ms]
2024-11-27 04:30:34.546 [info] > git for-each-ref --format=%(refname)%00%(upstream:short)%00%(objectname)%00%(upstream:track)%00%(upstream:remotename)%00%(upstream:remoteref) refs/heads/main refs/remotes/main [1ms]
2024-11-27 04:30:34.561 [info] > git for-each-ref --sort -committerdate --format %(refname) %(objectname) %(*objectname) [2ms]
2024-11-27 04:30:34.761 [info] > git status -z -uall [208ms]
2024-11-27 04:30:36.405 [info] > git check-ignore -v -z --stdin [1ms]
2024-11-27 04:30:39.807 [info] > git config --get commit.template [6ms]
2024-11-27 04:30:39.808 [info] > git for-each-ref --format=%(refname)%00%(upstream:short)%00%(objectname)%00%(upstream:track)%00%(upstream:remotename)%00%(upstream:remoteref) refs/heads/main refs/remotes/main [1ms]
2024-11-27 04:30:39.820 [info] > git for-each-ref --sort -committerdate --format %(refname) %(objectname) %(*objectname) [1ms]
2024-11-27 04:30:40.021 [info] > git status -z -uall [208ms]
2024-11-27 04:30:43.636 [info] > git show --textconv :spicetify/Themes/README.md [13ms]
2024-11-27 04:30:43.687 [info] > git ls-files --stage -- /home/curator/.config/spicetify/Themes/README.md [58ms]
2024-11-27 04:30:43.697 [info] > git cat-file -s 5b78f21e1076d7d9ceec968cb4e44e2f179c0450 [3ms]
2024-11-27 04:30:44.728 [info] > git show --textconv :spicetify/Themes/THEMES.md [6ms]
2024-11-27 04:30:44.731 [info] > git ls-files --stage -- /home/curator/.config/spicetify/Themes/THEMES.md [3ms]
2024-11-27 04:30:44.738 [info] > git cat-file -s 2b72142e188f60753cd32153e20e1247b641fda4 [1ms]
2024-11-27 04:30:45.067 [info] > git config --get commit.template [8ms]
2024-11-27 04:30:45.068 [info] > git for-each-ref --format=%(refname)%00%(upstream:short)%00%(objectname)%00%(upstream:track)%00%(upstream:remotename)%00%(upstream:remoteref) refs/heads/main refs/remotes/main [1ms]
2024-11-27 04:30:45.081 [info] > git for-each-ref --sort -committerdate --format %(refname) %(objectname) %(*objectname) [1ms]
2024-11-27 04:30:45.214 [info] > git show --textconv :spicetify/Themes/README.md [7ms]
2024-11-27 04:30:45.215 [info] > git ls-files --stage -- /home/curator/.config/spicetify/Themes/README.md [2ms]
2024-11-27 04:30:45.221 [info] > git cat-file -s 5b78f21e1076d7d9ceec968cb4e44e2f179c0450 [1ms]
2024-11-27 04:30:45.276 [info] > git status -z -uall [201ms]
2024-11-27 04:30:47.113 [info] > git show --textconv :hypr/hyprland.conf [7ms]
2024-11-27 04:30:47.114 [info] > git ls-files --stage -- /home/curator/.config/hypr/hyprland.conf [1ms]
2024-11-27 04:30:47.121 [info] > git cat-file -s 26e85ef5107ffdcdd4633abf9f6e0f204196e2d9 [1ms]
2024-11-27 04:30:50.324 [info] > git config --get commit.template [7ms]
2024-11-27 04:30:50.324 [info] > git for-each-ref --format=%(refname)%00%(upstream:short)%00%(objectname)%00%(upstream:track)%00%(upstream:remotename)%00%(upstream:remoteref) refs/heads/main refs/remotes/main [1ms]
2024-11-27 04:30:50.338 [info] > git for-each-ref --sort -committerdate --format %(refname) %(objectname) %(*objectname) [2ms]
2024-11-27 04:30:50.533 [info] > git status -z -uall [204ms]
2024-11-27 04:30:50.891 [info] > git show --textconv :spicetify/Themes/CODE_OF_CONDUCT.md [9ms]
2024-11-27 04:30:50.892 [info] > git ls-files --stage -- /home/curator/.config/spicetify/Themes/CODE_OF_CONDUCT.md [1ms]
2024-11-27 04:30:50.901 [info] > git cat-file -s 35b5167093e1df4a2033717c5d5424253d137441 [1ms]
2024-11-27 04:30:52.639 [info] > git show --textconv :hypr/hyprland.conf [7ms]
2024-11-27 04:30:52.640 [info] > git ls-files --stage -- /home/curator/.config/hypr/hyprland.conf [1ms]
2024-11-27 04:30:52.648 [info] > git cat-file -s 26e85ef5107ffdcdd4633abf9f6e0f204196e2d9 [1ms]
2024-11-27 04:30:55.577 [info] > git config --get commit.template [7ms]
2024-11-27 04:30:55.578 [info] > git for-each-ref --format=%(refname)%00%(upstream:short)%00%(objectname)%00%(upstream:track)%00%(upstream:remotename)%00%(upstream:remoteref) refs/heads/main refs/remotes/main [1ms]
2024-11-27 04:30:55.591 [info] > git for-each-ref --sort -committerdate --format %(refname) %(objectname) %(*objectname) [1ms]
2024-11-27 04:30:55.783 [info] > git status -z -uall [200ms]
2024-11-27 04:32:05.262 [info] > git config --get commit.template [8ms]
2024-11-27 04:32:05.270 [info] > git ls-files --stage -- /home/curator/.config/hypr/hyprland.conf [9ms]
2024-11-27 04:32:05.275 [info] > git for-each-ref --format=%(refname)%00%(upstream:short)%00%(objectname)%00%(upstream:track)%00%(upstream:remotename)%00%(upstream:remoteref) refs/heads/main refs/remotes/main [6ms]
2024-11-27 04:32:05.289 [info] > git cat-file -s 26e85ef5107ffdcdd4633abf9f6e0f204196e2d9 [14ms]
2024-11-27 04:32:05.290 [info] > git for-each-ref --sort -committerdate --format %(refname) %(objectname) %(*objectname) [1ms]
2024-11-27 04:32:05.298 [info] > git show --textconv :hypr/hyprland.conf [2ms]
2024-11-27 04:32:05.302 [info] > git status -z -uall [20ms]
2024-11-27 04:32:06.317 [info] > git check-ignore -v -z --stdin [2ms]
2024-11-27 04:32:10.353 [info] > git config --get commit.template [10ms]
2024-11-27 04:32:10.353 [info] > git for-each-ref --format=%(refname)%00%(upstream:short)%00%(objectname)%00%(upstream:track)%00%(upstream:remotename)%00%(upstream:remoteref) refs/heads/main refs/remotes/main [1ms]
2024-11-27 04:32:10.367 [info] > git for-each-ref --sort -committerdate --format %(refname) %(objectname) %(*objectname) [1ms]
2024-11-27 04:32:10.379 [info] > git status -z -uall [20ms]
