2024-11-27 01:46:23 Loading main app package /usr/lib/obsidian/obsidian.asar
2024-11-27 01:46:24 Checking for update using Github
2024-11-27 01:46:24 Success.
2024-11-27 01:46:24 Latest version is 1.7.7
2024-11-27 01:46:24 App is up to date.
2024-11-27 02:01:02 Loading main app package /usr/lib/obsidian/obsidian.asar
2024-11-27 02:01:03 Checking for update using Github
2024-11-27 02:01:03 Success.
2024-11-27 02:01:03 Latest version is 1.7.7
2024-11-27 02:01:03 App is up to date.
2024-11-27 03:01:03 Checking for update using Github
2024-11-27 03:01:03 Success.
2024-11-27 03:01:03 Latest version is 1.7.7
2024-11-27 03:01:03 App is up to date.
2024-11-27 03:24:10 Loading main app package /usr/lib/obsidian/obsidian.asar
2024-11-27 03:24:10 Checking for update using Github
2024-11-27 03:24:10 Failed to check for update using Github (net::ERR_NAME_NOT_RESOLVED)
2024-11-27 03:24:10 Checking for update using obsidian.md
2024-11-27 03:24:10 Failed to check for update using obsidian.md (net::ERR_NAME_NOT_RESOLVED)
2024-11-27 04:24:10 Checking for update using Github
2024-11-27 04:24:10 Success.
2024-11-27 04:24:10 Latest version is 1.7.7
2024-11-27 04:24:10 App is up to date.
