2024-11-26 23:58:46.417 [info] [main] Log level: Info
2024-11-26 23:58:46.417 [info] [main] Validating found git in: "git"
2024-11-26 23:58:46.417 [info] [main] Using git "2.47.1" from "git"
2024-11-26 23:58:46.417 [info] [Model][doInitialScan] Initial repository scan started
2024-11-26 23:58:46.417 [info] > git rev-parse --show-toplevel [5ms]
2024-11-26 23:58:46.417 [info] fatal: not a git repository (or any of the parent directories): .git
2024-11-26 23:58:46.417 [info] > git rev-parse --show-toplevel [27ms]
2024-11-26 23:58:46.417 [info] fatal: not a git repository (or any of the parent directories): .git
2024-11-26 23:58:46.417 [info] > git rev-parse --show-toplevel [2ms]
2024-11-26 23:58:46.417 [info] fatal: not a git repository (or any of the parent directories): .git
2024-11-26 23:58:46.417 [info] > git rev-parse --show-toplevel [1ms]
2024-11-26 23:58:46.417 [info] fatal: not a git repository (or any of the parent directories): .git
2024-11-26 23:58:46.423 [info] > git rev-parse --show-toplevel [1ms]
2024-11-26 23:58:46.423 [info] fatal: not a git repository (or any of the parent directories): .git
2024-11-26 23:58:46.429 [info] > git rev-parse --show-toplevel [0ms]
2024-11-26 23:58:46.429 [info] fatal: not a git repository (or any of the parent directories): .git
2024-11-26 23:58:46.436 [info] > git rev-parse --show-toplevel [2ms]
2024-11-26 23:58:46.436 [info] fatal: not a git repository (or any of the parent directories): .git
2024-11-26 23:58:46.442 [info] > git rev-parse --show-toplevel [1ms]
2024-11-26 23:58:46.442 [info] fatal: not a git repository (or any of the parent directories): .git
2024-11-26 23:58:46.450 [info] > git rev-parse --show-toplevel [4ms]
2024-11-26 23:58:46.450 [info] fatal: not a git repository (or any of the parent directories): .git
2024-11-26 23:58:46.456 [info] > git rev-parse --show-toplevel [1ms]
2024-11-26 23:58:46.456 [info] fatal: not a git repository (or any of the parent directories): .git
2024-11-26 23:58:46.462 [info] > git rev-parse --show-toplevel [1ms]
2024-11-26 23:58:46.462 [info] fatal: not a git repository (or any of the parent directories): .git
2024-11-26 23:58:46.467 [info] > git rev-parse --show-toplevel [1ms]
2024-11-26 23:58:46.467 [info] fatal: not a git repository (or any of the parent directories): .git
2024-11-26 23:58:46.472 [info] > git rev-parse --show-toplevel [1ms]
2024-11-26 23:58:46.472 [info] fatal: not a git repository (or any of the parent directories): .git
2024-11-26 23:58:46.478 [info] > git rev-parse --show-toplevel [0ms]
2024-11-26 23:58:46.478 [info] fatal: not a git repository (or any of the parent directories): .git
2024-11-26 23:58:46.485 [info] > git rev-parse --show-toplevel [1ms]
2024-11-26 23:58:46.485 [info] fatal: not a git repository (or any of the parent directories): .git
2024-11-26 23:58:46.491 [info] > git rev-parse --show-toplevel [1ms]
2024-11-26 23:58:46.491 [info] fatal: not a git repository (or any of the parent directories): .git
2024-11-26 23:58:46.499 [info] > git rev-parse --show-toplevel [0ms]
2024-11-26 23:58:46.499 [info] fatal: not a git repository (or any of the parent directories): .git
2024-11-26 23:58:46.506 [info] > git rev-parse --show-toplevel [1ms]
2024-11-26 23:58:46.506 [info] fatal: not a git repository (or any of the parent directories): .git
2024-11-26 23:58:46.506 [info] [Model][doInitialScan] Initial repository scan completed - repositories (0), closed repositories (0), parent repositories (0), unsafe repositories (0)
2024-11-26 23:58:46.512 [info] > git rev-parse --show-toplevel [1ms]
2024-11-26 23:58:46.512 [info] fatal: not a git repository (or any of the parent directories): .git
2024-11-26 23:58:48.077 [info] > git rev-parse --show-toplevel [1ms]
2024-11-26 23:58:48.077 [info] fatal: not a git repository (or any of the parent directories): .git
2024-11-26 23:59:24.830 [info] > git rev-parse --show-toplevel [2ms]
2024-11-26 23:59:24.830 [info] fatal: not a git repository (or any of the parent directories): .git
2024-11-26 23:59:40.708 [info] > git rev-parse --show-toplevel [1ms]
2024-11-26 23:59:40.708 [info] fatal: not a git repository (or any of the parent directories): .git
2024-11-26 23:59:48.446 [info] > git rev-parse --show-toplevel [2ms]
2024-11-26 23:59:48.446 [info] fatal: not a git repository (or any of the parent directories): .git
2024-11-26 23:59:56.492 [info] > git rev-parse --show-toplevel [1ms]
2024-11-26 23:59:56.492 [info] fatal: not a git repository (or any of the parent directories): .git
2024-11-26 23:59:58.014 [info] > git rev-parse --show-toplevel [1ms]
2024-11-26 23:59:58.014 [info] fatal: not a git repository (or any of the parent directories): .git
2024-11-27 00:02:36.317 [info] > git rev-parse --show-toplevel [1ms]
2024-11-27 00:02:36.326 [info] > git rev-parse --git-dir --git-common-dir [1ms]
2024-11-27 00:02:36.335 [info] [Model][openRepository] Opened repository: /home/curator/.config/spicetify/Themes/spicetify-themes
2024-11-27 00:02:36.344 [info] > git config --get commit.template [2ms]
2024-11-27 00:02:36.353 [info] > git for-each-ref --format=%(refname)%00%(upstream:short)%00%(objectname)%00%(upstream:track)%00%(upstream:remotename)%00%(upstream:remoteref) refs/heads/master refs/remotes/master [1ms]
2024-11-27 00:02:36.359 [warning] [Git][revParse] Unable to read file: ENOENT: no such file or directory, open '/home/curator/.config/spicetify/Themes/spicetify-themes/.git/refs/remotes/origin/master'
2024-11-27 00:02:36.360 [info] > git rev-parse refs/remotes/origin/master [1ms]
2024-11-27 00:02:36.374 [info] > git for-each-ref --sort -committerdate --format %(refname) %(objectname) %(*objectname) [1ms]
2024-11-27 00:02:36.544 [info] > git status -z -uall [177ms]
2024-11-27 00:02:36.566 [info] > git for-each-ref --format=%(refname)%00%(upstream:short)%00%(objectname)%00%(upstream:track)%00%(upstream:remotename)%00%(upstream:remoteref) refs/heads/master refs/remotes/master [8ms]
2024-11-27 00:02:36.623 [info] > git config --local branch.master.vscode-merge-base [51ms]
2024-11-27 00:02:36.623 [warning] [Git][config] git config failed: Failed to execute git
2024-11-27 00:02:36.630 [info] > git config --get commit.template [65ms]
2024-11-27 00:02:36.640 [info] > git reflog master --grep-reflog=branch: Created from *. [10ms]
2024-11-27 00:02:36.646 [info] > git for-each-ref --format=%(refname)%00%(upstream:short)%00%(objectname)%00%(upstream:track)%00%(upstream:remotename)%00%(upstream:remoteref) refs/heads/master refs/remotes/master [8ms]
2024-11-27 00:02:36.650 [warning] [Git][revParse] Unable to read file: ENOENT: no such file or directory, open '/home/curator/.config/spicetify/Themes/spicetify-themes/.git/refs/remotes/origin/master'
2024-11-27 00:02:36.651 [info] > git symbolic-ref --short refs/remotes/origin/HEAD [6ms]
2024-11-27 00:02:36.657 [info] > git rev-parse refs/remotes/origin/master [7ms]
2024-11-27 00:02:36.671 [info] > git for-each-ref --format=%(refname)%00%(upstream:short)%00%(objectname)%00%(upstream:track)%00%(upstream:remotename)%00%(upstream:remoteref) refs/heads/origin/master refs/remotes/origin/master [15ms]
2024-11-27 00:02:36.676 [info] > git for-each-ref --sort -committerdate --format %(refname) %(objectname) %(*objectname) [6ms]
2024-11-27 00:02:36.677 [info] > git config --local branch.master.vscode-merge-base origin/master [2ms]
2024-11-27 00:02:36.688 [info] > git status -z -uall [25ms] (cancelled)
2024-11-27 00:02:36.688 [info] > git for-each-ref --format=%(refname)%00%(upstream:short)%00%(objectname)%00%(upstream:track)%00%(upstream:remotename)%00%(upstream:remoteref) refs/heads/master refs/remotes/master [6ms]
2024-11-27 00:02:36.694 [info] > git config --get commit.template [7ms]
2024-11-27 00:02:36.695 [info] > git config --local branch.master.vscode-merge-base [1ms]
2024-11-27 00:02:36.709 [info] > git for-each-ref --format=%(refname)%00%(upstream:short)%00%(objectname)%00%(upstream:track)%00%(upstream:remotename)%00%(upstream:remoteref) refs/heads/origin/master refs/remotes/origin/master [8ms]
2024-11-27 00:02:36.724 [info] > git merge-base refs/heads/master refs/remotes/origin/master [8ms]
2024-11-27 00:02:36.730 [info] > git for-each-ref --format=%(refname)%00%(upstream:short)%00%(objectname)%00%(upstream:track)%00%(upstream:remotename)%00%(upstream:remoteref) refs/heads/master refs/remotes/master [23ms]
2024-11-27 00:02:36.735 [warning] [Git][revParse] Unable to read file: ENOENT: no such file or directory, open '/home/curator/.config/spicetify/Themes/spicetify-themes/.git/refs/remotes/origin/master'
2024-11-27 00:02:36.736 [info] > git diff --name-status -z --diff-filter=ADMR c6e82dfeaa46ee9060d0c02fc437989eb77f6c61...refs/remotes/origin/master [6ms]
2024-11-27 00:02:36.737 [info] > git rev-parse refs/remotes/origin/master [2ms]
2024-11-27 00:02:36.749 [info] > git for-each-ref --sort -committerdate --format %(refname) %(objectname) %(*objectname) [2ms]
2024-11-27 00:02:36.920 [info] > git status -z -uall [178ms]
2024-11-27 00:05:14.191 [info] > git check-ignore -v -z --stdin [3ms]
2024-11-27 00:06:05.035 [info] > git rev-parse --show-toplevel [1ms]
2024-11-27 00:06:05.035 [info] fatal: not a git repository (or any of the parent directories): .git
2024-11-27 00:06:06.085 [info] > git rev-parse --show-toplevel [1ms]
2024-11-27 00:06:06.085 [info] fatal: not a git repository (or any of the parent directories): .git
2024-11-27 00:06:10.496 [info] > git rev-parse --show-toplevel [1ms]
2024-11-27 00:06:10.496 [info] fatal: not a git repository (or any of the parent directories): .git
2024-11-27 00:09:00.145 [info] > git rev-parse --show-toplevel [1ms]
2024-11-27 00:09:00.154 [info] > git rev-parse --git-dir --git-common-dir [0ms]
2024-11-27 00:09:00.157 [info] [Model][openRepository] Opened repository: /home/curator/.config/spicetify/Themes/Spicetify
2024-11-27 00:09:00.172 [info] > git config --get commit.template [7ms]
2024-11-27 00:09:00.172 [info] > git for-each-ref --format=%(refname)%00%(upstream:short)%00%(objectname)%00%(upstream:track)%00%(upstream:remotename)%00%(upstream:remoteref) refs/heads/main refs/remotes/main [1ms]
2024-11-27 00:09:00.179 [warning] [Git][revParse] Unable to read file: ENOENT: no such file or directory, open '/home/curator/.config/spicetify/Themes/Spicetify/.git/refs/remotes/origin/main'
2024-11-27 00:09:00.179 [info] > git rev-parse refs/remotes/origin/main [0ms]
2024-11-27 00:09:00.192 [info] > git for-each-ref --sort -committerdate --format %(refname) %(objectname) %(*objectname) [2ms]
2024-11-27 00:09:00.371 [info] > git status -z -uall [185ms]
2024-11-27 00:09:00.390 [info] > git for-each-ref --format=%(refname)%00%(upstream:short)%00%(objectname)%00%(upstream:track)%00%(upstream:remotename)%00%(upstream:remoteref) refs/heads/main refs/remotes/main [10ms]
2024-11-27 00:09:00.397 [info] > git config --get commit.template [9ms]
2024-11-27 00:09:00.397 [info] > git config --local branch.main.vscode-merge-base [1ms]
2024-11-27 00:09:00.397 [warning] [Git][config] git config failed: Failed to execute git
2024-11-27 00:09:00.410 [info] > git reflog main --grep-reflog=branch: Created from *. [6ms]
2024-11-27 00:09:00.415 [info] > git for-each-ref --format=%(refname)%00%(upstream:short)%00%(objectname)%00%(upstream:track)%00%(upstream:remotename)%00%(upstream:remoteref) refs/heads/main refs/remotes/main [6ms]
2024-11-27 00:09:00.423 [warning] [Git][revParse] Unable to read file: ENOENT: no such file or directory, open '/home/curator/.config/spicetify/Themes/Spicetify/.git/refs/remotes/origin/main'
2024-11-27 00:09:00.423 [info] > git symbolic-ref --short refs/remotes/origin/HEAD [9ms]
2024-11-27 00:09:00.430 [info] > git rev-parse refs/remotes/origin/main [7ms]
2024-11-27 00:09:00.444 [info] > git for-each-ref --format=%(refname)%00%(upstream:short)%00%(objectname)%00%(upstream:track)%00%(upstream:remotename)%00%(upstream:remoteref) refs/heads/origin/main refs/remotes/origin/main [15ms]
2024-11-27 00:09:00.450 [info] > git for-each-ref --sort -committerdate --format %(refname) %(objectname) %(*objectname) [7ms]
2024-11-27 00:09:00.451 [info] > git config --local branch.main.vscode-merge-base origin/main [2ms]
2024-11-27 00:09:00.465 [info] > git status -z -uall [29ms] (cancelled)
2024-11-27 00:09:00.466 [info] > git config --get commit.template [1ms]
2024-11-27 00:09:00.466 [info] > git for-each-ref --format=%(refname)%00%(upstream:short)%00%(objectname)%00%(upstream:track)%00%(upstream:remotename)%00%(upstream:remoteref) refs/heads/main refs/remotes/main [9ms]
2024-11-27 00:09:00.480 [info] > git config --local branch.main.vscode-merge-base [8ms]
2024-11-27 00:09:00.488 [info] > git for-each-ref --format=%(refname)%00%(upstream:short)%00%(objectname)%00%(upstream:track)%00%(upstream:remotename)%00%(upstream:remoteref) refs/heads/main refs/remotes/main [8ms]
2024-11-27 00:09:00.488 [info] > git for-each-ref --format=%(refname)%00%(upstream:short)%00%(objectname)%00%(upstream:track)%00%(upstream:remotename)%00%(upstream:remoteref) refs/heads/origin/main refs/remotes/origin/main [2ms]
2024-11-27 00:09:00.501 [warning] [Git][revParse] Unable to read file: ENOENT: no such file or directory, open '/home/curator/.config/spicetify/Themes/Spicetify/.git/refs/remotes/origin/main'
2024-11-27 00:09:00.501 [info] > git merge-base refs/heads/main refs/remotes/origin/main [7ms]
2024-11-27 00:09:00.510 [info] > git rev-parse refs/remotes/origin/main [9ms]
2024-11-27 00:09:00.522 [info] > git diff --name-status -z --diff-filter=ADMR db9a174bfe30cd39370ae6a31d854e119617b4aa...refs/remotes/origin/main [12ms]
2024-11-27 00:09:00.523 [info] > git for-each-ref --sort -committerdate --format %(refname) %(objectname) %(*objectname) [3ms]
2024-11-27 00:09:00.695 [info] > git status -z -uall [179ms]
2024-11-27 00:09:00.750 [info] > git check-ignore -v -z --stdin [7ms]
2024-11-27 00:09:00.750 [info] > git check-ignore -v -z --stdin [1ms]
2024-11-27 00:10:50.291 [warning] [Git][getHEAD] Failed to parse HEAD file: ENOENT: no such file or directory, open '/home/curator/.config/spicetify/Themes/Spicetify/.git/HEAD'
2024-11-27 00:10:50.302 [warning] [Git][getRemotes] Error: ENOENT: no such file or directory, open '/home/curator/.config/spicetify/Themes/Spicetify/.git/config'
2024-11-27 00:10:50.319 [warning] [Git][getRemotes] Error: ENOENT: no such file or directory, open '/home/curator/.config/spicetify/Themes/Spicetify/.git/config'
2024-11-27 00:10:50.325 [warning] [Git][getHEAD] Failed to parse HEAD file: ENOENT: no such file or directory, open '/home/curator/.config/spicetify/Themes/Spicetify/.git/HEAD'
2024-11-27 00:10:50.977 [info] > git check-ignore -v -z --stdin [1ms]
2024-11-27 00:12:15.918 [info] > git rev-parse --show-toplevel [2ms]
2024-11-27 00:12:15.926 [info] > git rev-parse --git-dir --git-common-dir [1ms]
2024-11-27 00:12:15.929 [info] [Model][openRepository] Opened repository: /home/curator/.config/spicetify/Themes/Comfy
2024-11-27 00:12:15.944 [info] > git config --get commit.template [7ms]
2024-11-27 00:12:15.945 [info] > git for-each-ref --format=%(refname)%00%(upstream:short)%00%(objectname)%00%(upstream:track)%00%(upstream:remotename)%00%(upstream:remoteref) refs/heads/main refs/remotes/main [2ms]
2024-11-27 00:12:15.950 [warning] [Git][revParse] Unable to read file: ENOENT: no such file or directory, open '/home/curator/.config/spicetify/Themes/Comfy/.git/refs/remotes/origin/main'
2024-11-27 00:12:15.951 [info] > git rev-parse refs/remotes/origin/main [1ms]
2024-11-27 00:12:15.962 [info] > git for-each-ref --sort -committerdate --format %(refname) %(objectname) %(*objectname) [1ms]
2024-11-27 00:12:16.139 [info] > git status -z -uall [183ms]
2024-11-27 00:12:16.159 [info] > git for-each-ref --format=%(refname)%00%(upstream:short)%00%(objectname)%00%(upstream:track)%00%(upstream:remotename)%00%(upstream:remoteref) refs/heads/main refs/remotes/main [7ms]
2024-11-27 00:12:16.165 [info] > git config --local branch.main.vscode-merge-base [2ms]
2024-11-27 00:12:16.171 [info] > git config --get commit.template [12ms]
2024-11-27 00:12:16.173 [info] > git for-each-ref --format=%(refname)%00%(upstream:short)%00%(objectname)%00%(upstream:track)%00%(upstream:remotename)%00%(upstream:remoteref) refs/heads/origin/main refs/remotes/origin/main [3ms]
2024-11-27 00:12:16.187 [info] > git merge-base refs/heads/main refs/remotes/origin/main [8ms]
2024-11-27 00:12:16.192 [info] > git for-each-ref --format=%(refname)%00%(upstream:short)%00%(objectname)%00%(upstream:track)%00%(upstream:remotename)%00%(upstream:remoteref) refs/heads/main refs/remotes/main [6ms]
2024-11-27 00:12:16.197 [warning] [Git][revParse] Unable to read file: ENOENT: no such file or directory, open '/home/curator/.config/spicetify/Themes/Comfy/.git/refs/remotes/origin/main'
2024-11-27 00:12:16.197 [info] > git diff --name-status -z --diff-filter=ADMR db9a174bfe30cd39370ae6a31d854e119617b4aa...refs/remotes/origin/main [6ms]
2024-11-27 00:12:16.198 [info] > git rev-parse refs/remotes/origin/main [2ms]
2024-11-27 00:12:16.216 [info] > git for-each-ref --sort -committerdate --format %(refname) %(objectname) %(*objectname) [8ms]
2024-11-27 00:12:16.394 [info] > git status -z -uall [191ms]
2024-11-27 00:12:16.467 [info] > git show --textconv :theme.js [8ms]
2024-11-27 00:12:16.468 [info] > git ls-files --stage -- /home/curator/.config/spicetify/Themes/Comfy/theme.js [2ms]
2024-11-27 00:12:16.558 [info] > git check-ignore -v -z --stdin [8ms]
2024-11-27 00:12:16.558 [info] > git check-ignore -v -z --stdin [2ms]
2024-11-27 00:12:20.894 [info] > git check-ignore -v -z --stdin [2ms]
2024-11-27 00:12:26.559 [info] > git rev-parse --show-toplevel [1ms]
2024-11-27 00:12:26.559 [info] fatal: not a git repository (or any of the parent directories): .git
2024-11-27 00:12:41.608 [info] > git show --textconv :Comfy/theme.js [7ms]
2024-11-27 00:12:41.609 [info] > git ls-files --stage -- /home/curator/.config/spicetify/Themes/Comfy/Comfy/theme.js [1ms]
2024-11-27 00:12:41.616 [info] > git cat-file -s 372a47ad640514b7b473e4742652c83eace015ee [0ms]
2024-11-27 00:13:41.793 [info] > git rev-parse --show-toplevel [1ms]
2024-11-27 00:13:41.793 [info] fatal: not a git repository (or any of the parent directories): .git
2024-11-27 00:13:43.648 [warning] [Git][getHEAD] Failed to parse HEAD file: ENOENT: no such file or directory, open '/home/curator/.config/spicetify/Themes/Comfy/.git/HEAD'
2024-11-27 00:13:43.659 [warning] [Git][getRemotes] Error: ENOENT: no such file or directory, open '/home/curator/.config/spicetify/Themes/Comfy/.git/config'
2024-11-27 00:13:43.673 [warning] [Git][getHEAD] Failed to parse HEAD file: ENOENT: no such file or directory, open '/home/curator/.config/spicetify/Themes/Comfy/.git/HEAD'
2024-11-27 00:13:43.683 [warning] [Git][getRemotes] Error: ENOENT: no such file or directory, open '/home/curator/.config/spicetify/Themes/Comfy/.git/config'
2024-11-27 00:13:44.274 [info] > git check-ignore -v -z --stdin [1ms]
2024-11-27 00:14:54.731 [info] > git rev-parse --show-toplevel [1ms]
2024-11-27 00:14:54.731 [info] fatal: not a git repository (or any of the parent directories): .git
2024-11-27 00:14:55.320 [info] > git rev-parse --show-toplevel [1ms]
2024-11-27 00:14:55.320 [info] fatal: not a git repository (or any of the parent directories): .git
2024-11-27 00:14:57.225 [info] > git rev-parse --show-toplevel [1ms]
2024-11-27 00:14:57.225 [info] fatal: not a git repository (or any of the parent directories): .git
2024-11-27 00:15:10.540 [info] > git rev-parse --show-toplevel [1ms]
2024-11-27 00:15:10.540 [info] fatal: not a git repository (or any of the parent directories): .git
2024-11-27 00:15:11.358 [info] > git rev-parse --show-toplevel [2ms]
2024-11-27 00:15:11.358 [info] fatal: not a git repository (or any of the parent directories): .git
2024-11-27 00:15:49.566 [info] > git rev-parse --show-toplevel [1ms]
2024-11-27 00:15:49.566 [info] fatal: not a git repository (or any of the parent directories): .git
2024-11-27 00:15:50.924 [info] > git rev-parse --show-toplevel [1ms]
2024-11-27 00:15:50.924 [info] fatal: not a git repository (or any of the parent directories): .git
2024-11-27 00:19:35.397 [info] > git rev-parse --show-toplevel [2ms]
2024-11-27 00:19:35.405 [info] > git rev-parse --git-dir --git-common-dir [2ms]
2024-11-27 00:19:35.410 [info] [Model][openRepository] Opened repository: /home/curator/.config/spicetify/Themes/Spicetify
2024-11-27 00:19:35.424 [info] > git config --get commit.template [6ms]
2024-11-27 00:19:35.425 [info] > git for-each-ref --format=%(refname)%00%(upstream:short)%00%(objectname)%00%(upstream:track)%00%(upstream:remotename)%00%(upstream:remoteref) refs/heads/main refs/remotes/main [1ms]
2024-11-27 00:19:35.431 [warning] [Git][revParse] Unable to read file: ENOENT: no such file or directory, open '/home/curator/.config/spicetify/Themes/Spicetify/.git/refs/remotes/origin/main'
2024-11-27 00:19:35.432 [info] > git rev-parse refs/remotes/origin/main [1ms]
2024-11-27 00:19:35.445 [info] > git for-each-ref --sort -committerdate --format %(refname) %(objectname) %(*objectname) [1ms]
2024-11-27 00:19:35.492 [info] > git status -z -uall [53ms]
2024-11-27 00:19:35.509 [info] > git for-each-ref --format=%(refname)%00%(upstream:short)%00%(objectname)%00%(upstream:track)%00%(upstream:remotename)%00%(upstream:remoteref) refs/heads/main refs/remotes/main [9ms]
2024-11-27 00:19:35.515 [info] > git config --local branch.main.vscode-merge-base [1ms]
2024-11-27 00:19:35.515 [warning] [Git][config] git config failed: Failed to execute git
2024-11-27 00:19:35.521 [info] > git config --get commit.template [12ms]
2024-11-27 00:19:35.527 [info] > git reflog main --grep-reflog=branch: Created from *. [6ms]
2024-11-27 00:19:35.532 [info] > git for-each-ref --format=%(refname)%00%(upstream:short)%00%(objectname)%00%(upstream:track)%00%(upstream:remotename)%00%(upstream:remoteref) refs/heads/main refs/remotes/main [6ms]
2024-11-27 00:19:35.537 [warning] [Git][revParse] Unable to read file: ENOENT: no such file or directory, open '/home/curator/.config/spicetify/Themes/Spicetify/.git/refs/remotes/origin/main'
2024-11-27 00:19:35.537 [info] > git symbolic-ref --short refs/remotes/origin/HEAD [5ms]
2024-11-27 00:19:35.543 [info] > git rev-parse refs/remotes/origin/main [6ms]
2024-11-27 00:19:35.556 [info] > git for-each-ref --format=%(refname)%00%(upstream:short)%00%(objectname)%00%(upstream:track)%00%(upstream:remotename)%00%(upstream:remoteref) refs/heads/origin/main refs/remotes/origin/main [12ms]
2024-11-27 00:19:35.561 [info] > git for-each-ref --sort -committerdate --format %(refname) %(objectname) %(*objectname) [6ms]
2024-11-27 00:19:35.562 [info] > git config --local branch.main.vscode-merge-base origin/main [2ms]
2024-11-27 00:19:35.573 [info] > git status -z -uall [24ms] (cancelled)
2024-11-27 00:19:35.574 [info] > git config --get commit.template [1ms]
2024-11-27 00:19:35.574 [info] > git for-each-ref --format=%(refname)%00%(upstream:short)%00%(objectname)%00%(upstream:track)%00%(upstream:remotename)%00%(upstream:remoteref) refs/heads/main refs/remotes/main [7ms]
2024-11-27 00:19:35.586 [info] > git config --local branch.main.vscode-merge-base [6ms]
2024-11-27 00:19:35.591 [info] > git for-each-ref --format=%(refname)%00%(upstream:short)%00%(objectname)%00%(upstream:track)%00%(upstream:remotename)%00%(upstream:remoteref) refs/heads/main refs/remotes/main [5ms]
2024-11-27 00:19:35.595 [warning] [Git][revParse] Unable to read file: ENOENT: no such file or directory, open '/home/curator/.config/spicetify/Themes/Spicetify/.git/refs/remotes/origin/main'
2024-11-27 00:19:35.596 [info] > git for-each-ref --format=%(refname)%00%(upstream:short)%00%(objectname)%00%(upstream:track)%00%(upstream:remotename)%00%(upstream:remoteref) refs/heads/origin/main refs/remotes/origin/main [5ms]
2024-11-27 00:19:35.602 [info] > git rev-parse refs/remotes/origin/main [7ms]
2024-11-27 00:19:35.612 [info] > git merge-base refs/heads/main refs/remotes/origin/main [11ms]
2024-11-27 00:19:35.619 [info] > git for-each-ref --sort -committerdate --format %(refname) %(objectname) %(*objectname) [6ms]
2024-11-27 00:19:35.619 [info] > git diff --name-status -z --diff-filter=ADMR db9a174bfe30cd39370ae6a31d854e119617b4aa...refs/remotes/origin/main [1ms]
2024-11-27 00:19:35.659 [info] > git status -z -uall [52ms]
2024-11-27 00:19:35.990 [info] > git check-ignore -v -z --stdin [1ms]
2024-11-27 00:21:04.630 [warning] [Git][getRemotes] Error: ENOENT: no such file or directory, open '/home/curator/.config/spicetify/Themes/Spicetify/.git/config'
2024-11-27 00:21:04.640 [warning] [Git][getHEAD] Failed to parse HEAD file: ENOENT: no such file or directory, open '/home/curator/.config/spicetify/Themes/Spicetify/.git/HEAD'
2024-11-27 00:21:04.662 [warning] [Git][getHEAD] Failed to parse HEAD file: ENOENT: no such file or directory, open '/home/curator/.config/spicetify/Themes/Spicetify/.git/HEAD'
2024-11-27 00:21:04.676 [warning] [Git][getRemotes] Error: ENOENT: no such file or directory, open '/home/curator/.config/spicetify/Themes/Spicetify/.git/config'
2024-11-27 00:21:05.249 [info] > git check-ignore -v -z --stdin [1ms]
2024-11-27 00:23:30.432 [info] > git rev-parse --show-toplevel [2ms]
2024-11-27 00:23:30.440 [info] > git rev-parse --git-dir --git-common-dir [0ms]
2024-11-27 00:23:30.442 [info] [Model][openRepository] Opened repository: /home/curator/.config/spicetify/Themes/temp
2024-11-27 00:23:30.451 [info] > git config --get commit.template [2ms]
2024-11-27 00:23:30.460 [info] > git for-each-ref --format=%(refname)%00%(upstream:short)%00%(objectname)%00%(upstream:track)%00%(upstream:remotename)%00%(upstream:remoteref) refs/heads/main refs/remotes/main [2ms]
2024-11-27 00:23:30.469 [warning] [Git][revParse] Unable to read file: ENOENT: no such file or directory, open '/home/curator/.config/spicetify/Themes/temp/.git/refs/remotes/origin/main'
2024-11-27 00:23:30.470 [info] > git rev-parse refs/remotes/origin/main [1ms]
2024-11-27 00:23:30.481 [info] > git status -z -uall [6ms]
2024-11-27 00:23:30.482 [info] > git for-each-ref --sort -committerdate --format %(refname) %(objectname) %(*objectname) [1ms]
2024-11-27 00:23:30.499 [info] > git for-each-ref --format=%(refname)%00%(upstream:short)%00%(objectname)%00%(upstream:track)%00%(upstream:remotename)%00%(upstream:remoteref) refs/heads/main refs/remotes/main [6ms]
2024-11-27 00:23:30.507 [info] > git config --local branch.main.vscode-merge-base [2ms]
2024-11-27 00:23:30.512 [info] > git config --get commit.template [13ms]
2024-11-27 00:23:30.517 [info] > git for-each-ref --format=%(refname)%00%(upstream:short)%00%(objectname)%00%(upstream:track)%00%(upstream:remotename)%00%(upstream:remoteref) refs/heads/origin/main refs/remotes/origin/main [5ms]
2024-11-27 00:23:30.531 [info] > git merge-base refs/heads/main refs/remotes/origin/main [8ms]
2024-11-27 00:23:30.538 [info] > git for-each-ref --format=%(refname)%00%(upstream:short)%00%(objectname)%00%(upstream:track)%00%(upstream:remotename)%00%(upstream:remoteref) refs/heads/main refs/remotes/main [8ms]
2024-11-27 00:23:30.545 [warning] [Git][revParse] Unable to read file: ENOENT: no such file or directory, open '/home/curator/.config/spicetify/Themes/temp/.git/refs/remotes/origin/main'
2024-11-27 00:23:30.555 [info] > git diff --name-status -z --diff-filter=ADMR db9a174bfe30cd39370ae6a31d854e119617b4aa...refs/remotes/origin/main [18ms]
2024-11-27 00:23:30.555 [info] > git rev-parse refs/remotes/origin/main [10ms]
2024-11-27 00:23:30.570 [info] > git status -z -uall [7ms]
2024-11-27 00:23:30.572 [info] > git for-each-ref --sort -committerdate --format %(refname) %(objectname) %(*objectname) [2ms]
2024-11-27 00:23:31.034 [info] > git check-ignore -v -z --stdin [7ms]
2024-11-27 00:23:31.034 [info] > git check-ignore -v -z --stdin [2ms]
2024-11-27 00:23:36.733 [warning] [Model][getRepositoryExact] Failed to get repository realpath for: "/home/curator/.config/spicetify/Themes/Spicetify/". Error:Error: ENOENT: no such file or directory, realpath '/home/curator/.config/spicetify/Themes/Spicetify/'
2024-11-27 00:23:50.093 [warning] [Git][getHEAD] Failed to parse HEAD file: ENOENT: no such file or directory, open '/home/curator/.config/spicetify/Themes/temp/.git/HEAD'
2024-11-27 00:23:50.103 [warning] [Git][getRemotes] Error: ENOENT: no such file or directory, open '/home/curator/.config/spicetify/Themes/temp/.git/config'
2024-11-27 00:23:50.118 [warning] [Git][getHEAD] Failed to parse HEAD file: ENOENT: no such file or directory, open '/home/curator/.config/spicetify/Themes/temp/.git/HEAD'
2024-11-27 00:23:50.130 [warning] [Git][getRemotes] Error: ENOENT: no such file or directory, open '/home/curator/.config/spicetify/Themes/temp/.git/config'
2024-11-27 00:23:50.734 [info] > git check-ignore -v -z --stdin [1ms]
2024-11-27 00:24:48.594 [info] > git rev-parse --show-toplevel [2ms]
2024-11-27 00:24:48.594 [info] fatal: not a git repository (or any of the parent directories): .git
2024-11-27 00:24:52.451 [info] > git rev-parse --show-toplevel [2ms]
2024-11-27 00:24:52.451 [info] fatal: not a git repository (or any of the parent directories): .git
2024-11-27 00:24:52.933 [info] > git rev-parse --show-toplevel [3ms]
2024-11-27 00:24:52.933 [info] fatal: not a git repository (or any of the parent directories): .git
2024-11-27 00:24:53.926 [info] > git rev-parse --show-toplevel [7ms]
2024-11-27 00:24:53.927 [info] fatal: not a git repository (or any of the parent directories): .git
2024-11-27 00:24:54.455 [info] > git rev-parse --show-toplevel [2ms]
2024-11-27 00:24:54.455 [info] fatal: not a git repository (or any of the parent directories): .git
