2024-11-27 03:30:49.539 [info] Extension host with pid 2820 started
2024-11-27 03:30:49.539 [info] Skipping acquiring lock for /home/curator/.config/Code - OSS/User/workspaceStorage/6c6de9ac1463a9178e52ce12810883d4.
2024-11-27 03:30:49.610 [info] ExtensionService#_doActivateExtension vscode.emmet, startup: false, activationEvent: 'onLanguage'
2024-11-27 03:30:49.713 [info] ExtensionService#_doActivateExtension vscode.git-base, startup: true, activationEvent: '*', root cause: vscode.git
2024-11-27 03:30:49.764 [info] ExtensionService#_doActivateExtension vscode.git, startup: true, activationEvent: '*'
2024-11-27 03:30:49.834 [info] ExtensionService#_doActivateExtension vscode.github, startup: true, activationEvent: '*'
2024-11-27 03:30:49.899 [info] Eager extensions activated
2024-11-27 03:30:49.923 [info] ExtensionService#_doActivateExtension vscode.debug-auto-launch, startup: false, activationEvent: 'onStartupFinished'
2024-11-27 03:30:49.926 [info] ExtensionService#_doActivateExtension vscode.merge-conflict, startup: false, activationEvent: 'onStartupFinished'
2024-11-27 03:45:54.290 [info] ExtensionService#_doActivateExtension equinusocio.vsc-material-theme-icons, startup: false, activationEvent: 'onStartupFinished'
2024-11-27 03:45:58.445 [info] ExtensionService#_doActivateExtension vscode.configuration-editing, startup: false, activationEvent: 'onLanguage:jsonc'
2024-11-27 03:45:58.461 [info] ExtensionService#_doActivateExtension vscode.json-language-features, startup: false, activationEvent: 'onLanguage:jsonc'
2024-11-27 03:45:58.520 [info] ExtensionService#_doActivateExtension vscode.typescript-language-features, startup: false, activationEvent: 'onLanguage:jsonc'
2024-11-27 03:48:15.091 [info] ExtensionService#_doActivateExtension Catppuccin.catppuccin-vsc, startup: false, activationEvent: 'onStartupFinished'
2024-11-27 04:18:44.986 [warning] [Decorations] CAPPING events from decorations provider vscode.git 4127
2024-11-27 04:18:45.291 [warning] [Decorations] CAPPING events from decorations provider vscode.git 4127
2024-11-27 04:20:03.669 [warning] [Decorations] CAPPING events from decorations provider vscode.git 4127
2024-11-27 04:20:10.254 [warning] [Decorations] CAPPING events from decorations provider vscode.git 4127
2024-11-27 04:20:36.257 [warning] [Decorations] CAPPING events from decorations provider vscode.git 4127
2024-11-27 04:21:05.518 [warning] [Decorations] CAPPING events from decorations provider vscode.git 4127
2024-11-27 04:21:24.289 [warning] [Decorations] CAPPING events from decorations provider vscode.git 4127
2024-11-27 04:21:38.841 [warning] [Decorations] CAPPING events from decorations provider vscode.git 4127
2024-11-27 04:22:28.621 [warning] [Decorations] CAPPING events from decorations provider vscode.git 4127
2024-11-27 04:22:45.841 [warning] [Decorations] CAPPING events from decorations provider vscode.git 4132
2024-11-27 04:22:56.761 [warning] [Decorations] CAPPING events from decorations provider vscode.git 4129
2024-11-27 04:23:15.624 [warning] [Decorations] CAPPING events from decorations provider vscode.git 4129
2024-11-27 04:23:37.811 [warning] [Decorations] CAPPING events from decorations provider vscode.git 4129
2024-11-27 04:23:55.723 [warning] [Decorations] CAPPING events from decorations provider vscode.git 4129
2024-11-27 04:24:22.834 [warning] [Decorations] CAPPING events from decorations provider vscode.git 4129
2024-11-27 04:24:56.601 [warning] [Decorations] CAPPING events from decorations provider vscode.git 4129
2024-11-27 04:25:02.334 [warning] [Decorations] CAPPING events from decorations provider vscode.git 4129
2024-11-27 04:25:59.645 [warning] [Decorations] CAPPING events from decorations provider vscode.git 4129
2024-11-27 04:26:30.350 [warning] [Decorations] CAPPING events from decorations provider vscode.git 4129
2024-11-27 04:26:49.646 [warning] [Decorations] CAPPING events from decorations provider vscode.git 4129
2024-11-27 04:26:57.462 [warning] [Decorations] CAPPING events from decorations provider vscode.git 4129
2024-11-27 04:27:29.677 [warning] [Decorations] CAPPING events from decorations provider vscode.git 4129
2024-11-27 04:28:02.651 [warning] [Decorations] CAPPING events from decorations provider vscode.git 4129
2024-11-27 04:28:14.679 [warning] [Decorations] CAPPING events from decorations provider vscode.git 4129
2024-11-27 04:28:15.365 [info] ExtensionService#_doActivateExtension vscode.extension-editing, startup: false, activationEvent: 'onLanguage:markdown'
2024-11-27 04:28:15.378 [info] ExtensionService#_doActivateExtension vscode.markdown-language-features, startup: false, activationEvent: 'onLanguage:markdown'
2024-11-27 04:28:15.756 [info] ExtensionService#_doActivateExtension vscode.markdown-math, startup: false, activationEvent: 'api', root cause: vscode.markdown-language-features
2024-11-27 04:28:19.737 [warning] [Decorations] CAPPING events from decorations provider vscode.git 4129
2024-11-27 04:28:24.792 [warning] [Decorations] CAPPING events from decorations provider vscode.git 4130
2024-11-27 04:28:29.840 [warning] [Decorations] CAPPING events from decorations provider vscode.git 4130
2024-11-27 04:28:34.890 [warning] [Decorations] CAPPING events from decorations provider vscode.git 4130
2024-11-27 04:28:39.943 [warning] [Decorations] CAPPING events from decorations provider vscode.git 4130
2024-11-27 04:28:44.995 [warning] [Decorations] CAPPING events from decorations provider vscode.git 4130
2024-11-27 04:29:04.089 [warning] [Decorations] CAPPING events from decorations provider vscode.git 4132
2024-11-27 04:29:08.804 [info] Extension host terminating: renderer closed the MessagePort
2024-11-27 04:29:08.815 [error] Canceled: Canceled
	at new tT (file:///usr/lib/code/out/vs/workbench/api/node/extensionHostProcess.js:31:108738)
	at py.U (file:///usr/lib/code/out/vs/workbench/api/node/extensionHostProcess.js:31:113348)
	at s.<computed>.n.charCodeAt.s.<computed> (file:///usr/lib/code/out/vs/workbench/api/node/extensionHostProcess.js:31:110842)
	at Y0.g (file:///usr/lib/code/out/vs/workbench/api/node/extensionHostProcess.js:114:32313)
	at Y0.executeCommand (file:///usr/lib/code/out/vs/workbench/api/node/extensionHostProcess.js:114:31817)
	at r.registerCommand.description (file:///usr/lib/code/out/vs/workbench/api/node/extensionHostProcess.js:114:31147)
	at Y0.h (file:///usr/lib/code/out/vs/workbench/api/node/extensionHostProcess.js:114:32833)
	at Y0.g (file:///usr/lib/code/out/vs/workbench/api/node/extensionHostProcess.js:114:31910)
	at Y0.executeCommand (file:///usr/lib/code/out/vs/workbench/api/node/extensionHostProcess.js:114:31817)
	at Object.executeCommand (file:///usr/lib/code/out/vs/workbench/api/node/extensionHostProcess.js:156:37246)
	at mh.O [as value] (/usr/lib/code/extensions/git/dist/main.js:2:961845)
	at D.B (file:///usr/lib/code/out/vs/workbench/api/node/extensionHostProcess.js:29:746)
	at D.C (file:///usr/lib/code/out/vs/workbench/api/node/extensionHostProcess.js:29:816)
	at D.fire (file:///usr/lib/code/out/vs/workbench/api/node/extensionHostProcess.js:29:1033)
	at Object.p [as dispose] (/usr/lib/code/extensions/git/dist/main.js:2:983333)
	at /usr/lib/code/extensions/git/dist/main.js:2:989455
	at Array.forEach (<anonymous>)
	at b.dispose (/usr/lib/code/extensions/git/dist/main.js:2:989441)
	at V1.<anonymous> (file:///usr/lib/code/out/vs/workbench/api/node/extensionHostProcess.js:108:19994)
	at V1.dispose (file:///usr/lib/code/out/vs/workbench/api/node/extensionHostProcess.js:108:20090)
	at V1.<anonymous> (/usr/lib/code/extensions/git/dist/main.js:2:964255)
	at V1.dispose (file:///usr/lib/code/out/vs/workbench/api/node/extensionHostProcess.js:108:20090)
	at ci (file:///usr/lib/code/out/vs/workbench/api/node/extensionHostProcess.js:24:699)
	at file:///usr/lib/code/out/vs/workbench/api/node/extensionHostProcess.js:118:14992
	at file:///usr/lib/code/out/vs/workbench/api/node/extensionHostProcess.js:24:1009
	at Object.dispose (file:///usr/lib/code/out/vs/workbench/api/node/extensionHostProcess.js:7:2146)
	at z_.eb (file:///usr/lib/code/out/vs/workbench/api/node/extensionHostProcess.js:118:11919)
	at file:///usr/lib/code/out/vs/workbench/api/node/extensionHostProcess.js:118:9874
	at Array.map (<anonymous>)
	at z_.$ (file:///usr/lib/code/out/vs/workbench/api/node/extensionHostProcess.js:118:9862)
	at z_.terminate (file:///usr/lib/code/out/vs/workbench/api/node/extensionHostProcess.js:118:10105)
	at EC.terminate (file:///usr/lib/code/out/vs/workbench/api/node/extensionHostProcess.js:119:1424)
	at Zi (file:///usr/lib/code/out/vs/workbench/api/node/extensionHostProcess.js:174:15063)
	at MessagePortMain.<anonymous> (file:///usr/lib/code/out/vs/workbench/api/node/extensionHostProcess.js:174:11611)
	at MessagePortMain.emit (node:events:519:28)
	at MessagePortMain._internalPort.emit (node:electron/js2c/utility_init:2:2949) setContext undefined
2024-11-27 04:29:08.816 [error] Canceled: Canceled
	at new tT (file:///usr/lib/code/out/vs/workbench/api/node/extensionHostProcess.js:31:108738)
	at py.U (file:///usr/lib/code/out/vs/workbench/api/node/extensionHostProcess.js:31:113348)
	at s.<computed>.n.charCodeAt.s.<computed> (file:///usr/lib/code/out/vs/workbench/api/node/extensionHostProcess.js:31:110842)
	at Y0.g (file:///usr/lib/code/out/vs/workbench/api/node/extensionHostProcess.js:114:32313)
	at Y0.executeCommand (file:///usr/lib/code/out/vs/workbench/api/node/extensionHostProcess.js:114:31817)
	at r.registerCommand.description (file:///usr/lib/code/out/vs/workbench/api/node/extensionHostProcess.js:114:31147)
	at Y0.h (file:///usr/lib/code/out/vs/workbench/api/node/extensionHostProcess.js:114:32833)
	at Y0.g (file:///usr/lib/code/out/vs/workbench/api/node/extensionHostProcess.js:114:31910)
	at Y0.executeCommand (file:///usr/lib/code/out/vs/workbench/api/node/extensionHostProcess.js:114:31817)
	at Object.executeCommand (file:///usr/lib/code/out/vs/workbench/api/node/extensionHostProcess.js:156:37246)
	at set hasGitHubRepositories (/usr/lib/code/extensions/github/dist/extension.js:2:328633)
	at /usr/lib/code/extensions/github/dist/extension.js:2:329592
	at mh.value (/usr/lib/code/extensions/git/dist/main.js:2:1073936)
	at D.B (file:///usr/lib/code/out/vs/workbench/api/node/extensionHostProcess.js:29:746)
	at D.C (file:///usr/lib/code/out/vs/workbench/api/node/extensionHostProcess.js:29:816)
	at D.fire (file:///usr/lib/code/out/vs/workbench/api/node/extensionHostProcess.js:29:1033)
	at Object.p [as dispose] (/usr/lib/code/extensions/git/dist/main.js:2:983333)
	at /usr/lib/code/extensions/git/dist/main.js:2:989455
	at Array.forEach (<anonymous>)
	at b.dispose (/usr/lib/code/extensions/git/dist/main.js:2:989441)
	at V1.<anonymous> (file:///usr/lib/code/out/vs/workbench/api/node/extensionHostProcess.js:108:19994)
	at V1.dispose (file:///usr/lib/code/out/vs/workbench/api/node/extensionHostProcess.js:108:20090)
	at V1.<anonymous> (/usr/lib/code/extensions/git/dist/main.js:2:964255)
	at V1.dispose (file:///usr/lib/code/out/vs/workbench/api/node/extensionHostProcess.js:108:20090)
	at ci (file:///usr/lib/code/out/vs/workbench/api/node/extensionHostProcess.js:24:699)
	at file:///usr/lib/code/out/vs/workbench/api/node/extensionHostProcess.js:118:14992
	at file:///usr/lib/code/out/vs/workbench/api/node/extensionHostProcess.js:24:1009
	at Object.dispose (file:///usr/lib/code/out/vs/workbench/api/node/extensionHostProcess.js:7:2146)
	at z_.eb (file:///usr/lib/code/out/vs/workbench/api/node/extensionHostProcess.js:118:11919)
	at file:///usr/lib/code/out/vs/workbench/api/node/extensionHostProcess.js:118:9874
	at Array.map (<anonymous>)
	at z_.$ (file:///usr/lib/code/out/vs/workbench/api/node/extensionHostProcess.js:118:9862)
	at z_.terminate (file:///usr/lib/code/out/vs/workbench/api/node/extensionHostProcess.js:118:10105)
	at EC.terminate (file:///usr/lib/code/out/vs/workbench/api/node/extensionHostProcess.js:119:1424)
	at Zi (file:///usr/lib/code/out/vs/workbench/api/node/extensionHostProcess.js:174:15063)
	at MessagePortMain.<anonymous> (file:///usr/lib/code/out/vs/workbench/api/node/extensionHostProcess.js:174:11611)
	at MessagePortMain.emit (node:events:519:28)
	at MessagePortMain._internalPort.emit (node:electron/js2c/utility_init:2:2949) setContext undefined
2024-11-27 04:29:08.817 [info] Extension host with pid 2820 exiting with code 0
